#
# A fatal error has been detected by the Java Runtime Environment:
#
#  EXCEPTION_ACCESS_VIOLATION (0xc0000005) at pc=0x00007ffaf49fdedc, pid=7184, tid=3192
#
# JRE version: OpenJDK Runtime Environment (11.0.13) (build 11.0.13+0-b1751.21-8125866)
# Java VM: OpenJDK 64-Bit Server VM (11.0.13+0-b1751.21-8125866, mixed mode, tiered, compressed oops, g1 gc, windows-amd64)
# Problematic frame:
# V  [jvm.dll+0x30dedc]
#
# No core dump will be written. Minidumps are not enabled by default on client versions of Windows
#
# If you would like to submit a bug report, please visit:
#   https://bugreport.java.com/bugreport/crash.jsp
#

---------------  S U M M A R Y ------------

Command Line: --add-opens=java.base/java.util=ALL-UNNAMED --add-opens=java.base/java.lang=ALL-UNNAMED --add-opens=java.base/java.lang.invoke=ALL-UNNAMED --add-opens=java.base/java.util=ALL-UNNAMED --add-opens=java.prefs/java.util.prefs=ALL-UNNAMED --add-opens=java.prefs/java.util.prefs=ALL-UNNAMED --add-opens=java.base/java.nio.charset=ALL-UNNAMED --add-opens=java.base/java.net=ALL-UNNAMED --add-opens=java.base/java.util.concurrent.atomic=ALL-UNNAMED -Xmx1536M -Dfile.encoding=windows-1252 -Duser.country=US -Duser.language=en -Duser.variant org.gradle.launcher.daemon.bootstrap.GradleDaemon 7.4

Host: Intel(R) Core(TM) i5-3437U CPU @ 1.90GHz, 4 cores, 3G,  Windows 10 , 64 bit Build 19041 (10.0.19041.2364)
Time: Sun Jan 15 23:36:50 2023 Pakistan Standard Time elapsed time: 1903.004669 seconds (0d 0h 31m 43s)

---------------  T H R E A D  ---------------

Current thread (0x0000020dce2f2800):  GCTaskThread "GC Thread#0" [stack: 0x0000001b4de00000,0x0000001b4df00000] [id=3192]

Stack: [0x0000001b4de00000,0x0000001b4df00000],  sp=0x0000001b4deff0c8,  free space=1020k
Native frames: (J=compiled Java code, j=interpreted, Vv=VM code, C=native code)
V  [jvm.dll+0x30dedc]


siginfo: EXCEPTION_ACCESS_VIOLATION (0xc0000005), reading address 0x00000000000000f8


Register to memory mapping:

RIP=0x00007ffaf49fdedc jvm.dll
RAX=0x0 is NULL
RBX=0x00000000a29c3d28 is an oop: java.lang.Class$AnnotationData 
{0x00000000a29c3d28} - klass: 'java/lang/Class$AnnotationData'
RCX=0x0000020dce2ff380 points into unknown readable memory: 0x0000000000000000 | 00 00 00 00 00 00 00 00
RDX=0x0 is NULL
RSP=0x0000001b4deff0c8 points into unknown readable memory: 0x00007ffaf4a0446d | 6d 44 a0 f4 fa 7f 00 00
RBP=0x0000001b4deff318 points into unknown readable memory: 0x00007ffaf4f3e1a0 | a0 e1 f3 f4 fa 7f 00 00
RSI=0x0000001b4deff318 points into unknown readable memory: 0x00007ffaf4f3e1a0 | a0 e1 f3 f4 fa 7f 00 00
RDI=0x00000000a29c3d44 is pointing into object: [Ljava.lang.Class; 
{0x00000000a29c3d10} - klass: 'java/lang/Class'[]
 - length: 9
R8 =0x000000000000002d is an unknown value
R9 =0x0000020dce2e7bd0 points into unknown readable memory: 0x00007ffaf4f37810 | 10 78 f3 f4 fa 7f 00 00
R10=0x0000001b4deff318 points into unknown readable memory: 0x00007ffaf4f3e1a0 | a0 e1 f3 f4 fa 7f 00 00
R11=0x00000000a29c3d28 is an oop: java.lang.Class$AnnotationData 
{0x00000000a29c3d28} - klass: 'java/lang/Class$AnnotationData'
R12=0x0000001b4deff190 points into unknown readable memory: 0x00000000a29c3c00 | 00 3c 9c a2 00 00 00 00
R13=0x0000020dce313858 points into unknown readable memory: 0x00000000a0000000 | 00 00 00 a0 00 00 00 00
R14=0x0000020dce34bd90 points into unknown readable memory: 0x00007ffaf4f451a0 | a0 51 f4 f4 fa 7f 00 00
R15=0x00000000a29c3c00 is an oop: [I 
{0x00000000a29c3c00} - klass: {type array int}
 - length: 0


Registers:
RAX=0x0000000000000000, RBX=0x00000000a29c3d28, RCX=0x0000020dce2ff380, RDX=0x0000000000000000
RSP=0x0000001b4deff0c8, RBP=0x0000001b4deff318, RSI=0x0000001b4deff318, RDI=0x00000000a29c3d44
R8 =0x000000000000002d, R9 =0x0000020dce2e7bd0, R10=0x0000001b4deff318, R11=0x00000000a29c3d28
R12=0x0000001b4deff190, R13=0x0000020dce313858, R14=0x0000020dce34bd90, R15=0x00000000a29c3c00
RIP=0x00007ffaf49fdedc, EFLAGS=0x0000000000010213

Top of Stack: (sp=0x0000001b4deff0c8)
0x0000001b4deff0c8:   00007ffaf4a0446d 0000001b4deff318
0x0000001b4deff0d8:   0000000100005a28 00000000a29c3c00
0x0000001b4deff0e8:   0000020dce34bd90 00000000a29c3d48
0x0000001b4deff0f8:   00007ffaf4a0685c 00000000a29c3d10
0x0000001b4deff108:   00000000a29c3e00 0000001b4deff318
0x0000001b4deff118:   00000000a29c3e00 00000015f44088d0
0x0000001b4deff128:   0000000000000001 00000000a29c9200
0x0000001b4deff138:   0000000000000040 0000000000000029
0x0000001b4deff148:   0000001b4deff318 0000000000000001
0x0000001b4deff158:   0000001b4deff201 00000000a29c3c00
0x0000001b4deff168:   00007ffaf4a08180 0000000000000007
0x0000001b4deff178:   0000000000000100 0000020dce1f3990
0x0000001b4deff188:   0000000000000001 00000000a29c3c00
0x0000001b4deff198:   0000000000000040 0000001b4deff2f0
0x0000001b4deff1a8:   0000020df3871888 0000001b4deff2f0
0x0000001b4deff1b8:   00007ffaf4a06e86 0000001b4deff201 

Instructions: (pc=0x00007ffaf49fdedc)
0x00007ffaf49fdddc:   00 49 8b 82 e0 06 00 00 48 d3 ea 0f b6 04 02 84
0x00007ffaf49fddec:   c0 7e 0b 49 8b d1 49 8b cb e9 06 0f fd ff 8b 0d
0x00007ffaf49fddfc:   90 ab 71 00 49 8b d0 49 33 d1 48 d3 ea 48 85 d2
0x00007ffaf49fde0c:   74 2a 3c ff 75 26 4d 2b 42 10 49 8b 82 88 04 00
0x00007ffaf49fde1c:   00 49 d3 e8 41 8b c8 80 3c 08 00 74 0f c6 04 08
0x00007ffaf49fde2c:   00 49 8b 82 d0 06 00 00 c6 04 01 00 c3 cc cc cc
0x00007ffaf49fde3c:   cc cc cc cc 8b 02 4c 8b da 4c 8b d1 85 c0 0f 84
0x00007ffaf49fde4c:   af 00 00 00 8b 0d b2 0f 6d 00 44 8b c0 4d 8b 4a
0x00007ffaf49fde5c:   10 49 d3 e0 4c 03 05 99 0f 6d 00 49 8b d0 41 8b
0x00007ffaf49fde6c:   89 f0 06 00 00 49 8b 81 e0 06 00 00 48 d3 ea 0f
0x00007ffaf49fde7c:   b6 04 02 84 c0 7e 0b 49 8b d3 49 8b ca e9 72 0e
0x00007ffaf49fde8c:   fd ff 41 8b 89 c0 02 00 00 49 8b d0 48 d3 ea 49
0x00007ffaf49fde9c:   8b 89 b0 02 00 00 48 8b 14 d1 49 39 52 20 74 53
0x00007ffaf49fdeac:   3c ff 75 2c 4d 2b 41 10 8b 0d d6 aa 71 00 49 8b
0x00007ffaf49fdebc:   81 88 04 00 00 49 d3 e8 41 8b c8 80 3c 08 00 74
0x00007ffaf49fdecc:   0f c6 04 08 00 49 8b 81 d0 06 00 00 c6 04 01 00
0x00007ffaf49fdedc:   48 8b 8a f8 00 00 00 83 b9 18 01 00 00 00 74 13
0x00007ffaf49fdeec:   45 8b 42 28 48 81 c1 90 00 00 00 49 8b d3 e9 b1
0x00007ffaf49fdefc:   a5 04 00 c3 40 57 48 83 ec 20 48 8b fa 48 8b d1
0x00007ffaf49fdf0c:   4c 8b 0f 4d 85 c9 74 6b 4c 8b 51 10 4d 8b c1 41
0x00007ffaf49fdf1c:   8b 8a f0 06 00 00 49 8b 82 e0 06 00 00 49 d3 e8
0x00007ffaf49fdf2c:   41 0f b6 04 00 84 c0 7e 50 48 8b 42 18 48 8b d7
0x00007ffaf49fdf3c:   48 89 5c 24 30 48 8b 58 10 48 8b cb e8 a3 89 fd
0x00007ffaf49fdf4c:   ff 84 c0 75 29 48 81 c3 90 00 00 00 48 8b 43 08
0x00007ffaf49fdf5c:   48 39 43 20 75 08 48 8b cb e8 56 dc f2 ff 48 8b
0x00007ffaf49fdf6c:   4b 20 48 8b 43 38 48 89 3c c8 48 ff 43 20 48 8b
0x00007ffaf49fdf7c:   5c 24 30 48 83 c4 20 5f c3 8b 0d 05 aa 71 00 49
0x00007ffaf49fdf8c:   8b d1 48 33 d7 48 d3 ea 48 85 d2 74 e6 3c ff 75
0x00007ffaf49fdf9c:   e2 4d 2b 4a 10 49 8b 82 88 04 00 00 49 d3 e9 41
0x00007ffaf49fdfac:   8b c9 80 3c 08 00 74 cb c6 04 08 00 49 8b 82 d0
0x00007ffaf49fdfbc:   06 00 00 c6 04 01 00 48 83 c4 20 5f c3 cc cc cc
0x00007ffaf49fdfcc:   cc cc cc cc 40 57 48 83 ec 20 4c 8b 12 48 8b fa 


Stack slot to memory mapping:
stack at sp + 0 slots: 0x00007ffaf4a0446d jvm.dll
stack at sp + 1 slots: 0x0000001b4deff318 points into unknown readable memory: 0x00007ffaf4f3e1a0 | a0 e1 f3 f4 fa 7f 00 00
stack at sp + 2 slots: 0x0000000100005a28 is a pointer to class: 
java.lang.ref.SoftReference {0x0000000100005a30}
stack at sp + 3 slots: 0x00000000a29c3c00 is an oop: [I 
{0x00000000a29c3c00} - klass: {type array int}
 - length: 0
stack at sp + 4 slots: 0x0000020dce34bd90 points into unknown readable memory: 0x00007ffaf4f451a0 | a0 51 f4 f4 fa 7f 00 00
stack at sp + 5 slots: 0x00000000a29c3d48 points into unknown readable memory: 0x0000000220002672 | 72 26 00 20 02 00 00 00
stack at sp + 6 slots: 0x00007ffaf4a0685c jvm.dll
stack at sp + 7 slots: 0x00000000a29c3d10 is an oop: [Ljava.lang.Class; 
{0x00000000a29c3d10} - klass: 'java/lang/Class'[]
 - length: 9


---------------  P R O C E S S  ---------------

Threads class SMR info:
_java_thread_list=0x0000020dea7d2ee0, length=81, elements={
0x0000020dce2da800, 0x0000020de9313800, 0x0000020de9317000, 0x0000020de9379000,
0x0000020de937a000, 0x0000020de937b000, 0x0000020de937e000, 0x0000020de9384800,
0x0000020de9398000, 0x0000020de95e3000, 0x0000020dea749800, 0x0000020deb9bc800,
0x0000020dea191800, 0x0000020dea43d000, 0x0000020dea438800, 0x0000020dea43c800,
0x0000020dea437800, 0x0000020dea439000, 0x0000020dea43a000, 0x0000020dea43a800,
0x0000020dea43b800, 0x0000020debc79000, 0x0000020debc79800, 0x0000020debc74000,
0x0000020dea167800, 0x0000020dea162800, 0x0000020dea163800, 0x0000020dea162000,
0x0000020dea164800, 0x0000020dea15e800, 0x0000020dea161000, 0x0000020dea165000,
0x0000020dea15f800, 0x0000020dea166000, 0x0000020dea160000, 0x0000020dea166800,
0x0000020dea16d800, 0x0000020dea16b800, 0x0000020dea168800, 0x0000020dea16a000,
0x0000020dea169000, 0x0000020dea16b000, 0x0000020dea16c800, 0x0000020df702a000,
0x0000020df702a800, 0x0000020df7028800, 0x0000020df702e000, 0x0000020df702f000,
0x0000020df702f800, 0x0000020df7030800, 0x0000020df702d000, 0x0000020df7031800,
0x0000020df702c800, 0x0000020df702b800, 0x0000020df7032000, 0x0000020df7036000,
0x0000020df7033800, 0x0000020df7035800, 0x0000020df7037000, 0x0000020df7033000,
0x0000020df7034800, 0x0000020debc77800, 0x0000020debc78000, 0x0000020debc73000,
0x0000020debc75800, 0x0000020debc76800, 0x0000020debc7f800, 0x0000020debc7c000,
0x0000020debc80800, 0x0000020debc7e000, 0x0000020debc7d000, 0x0000020debc7e800,
0x0000020debc7a800, 0x0000020debc82000, 0x0000020debc81000, 0x0000020dea436800,
0x0000020deb95c000, 0x0000020deb95c800, 0x0000020deb958800, 0x0000020deb958000,
0x0000020deb957000
}

Java Threads: ( => current thread )
  0x0000020dce2da800 JavaThread "main" [_thread_blocked, id=10936, stack(0x0000001b4dd00000,0x0000001b4de00000)]
  0x0000020de9313800 JavaThread "Reference Handler" daemon [_thread_blocked, id=9812, stack(0x0000001b4e400000,0x0000001b4e500000)]
  0x0000020de9317000 JavaThread "Finalizer" daemon [_thread_blocked, id=10460, stack(0x0000001b4e500000,0x0000001b4e600000)]
  0x0000020de9379000 JavaThread "Signal Dispatcher" daemon [_thread_blocked, id=9668, stack(0x0000001b4e600000,0x0000001b4e700000)]
  0x0000020de937a000 JavaThread "Attach Listener" daemon [_thread_blocked, id=11408, stack(0x0000001b4e700000,0x0000001b4e800000)]
  0x0000020de937b000 JavaThread "Service Thread" daemon [_thread_blocked, id=8084, stack(0x0000001b4e800000,0x0000001b4e900000)]
  0x0000020de937e000 JavaThread "C2 CompilerThread0" daemon [_thread_blocked, id=7080, stack(0x0000001b4e900000,0x0000001b4ea00000)]
  0x0000020de9384800 JavaThread "C1 CompilerThread0" daemon [_thread_blocked, id=6276, stack(0x0000001b4ea00000,0x0000001b4eb00000)]
  0x0000020de9398000 JavaThread "Sweeper thread" daemon [_thread_blocked, id=3188, stack(0x0000001b4eb00000,0x0000001b4ec00000)]
  0x0000020de95e3000 JavaThread "Common-Cleaner" daemon [_thread_blocked, id=1700, stack(0x0000001b4ec00000,0x0000001b4ed00000)]
  0x0000020dea749800 JavaThread "Daemon health stats" [_thread_blocked, id=11684, stack(0x0000001b4f000000,0x0000001b4f100000)]
  0x0000020deb9bc800 JavaThread "Incoming local TCP Connector on port 64778" [_thread_in_native, id=8672, stack(0x0000001b4f100000,0x0000001b4f200000)]
  0x0000020dea191800 JavaThread "Daemon periodic checks" [_thread_blocked, id=7460, stack(0x0000001b4f200000,0x0000001b4f300000)]
  0x0000020dea43d000 JavaThread "Cache worker for journal cache (C:\Users\Wc\.gradle\caches\journal-1)" [_thread_blocked, id=11384, stack(0x0000001b4fc00000,0x0000001b4fd00000)]
  0x0000020dea438800 JavaThread "File lock request listener" [_thread_in_native, id=2056, stack(0x0000001b4fd00000,0x0000001b4fe00000)]
  0x0000020dea43c800 JavaThread "Cache worker for file hash cache (C:\Users\Wc\.gradle\caches\7.4\fileHashes)" [_thread_blocked, id=13168, stack(0x0000001b4fe00000,0x0000001b4ff00000)]
  0x0000020dea437800 JavaThread "File watcher server" daemon [_thread_in_native, id=10876, stack(0x0000001b4ff00000,0x0000001b50000000)]
  0x0000020dea439000 JavaThread "File watcher consumer" daemon [_thread_blocked, id=12452, stack(0x0000001b50000000,0x0000001b50100000)]
  0x0000020dea43a000 JavaThread "jar transforms" [_thread_blocked, id=548, stack(0x0000001b50100000,0x0000001b50200000)]
  0x0000020dea43a800 JavaThread "jar transforms Thread 2" [_thread_blocked, id=11304, stack(0x0000001b50200000,0x0000001b50300000)]
  0x0000020dea43b800 JavaThread "jar transforms Thread 3" [_thread_blocked, id=11976, stack(0x0000001b50300000,0x0000001b50400000)]
  0x0000020debc79000 JavaThread "jar transforms Thread 4" [_thread_blocked, id=12488, stack(0x0000001b50400000,0x0000001b50500000)]
  0x0000020debc79800 JavaThread "Cache worker for execution history cache (C:\Users\Wc\.gradle\caches\7.4\executionHistory)" [_thread_blocked, id=5228, stack(0x0000001b50900000,0x0000001b50a00000)]
  0x0000020debc74000 JavaThread "Cache worker for file content cache (C:\Users\Wc\.gradle\caches\7.4\fileContent)" [_thread_blocked, id=11500, stack(0x0000001b50a00000,0x0000001b50b00000)]
  0x0000020dea167800 JavaThread "Memory manager" [_thread_blocked, id=7316, stack(0x0000001b53500000,0x0000001b53600000)]
  0x0000020dea162800 JavaThread "Daemon Thread 3" [_thread_blocked, id=12936, stack(0x0000001b4dc00000,0x0000001b4dd00000)]
  0x0000020dea163800 JavaThread "Handler for socket connection from /127.0.0.1:64778 to /127.0.0.1:50857" [_thread_in_native, id=6552, stack(0x0000001b4ee00000,0x0000001b4ef00000)]
  0x0000020dea162000 JavaThread "Cancel handler" [_thread_blocked, id=8168, stack(0x0000001b4f300000,0x0000001b4f400000)]
  0x0000020dea164800 JavaThread "Daemon worker Thread 3" [_thread_blocked, id=14108, stack(0x0000001b4f400000,0x0000001b4f500000)]
  0x0000020dea15e800 JavaThread "Asynchronous log dispatcher for DefaultDaemonConnection: socket connection from /127.0.0.1:64778 to /127.0.0.1:50857" [_thread_blocked, id=6252, stack(0x0000001b4f500000,0x0000001b4f600000)]
  0x0000020dea161000 JavaThread "Stdin handler" [_thread_blocked, id=13408, stack(0x0000001b4f600000,0x0000001b4f700000)]
  0x0000020dea165000 JavaThread "Daemon client event forwarder" [_thread_blocked, id=13868, stack(0x0000001b4f700000,0x0000001b4f800000)]
  0x0000020dea15f800 JavaThread "Cache worker for checksums cache (C:\Users\Wc\Documents\GitHub\Mobile-App-SP19-BCS-078\final_task_078\android\.gradle\7.4\checksums)" [_thread_blocked, id=8828, stack(0x0000001b4f800000,0x0000001b4f900000)]
  0x0000020dea166000 JavaThread "Cache worker for cache directory md-rule (C:\Users\Wc\.gradle\caches\7.4\md-rule)" [_thread_blocked, id=12536, stack(0x0000001b4f900000,0x0000001b4fa00000)]
  0x0000020dea160000 JavaThread "Cache worker for file hash cache (C:\Users\Wc\Documents\GitHub\Mobile-App-SP19-BCS-078\final_task_078\android\.gradle\7.4\fileHashes)" [_thread_blocked, id=9892, stack(0x0000001b50500000,0x0000001b50600000)]
  0x0000020dea166800 JavaThread "Cache worker for cache directory md-supplier (C:\Users\Wc\.gradle\caches\7.4\md-supplier)" [_thread_blocked, id=9716, stack(0x0000001b50600000,0x0000001b50700000)]
  0x0000020dea16d800 JavaThread "Cache worker for dependencies-accessors (C:\Users\Wc\Documents\GitHub\Mobile-App-SP19-BCS-078\final_task_078\android\.gradle\7.4\dependencies-accessors)" [_thread_blocked, id=12908, stack(0x0000001b50700000,0x0000001b50800000)]
  0x0000020dea16b800 JavaThread "Cache worker for Build Output Cleanup Cache (C:\Users\Wc\Documents\GitHub\Mobile-App-SP19-BCS-078\final_task_078\android\.gradle\buildOutputCleanup)" [_thread_blocked, id=14300, stack(0x0000001b50800000,0x0000001b50900000)]
  0x0000020dea168800 JavaThread "Unconstrained build operations" [_thread_blocked, id=8600, stack(0x0000001b50b00000,0x0000001b50c00000)]
  0x0000020dea16a000 JavaThread "Unconstrained build operations Thread 2" [_thread_blocked, id=3648, stack(0x0000001b50c00000,0x0000001b50d00000)]
  0x0000020dea169000 JavaThread "Unconstrained build operations Thread 3" [_thread_blocked, id=1388, stack(0x0000001b50d00000,0x0000001b50e00000)]
  0x0000020dea16b000 JavaThread "Unconstrained build operations Thread 4" [_thread_blocked, id=5944, stack(0x0000001b50e00000,0x0000001b50f00000)]
  0x0000020dea16c800 JavaThread "Unconstrained build operations Thread 5" [_thread_blocked, id=6780, stack(0x0000001b50f00000,0x0000001b51000000)]
  0x0000020df702a000 JavaThread "Unconstrained build operations Thread 6" [_thread_blocked, id=7036, stack(0x0000001b51000000,0x0000001b51100000)]
  0x0000020df702a800 JavaThread "Unconstrained build operations Thread 7" [_thread_blocked, id=2324, stack(0x0000001b51100000,0x0000001b51200000)]
  0x0000020df7028800 JavaThread "Unconstrained build operations Thread 8" [_thread_blocked, id=14248, stack(0x0000001b51200000,0x0000001b51300000)]
  0x0000020df702e000 JavaThread "Unconstrained build operations Thread 9" [_thread_blocked, id=8572, stack(0x0000001b51300000,0x0000001b51400000)]
  0x0000020df702f000 JavaThread "Unconstrained build operations Thread 10" [_thread_blocked, id=11980, stack(0x0000001b51400000,0x0000001b51500000)]
  0x0000020df702f800 JavaThread "Unconstrained build operations Thread 11" [_thread_blocked, id=14124, stack(0x0000001b51500000,0x0000001b51600000)]
  0x0000020df7030800 JavaThread "Unconstrained build operations Thread 12" [_thread_blocked, id=3872, stack(0x0000001b51600000,0x0000001b51700000)]
  0x0000020df702d000 JavaThread "Unconstrained build operations Thread 13" [_thread_blocked, id=9328, stack(0x0000001b51700000,0x0000001b51800000)]
  0x0000020df7031800 JavaThread "Unconstrained build operations Thread 14" [_thread_blocked, id=13428, stack(0x0000001b51800000,0x0000001b51900000)]
  0x0000020df702c800 JavaThread "Unconstrained build operations Thread 15" [_thread_blocked, id=12492, stack(0x0000001b51900000,0x0000001b51a00000)]
  0x0000020df702b800 JavaThread "Unconstrained build operations Thread 16" [_thread_blocked, id=1120, stack(0x0000001b51a00000,0x0000001b51b00000)]
  0x0000020df7032000 JavaThread "Unconstrained build operations Thread 17" [_thread_blocked, id=8228, stack(0x0000001b51b00000,0x0000001b51c00000)]
  0x0000020df7036000 JavaThread "Unconstrained build operations Thread 18" [_thread_blocked, id=11880, stack(0x0000001b51c00000,0x0000001b51d00000)]
  0x0000020df7033800 JavaThread "Unconstrained build operations Thread 19" [_thread_blocked, id=13972, stack(0x0000001b51d00000,0x0000001b51e00000)]
  0x0000020df7035800 JavaThread "Unconstrained build operations Thread 20" [_thread_blocked, id=12140, stack(0x0000001b51e00000,0x0000001b51f00000)]
  0x0000020df7037000 JavaThread "Unconstrained build operations Thread 21" [_thread_blocked, id=9532, stack(0x0000001b51f00000,0x0000001b52000000)]
  0x0000020df7033000 JavaThread "Unconstrained build operations Thread 22" [_thread_blocked, id=14152, stack(0x0000001b52000000,0x0000001b52100000)]
  0x0000020df7034800 JavaThread "Unconstrained build operations Thread 23" [_thread_blocked, id=5244, stack(0x0000001b52100000,0x0000001b52200000)]
  0x0000020debc77800 JavaThread "Unconstrained build operations Thread 24" [_thread_blocked, id=2676, stack(0x0000001b52200000,0x0000001b52300000)]
  0x0000020debc78000 JavaThread "Unconstrained build operations Thread 25" [_thread_blocked, id=3780, stack(0x0000001b52300000,0x0000001b52400000)]
  0x0000020debc73000 JavaThread "Unconstrained build operations Thread 26" [_thread_blocked, id=9300, stack(0x0000001b52400000,0x0000001b52500000)]
  0x0000020debc75800 JavaThread "Unconstrained build operations Thread 27" [_thread_blocked, id=12772, stack(0x0000001b52500000,0x0000001b52600000)]
  0x0000020debc76800 JavaThread "Unconstrained build operations Thread 28" [_thread_blocked, id=12528, stack(0x0000001b52600000,0x0000001b52700000)]
  0x0000020debc7f800 JavaThread "Unconstrained build operations Thread 29" [_thread_blocked, id=5728, stack(0x0000001b52700000,0x0000001b52800000)]
  0x0000020debc7c000 JavaThread "Unconstrained build operations Thread 30" [_thread_blocked, id=2296, stack(0x0000001b52800000,0x0000001b52900000)]
  0x0000020debc80800 JavaThread "Unconstrained build operations Thread 31" [_thread_blocked, id=11300, stack(0x0000001b52900000,0x0000001b52a00000)]
  0x0000020debc7e000 JavaThread "Unconstrained build operations Thread 32" [_thread_blocked, id=6508, stack(0x0000001b52a00000,0x0000001b52b00000)]
  0x0000020debc7d000 JavaThread "Unconstrained build operations Thread 33" [_thread_blocked, id=13740, stack(0x0000001b52b00000,0x0000001b52c00000)]
  0x0000020debc7e800 JavaThread "Unconstrained build operations Thread 34" [_thread_blocked, id=12640, stack(0x0000001b52c00000,0x0000001b52d00000)]
  0x0000020debc7a800 JavaThread "Unconstrained build operations Thread 35" [_thread_blocked, id=7848, stack(0x0000001b52d00000,0x0000001b52e00000)]
  0x0000020debc82000 JavaThread "Unconstrained build operations Thread 36" [_thread_blocked, id=1476, stack(0x0000001b52e00000,0x0000001b52f00000)]
  0x0000020debc81000 JavaThread "Unconstrained build operations Thread 37" [_thread_blocked, id=2956, stack(0x0000001b52f00000,0x0000001b53000000)]
  0x0000020dea436800 JavaThread "Unconstrained build operations Thread 38" [_thread_blocked, id=10276, stack(0x0000001b53000000,0x0000001b53100000)]
  0x0000020deb95c000 JavaThread "Unconstrained build operations Thread 39" [_thread_blocked, id=2500, stack(0x0000001b53100000,0x0000001b53200000)]
  0x0000020deb95c800 JavaThread "Unconstrained build operations Thread 40" [_thread_blocked, id=10504, stack(0x0000001b53200000,0x0000001b53300000)]
  0x0000020deb958800 JavaThread "build event listener" [_thread_blocked, id=11416, stack(0x0000001b53300000,0x0000001b53400000)]
  0x0000020deb958000 JavaThread "included builds" [_thread_blocked, id=5292, stack(0x0000001b53400000,0x0000001b53500000)]
  0x0000020deb957000 JavaThread "Cache worker for execution history cache (C:\Users\Wc\Documents\GitHub\Mobile-App-SP19-BCS-078\final_task_078\android\.gradle\7.4\executionHistory)" [_thread_blocked, id=13156, stack(0x0000001b53900000,0x0000001b53a00000)]

Other Threads:
  0x0000020de92ee000 VMThread "VM Thread" [stack: 0x0000001b4e300000,0x0000001b4e400000] [id=11324]
  0x0000020de9637000 WatcherThread [stack: 0x0000001b4ed00000,0x0000001b4ee00000] [id=10264]
=>0x0000020dce2f2800 GCTaskThread "GC Thread#0" [stack: 0x0000001b4de00000,0x0000001b4df00000] [id=3192]
  0x0000020de984c000 GCTaskThread "GC Thread#1" [stack: 0x0000001b4ef00000,0x0000001b4f000000] [id=7944]
  0x0000020dea4b8000 GCTaskThread "GC Thread#2" [stack: 0x0000001b4fa00000,0x0000001b4fb00000] [id=13076]
  0x0000020dea454800 GCTaskThread "GC Thread#3" [stack: 0x0000001b4fb00000,0x0000001b4fc00000] [id=12712]
  0x0000020dce31a800 ConcurrentGCThread "G1 Main Marker" [stack: 0x0000001b4df00000,0x0000001b4e000000] [id=1296]
  0x0000020dce31d800 ConcurrentGCThread "G1 Conc#0" [stack: 0x0000001b4e000000,0x0000001b4e100000] [id=10508]
  0x0000020dce377000 ConcurrentGCThread "G1 Refine#0" [stack: 0x0000001b4e100000,0x0000001b4e200000] [id=13152]
  0x0000020dce378000 ConcurrentGCThread "G1 Young RemSet Sampling" [stack: 0x0000001b4e200000,0x0000001b4e300000] [id=9016]

Threads with active compile tasks:
C2 CompilerThread01903076 24241   !   4       jdk.internal.reflect.GeneratedConstructorAccessor117::newInstance (69 bytes)

VM state:at safepoint (normal execution)

VM Mutex/Monitor currently owned by a thread:  ([mutex/lock_event])
[0x0000020dce2d7c10] Threads_lock - owner thread: 0x0000020de92ee000
[0x0000020dce2d8480] Heap_lock - owner thread: 0x0000020dea164800

Heap address: 0x00000000a0000000, size: 1536 MB, Compressed Oops mode: 32-bit
Narrow klass base: 0x0000000000000000, Narrow klass shift: 3
Compressed class space size: 1073741824 Address: 0x0000000100000000

Heap:
 garbage-first heap   total 316416K, used 294056K [0x00000000a0000000, 0x0000000100000000)
  region size 1024K, 15 young (15360K), 2 survivors (2048K)
 Metaspace       used 145258K, capacity 150750K, committed 151040K, reserved 1179648K
  class space    used 18068K, capacity 19900K, committed 19968K, reserved 1048576K
Heap Regions: E=young(eden), S=young(survivor), O=old, HS=humongous(starts), HC=humongous(continues), CS=collection set, F=free, A=archive, TAMS=top-at-mark-start (previous, next)
|   0|0x00000000a0000000, 0x00000000a0100000, 0x00000000a0100000|100%|HS|  |TAMS 0x00000000a0100000, 0x00000000a0100000| Complete 
|   1|0x00000000a0100000, 0x00000000a0200000, 0x00000000a0200000|100%|HC|  |TAMS 0x00000000a0200000, 0x00000000a0200000| Complete 
|   2|0x00000000a0200000, 0x00000000a0300000, 0x00000000a0300000|100%|HC|  |TAMS 0x00000000a0300000, 0x00000000a0300000| Complete 
|   3|0x00000000a0300000, 0x00000000a0400000, 0x00000000a0400000|100%| O|  |TAMS 0x00000000a0400000, 0x00000000a0400000| Untracked 
|   4|0x00000000a0400000, 0x00000000a0500000, 0x00000000a0500000|100%| O|  |TAMS 0x00000000a0500000, 0x00000000a0500000| Untracked 
|   5|0x00000000a0500000, 0x00000000a0600000, 0x00000000a0600000|100%| O|  |TAMS 0x00000000a0600000, 0x00000000a0600000| Untracked 
|   6|0x00000000a0600000, 0x00000000a0700000, 0x00000000a0700000|100%| O|  |TAMS 0x00000000a0700000, 0x00000000a0700000| Untracked 
|   7|0x00000000a0700000, 0x00000000a0800000, 0x00000000a0800000|100%| O|  |TAMS 0x00000000a0800000, 0x00000000a0800000| Untracked 
|   8|0x00000000a0800000, 0x00000000a0900000, 0x00000000a0900000|100%| O|  |TAMS 0x00000000a0900000, 0x00000000a0900000| Untracked 
|   9|0x00000000a0900000, 0x00000000a0a00000, 0x00000000a0a00000|100%| O|  |TAMS 0x00000000a0a00000, 0x00000000a0a00000| Untracked 
|  10|0x00000000a0a00000, 0x00000000a0b00000, 0x00000000a0b00000|100%| O|  |TAMS 0x00000000a0b00000, 0x00000000a0b00000| Untracked 
|  11|0x00000000a0b00000, 0x00000000a0c00000, 0x00000000a0c00000|100%| O|  |TAMS 0x00000000a0c00000, 0x00000000a0c00000| Untracked 
|  12|0x00000000a0c00000, 0x00000000a0d00000, 0x00000000a0d00000|100%| O|  |TAMS 0x00000000a0d00000, 0x00000000a0d00000| Untracked 
|  13|0x00000000a0d00000, 0x00000000a0e00000, 0x00000000a0e00000|100%| O|  |TAMS 0x00000000a0e00000, 0x00000000a0e00000| Untracked 
|  14|0x00000000a0e00000, 0x00000000a0f00000, 0x00000000a0f00000|100%| O|  |TAMS 0x00000000a0f00000, 0x00000000a0f00000| Untracked 
|  15|0x00000000a0f00000, 0x00000000a1000000, 0x00000000a1000000|100%| O|  |TAMS 0x00000000a1000000, 0x00000000a1000000| Untracked 
|  16|0x00000000a1000000, 0x00000000a1100000, 0x00000000a1100000|100%|HS|  |TAMS 0x00000000a1100000, 0x00000000a1100000| Complete 
|  17|0x00000000a1100000, 0x00000000a1200000, 0x00000000a1200000|100%|HC|  |TAMS 0x00000000a1200000, 0x00000000a1200000| Complete 
|  18|0x00000000a1200000, 0x00000000a1300000, 0x00000000a1300000|100%| O|  |TAMS 0x00000000a1300000, 0x00000000a1300000| Untracked 
|  19|0x00000000a1300000, 0x00000000a1400000, 0x00000000a1400000|100%|HS|  |TAMS 0x00000000a1400000, 0x00000000a1400000| Complete 
|  20|0x00000000a1400000, 0x00000000a1500000, 0x00000000a1500000|100%|HC|  |TAMS 0x00000000a1500000, 0x00000000a1500000| Complete 
|  21|0x00000000a1500000, 0x00000000a1600000, 0x00000000a1600000|100%|HC|  |TAMS 0x00000000a1600000, 0x00000000a1600000| Complete 
|  22|0x00000000a1600000, 0x00000000a1700000, 0x00000000a1700000|100%|HS|  |TAMS 0x00000000a1700000, 0x00000000a1700000| Complete 
|  23|0x00000000a1700000, 0x00000000a1800000, 0x00000000a1800000|100%|HC|  |TAMS 0x00000000a1800000, 0x00000000a1800000| Complete 
|  24|0x00000000a1800000, 0x00000000a1900000, 0x00000000a1900000|100%|HC|  |TAMS 0x00000000a1900000, 0x00000000a1900000| Complete 
|  25|0x00000000a1900000, 0x00000000a1a00000, 0x00000000a1a00000|100%| O|  |TAMS 0x00000000a1a00000, 0x00000000a1a00000| Untracked 
|  26|0x00000000a1a00000, 0x00000000a1b00000, 0x00000000a1b00000|100%| O|  |TAMS 0x00000000a1b00000, 0x00000000a1b00000| Untracked 
|  27|0x00000000a1b00000, 0x00000000a1c00000, 0x00000000a1c00000|100%| O|  |TAMS 0x00000000a1c00000, 0x00000000a1c00000| Untracked 
|  28|0x00000000a1c00000, 0x00000000a1d00000, 0x00000000a1d00000|100%|HS|  |TAMS 0x00000000a1d00000, 0x00000000a1d00000| Complete 
|  29|0x00000000a1d00000, 0x00000000a1e00000, 0x00000000a1e00000|100%|HC|  |TAMS 0x00000000a1e00000, 0x00000000a1e00000| Complete 
|  30|0x00000000a1e00000, 0x00000000a1f00000, 0x00000000a1f00000|100%|HC|  |TAMS 0x00000000a1f00000, 0x00000000a1f00000| Complete 
|  31|0x00000000a1f00000, 0x00000000a2000000, 0x00000000a2000000|100%|HC|  |TAMS 0x00000000a2000000, 0x00000000a2000000| Complete 
|  32|0x00000000a2000000, 0x00000000a2100000, 0x00000000a2100000|100%|HC|  |TAMS 0x00000000a2100000, 0x00000000a2100000| Complete 
|  33|0x00000000a2100000, 0x00000000a2200000, 0x00000000a2200000|100%|HS|  |TAMS 0x00000000a2200000, 0x00000000a2200000| Complete 
|  34|0x00000000a2200000, 0x00000000a2300000, 0x00000000a2300000|100%| O|  |TAMS 0x00000000a2300000, 0x00000000a2300000| Untracked 
|  35|0x00000000a2300000, 0x00000000a2400000, 0x00000000a2400000|100%| O|  |TAMS 0x00000000a2400000, 0x00000000a2400000| Untracked 
|  36|0x00000000a2400000, 0x00000000a2500000, 0x00000000a2500000|100%| O|  |TAMS 0x00000000a2500000, 0x00000000a2500000| Untracked 
|  37|0x00000000a2500000, 0x00000000a2600000, 0x00000000a2600000|100%|HS|  |TAMS 0x00000000a2600000, 0x00000000a2600000| Complete 
|  38|0x00000000a2600000, 0x00000000a2700000, 0x00000000a2700000|100%|HC|  |TAMS 0x00000000a2700000, 0x00000000a2700000| Complete 
|  39|0x00000000a2700000, 0x00000000a2800000, 0x00000000a2800000|100%|HC|  |TAMS 0x00000000a2800000, 0x00000000a2800000| Complete 
|  40|0x00000000a2800000, 0x00000000a2900000, 0x00000000a2900000|100%|HC|  |TAMS 0x00000000a2900000, 0x00000000a2900000| Complete 
|  41|0x00000000a2900000, 0x00000000a2a00000, 0x00000000a2a00000|100%| O|  |TAMS 0x00000000a2a00000, 0x00000000a2a00000| Untracked 
|  42|0x00000000a2a00000, 0x00000000a2b00000, 0x00000000a2b00000|100%| O|  |TAMS 0x00000000a2b00000, 0x00000000a2b00000| Untracked 
|  43|0x00000000a2b00000, 0x00000000a2c00000, 0x00000000a2c00000|100%| O|  |TAMS 0x00000000a2c00000, 0x00000000a2c00000| Untracked 
|  44|0x00000000a2c00000, 0x00000000a2d00000, 0x00000000a2d00000|100%| O|  |TAMS 0x00000000a2d00000, 0x00000000a2d00000| Untracked 
|  45|0x00000000a2d00000, 0x00000000a2e00000, 0x00000000a2e00000|100%| O|  |TAMS 0x00000000a2e00000, 0x00000000a2e00000| Untracked 
|  46|0x00000000a2e00000, 0x00000000a2f00000, 0x00000000a2f00000|100%| O|  |TAMS 0x00000000a2e00000, 0x00000000a2f00000| Untracked 
|  47|0x00000000a2f00000, 0x00000000a3000000, 0x00000000a3000000|100%| O|  |TAMS 0x00000000a3000000, 0x00000000a3000000| Untracked 
|  48|0x00000000a3000000, 0x00000000a3100000, 0x00000000a3100000|100%| O|  |TAMS 0x00000000a3100000, 0x00000000a3100000| Untracked 
|  49|0x00000000a3100000, 0x00000000a3200000, 0x00000000a3200000|100%|HS|  |TAMS 0x00000000a3200000, 0x00000000a3200000| Complete 
|  50|0x00000000a3200000, 0x00000000a3300000, 0x00000000a3300000|100%|HC|  |TAMS 0x00000000a3300000, 0x00000000a3300000| Complete 
|  51|0x00000000a3300000, 0x00000000a3400000, 0x00000000a3400000|100%|HC|  |TAMS 0x00000000a3400000, 0x00000000a3400000| Complete 
|  52|0x00000000a3400000, 0x00000000a3500000, 0x00000000a3500000|100%| O|  |TAMS 0x00000000a3500000, 0x00000000a3500000| Untracked 
|  53|0x00000000a3500000, 0x00000000a3600000, 0x00000000a3600000|100%|HS|  |TAMS 0x00000000a3600000, 0x00000000a3600000| Complete 
|  54|0x00000000a3600000, 0x00000000a3700000, 0x00000000a3700000|100%|HC|  |TAMS 0x00000000a3700000, 0x00000000a3700000| Complete 
|  55|0x00000000a3700000, 0x00000000a3800000, 0x00000000a3800000|100%|HS|  |TAMS 0x00000000a3800000, 0x00000000a3800000| Complete 
|  56|0x00000000a3800000, 0x00000000a3900000, 0x00000000a3900000|100%|HC|  |TAMS 0x00000000a3900000, 0x00000000a3900000| Complete 
|  57|0x00000000a3900000, 0x00000000a3a00000, 0x00000000a3a00000|100%|HC|  |TAMS 0x00000000a3a00000, 0x00000000a3a00000| Complete 
|  58|0x00000000a3a00000, 0x00000000a3b00000, 0x00000000a3b00000|100%|HC|  |TAMS 0x00000000a3b00000, 0x00000000a3b00000| Complete 
|  59|0x00000000a3b00000, 0x00000000a3c00000, 0x00000000a3c00000|100%|HS|  |TAMS 0x00000000a3c00000, 0x00000000a3c00000| Complete 
|  60|0x00000000a3c00000, 0x00000000a3d00000, 0x00000000a3d00000|100%|HC|  |TAMS 0x00000000a3d00000, 0x00000000a3d00000| Complete 
|  61|0x00000000a3d00000, 0x00000000a3e00000, 0x00000000a3e00000|100%|HC|  |TAMS 0x00000000a3e00000, 0x00000000a3e00000| Complete 
|  62|0x00000000a3e00000, 0x00000000a3f00000, 0x00000000a3f00000|100%| O|  |TAMS 0x00000000a3f00000, 0x00000000a3f00000| Untracked 
|  63|0x00000000a3f00000, 0x00000000a4000000, 0x00000000a4000000|100%| O|  |TAMS 0x00000000a4000000, 0x00000000a4000000| Untracked 
|  64|0x00000000a4000000, 0x00000000a4100000, 0x00000000a4100000|100%| O|  |TAMS 0x00000000a4100000, 0x00000000a4100000| Untracked 
|  65|0x00000000a4100000, 0x00000000a4200000, 0x00000000a4200000|100%| O|  |TAMS 0x00000000a4200000, 0x00000000a4200000| Untracked 
|  66|0x00000000a4200000, 0x00000000a4300000, 0x00000000a4300000|100%| O|  |TAMS 0x00000000a4300000, 0x00000000a4300000| Untracked 
|  67|0x00000000a4300000, 0x00000000a4400000, 0x00000000a4400000|100%| O|  |TAMS 0x00000000a4400000, 0x00000000a4400000| Untracked 
|  68|0x00000000a4400000, 0x00000000a4500000, 0x00000000a4500000|100%| O|  |TAMS 0x00000000a4500000, 0x00000000a4500000| Untracked 
|  69|0x00000000a4500000, 0x00000000a4600000, 0x00000000a4600000|100%|HS|  |TAMS 0x00000000a4600000, 0x00000000a4600000| Complete 
|  70|0x00000000a4600000, 0x00000000a4700000, 0x00000000a4700000|100%|HC|  |TAMS 0x00000000a4700000, 0x00000000a4700000| Complete 
|  71|0x00000000a4700000, 0x00000000a4800000, 0x00000000a4800000|100%|HC|  |TAMS 0x00000000a4800000, 0x00000000a4800000| Complete 
|  72|0x00000000a4800000, 0x00000000a4900000, 0x00000000a4900000|100%|HC|  |TAMS 0x00000000a4900000, 0x00000000a4900000| Complete 
|  73|0x00000000a4900000, 0x00000000a4a00000, 0x00000000a4a00000|100%|HC|  |TAMS 0x00000000a4a00000, 0x00000000a4a00000| Complete 
|  74|0x00000000a4a00000, 0x00000000a4b00000, 0x00000000a4b00000|100%| O|  |TAMS 0x00000000a4b00000, 0x00000000a4b00000| Untracked 
|  75|0x00000000a4b00000, 0x00000000a4c00000, 0x00000000a4c00000|100%| O|  |TAMS 0x00000000a4c00000, 0x00000000a4c00000| Untracked 
|  76|0x00000000a4c00000, 0x00000000a4d00000, 0x00000000a4d00000|100%| O|  |TAMS 0x00000000a4d00000, 0x00000000a4d00000| Untracked 
|  77|0x00000000a4d00000, 0x00000000a4e00000, 0x00000000a4e00000|100%| O|  |TAMS 0x00000000a4e00000, 0x00000000a4e00000| Untracked 
|  78|0x00000000a4e00000, 0x00000000a4f00000, 0x00000000a4f00000|100%|HS|  |TAMS 0x00000000a4f00000, 0x00000000a4f00000| Complete 
|  79|0x00000000a4f00000, 0x00000000a5000000, 0x00000000a5000000|100%|HS|  |TAMS 0x00000000a5000000, 0x00000000a5000000| Complete 
|  80|0x00000000a5000000, 0x00000000a5100000, 0x00000000a5100000|100%|HS|  |TAMS 0x00000000a5100000, 0x00000000a5100000| Complete 
|  81|0x00000000a5100000, 0x00000000a5200000, 0x00000000a5200000|100%|HS|  |TAMS 0x00000000a5200000, 0x00000000a5200000| Complete 
|  82|0x00000000a5200000, 0x00000000a5300000, 0x00000000a5300000|100%| O|  |TAMS 0x00000000a5300000, 0x00000000a5300000| Untracked 
|  83|0x00000000a5300000, 0x00000000a5400000, 0x00000000a5400000|100%|HS|  |TAMS 0x00000000a5400000, 0x00000000a5400000| Complete 
|  84|0x00000000a5400000, 0x00000000a5500000, 0x00000000a5500000|100%|HC|  |TAMS 0x00000000a5500000, 0x00000000a5500000| Complete 
|  85|0x00000000a5500000, 0x00000000a5600000, 0x00000000a5600000|100%|HC|  |TAMS 0x00000000a5600000, 0x00000000a5600000| Complete 
|  86|0x00000000a5600000, 0x00000000a5700000, 0x00000000a5700000|100%| O|  |TAMS 0x00000000a5700000, 0x00000000a5700000| Untracked 
|  87|0x00000000a5700000, 0x00000000a5800000, 0x00000000a5800000|100%| O|  |TAMS 0x00000000a5800000, 0x00000000a5800000| Untracked 
|  88|0x00000000a5800000, 0x00000000a5900000, 0x00000000a5900000|100%| O|  |TAMS 0x00000000a5900000, 0x00000000a5900000| Untracked 
|  89|0x00000000a5900000, 0x00000000a5a00000, 0x00000000a5a00000|100%|HS|  |TAMS 0x00000000a5a00000, 0x00000000a5a00000| Complete 
|  90|0x00000000a5a00000, 0x00000000a5b00000, 0x00000000a5b00000|100%|HC|  |TAMS 0x00000000a5b00000, 0x00000000a5b00000| Complete 
|  91|0x00000000a5b00000, 0x00000000a5c00000, 0x00000000a5c00000|100%| O|  |TAMS 0x00000000a5c00000, 0x00000000a5c00000| Untracked 
|  92|0x00000000a5c00000, 0x00000000a5d00000, 0x00000000a5d00000|100%| O|  |TAMS 0x00000000a5d00000, 0x00000000a5d00000| Untracked 
|  93|0x00000000a5d00000, 0x00000000a5e00000, 0x00000000a5e00000|100%| O|  |TAMS 0x00000000a5e00000, 0x00000000a5e00000| Untracked 
|  94|0x00000000a5e00000, 0x00000000a5f00000, 0x00000000a5f00000|100%| O|  |TAMS 0x00000000a5f00000, 0x00000000a5f00000| Untracked 
|  95|0x00000000a5f00000, 0x00000000a6000000, 0x00000000a6000000|100%| O|  |TAMS 0x00000000a6000000, 0x00000000a6000000| Untracked 
|  96|0x00000000a6000000, 0x00000000a6100000, 0x00000000a6100000|100%| O|  |TAMS 0x00000000a6100000, 0x00000000a6100000| Untracked 
|  97|0x00000000a6100000, 0x00000000a6200000, 0x00000000a6200000|100%| O|  |TAMS 0x00000000a6200000, 0x00000000a6200000| Untracked 
|  98|0x00000000a6200000, 0x00000000a6300000, 0x00000000a6300000|100%| O|  |TAMS 0x00000000a6300000, 0x00000000a6300000| Untracked 
|  99|0x00000000a6300000, 0x00000000a6400000, 0x00000000a6400000|100%| O|  |TAMS 0x00000000a6400000, 0x00000000a6400000| Untracked 
| 100|0x00000000a6400000, 0x00000000a6500000, 0x00000000a6500000|100%| O|  |TAMS 0x00000000a6500000, 0x00000000a6500000| Untracked 
| 101|0x00000000a6500000, 0x00000000a6600000, 0x00000000a6600000|100%| O|  |TAMS 0x00000000a6600000, 0x00000000a6600000| Untracked 
| 102|0x00000000a6600000, 0x00000000a6700000, 0x00000000a6700000|100%| O|  |TAMS 0x00000000a6700000, 0x00000000a6700000| Untracked 
| 103|0x00000000a6700000, 0x00000000a6800000, 0x00000000a6800000|100%| O|  |TAMS 0x00000000a6800000, 0x00000000a6800000| Untracked 
| 104|0x00000000a6800000, 0x00000000a6900000, 0x00000000a6900000|100%| O|  |TAMS 0x00000000a6900000, 0x00000000a6900000| Untracked 
| 105|0x00000000a6900000, 0x00000000a6a00000, 0x00000000a6a00000|100%|HS|  |TAMS 0x00000000a6a00000, 0x00000000a6a00000| Complete 
| 106|0x00000000a6a00000, 0x00000000a6b00000, 0x00000000a6b00000|100%|HS|  |TAMS 0x00000000a6b00000, 0x00000000a6b00000| Complete 
| 107|0x00000000a6b00000, 0x00000000a6c00000, 0x00000000a6c00000|100%|HC|  |TAMS 0x00000000a6c00000, 0x00000000a6c00000| Complete 
| 108|0x00000000a6c00000, 0x00000000a6d00000, 0x00000000a6d00000|100%| O|  |TAMS 0x00000000a6d00000, 0x00000000a6d00000| Untracked 
| 109|0x00000000a6d00000, 0x00000000a6e00000, 0x00000000a6e00000|100%| O|  |TAMS 0x00000000a6e00000, 0x00000000a6e00000| Untracked 
| 110|0x00000000a6e00000, 0x00000000a6f00000, 0x00000000a6f00000|100%| O|  |TAMS 0x00000000a6f00000, 0x00000000a6f00000| Untracked 
| 111|0x00000000a6f00000, 0x00000000a7000000, 0x00000000a7000000|100%| O|  |TAMS 0x00000000a7000000, 0x00000000a7000000| Untracked 
| 112|0x00000000a7000000, 0x00000000a7100000, 0x00000000a7100000|100%| O|  |TAMS 0x00000000a7100000, 0x00000000a7100000| Untracked 
| 113|0x00000000a7100000, 0x00000000a7200000, 0x00000000a7200000|100%| O|  |TAMS 0x00000000a7200000, 0x00000000a7200000| Untracked 
| 114|0x00000000a7200000, 0x00000000a7300000, 0x00000000a7300000|100%| O|  |TAMS 0x00000000a7300000, 0x00000000a7300000| Untracked 
| 115|0x00000000a7300000, 0x00000000a7400000, 0x00000000a7400000|100%| O|  |TAMS 0x00000000a7400000, 0x00000000a7400000| Untracked 
| 116|0x00000000a7400000, 0x00000000a7500000, 0x00000000a7500000|100%| O|  |TAMS 0x00000000a7500000, 0x00000000a7500000| Untracked 
| 117|0x00000000a7500000, 0x00000000a7600000, 0x00000000a7600000|100%| O|  |TAMS 0x00000000a7600000, 0x00000000a7600000| Untracked 
| 118|0x00000000a7600000, 0x00000000a7700000, 0x00000000a7700000|100%| O|  |TAMS 0x00000000a7700000, 0x00000000a7700000| Untracked 
| 119|0x00000000a7700000, 0x00000000a7800000, 0x00000000a7800000|100%| O|  |TAMS 0x00000000a7800000, 0x00000000a7800000| Untracked 
| 120|0x00000000a7800000, 0x00000000a7900000, 0x00000000a7900000|100%| O|  |TAMS 0x00000000a7900000, 0x00000000a7900000| Untracked 
| 121|0x00000000a7900000, 0x00000000a7a00000, 0x00000000a7a00000|100%| O|  |TAMS 0x00000000a7a00000, 0x00000000a7a00000| Untracked 
| 122|0x00000000a7a00000, 0x00000000a7b00000, 0x00000000a7b00000|100%| O|  |TAMS 0x00000000a7b00000, 0x00000000a7b00000| Untracked 
| 123|0x00000000a7b00000, 0x00000000a7c00000, 0x00000000a7c00000|100%| O|  |TAMS 0x00000000a7c00000, 0x00000000a7c00000| Untracked 
| 124|0x00000000a7c00000, 0x00000000a7d00000, 0x00000000a7d00000|100%| O|  |TAMS 0x00000000a7d00000, 0x00000000a7d00000| Untracked 
| 125|0x00000000a7d00000, 0x00000000a7e00000, 0x00000000a7e00000|100%| O|  |TAMS 0x00000000a7d00000, 0x00000000a7e00000| Untracked 
| 126|0x00000000a7e00000, 0x00000000a7f00000, 0x00000000a7f00000|100%| O|  |TAMS 0x00000000a7e00000, 0x00000000a7f00000| Untracked 
| 127|0x00000000a7f00000, 0x00000000a8000000, 0x00000000a8000000|100%| O|  |TAMS 0x00000000a8000000, 0x00000000a8000000| Untracked 
| 128|0x00000000a8000000, 0x00000000a8100000, 0x00000000a8100000|100%| O|  |TAMS 0x00000000a8100000, 0x00000000a8100000| Untracked 
| 129|0x00000000a8100000, 0x00000000a8200000, 0x00000000a8200000|100%| O|  |TAMS 0x00000000a8200000, 0x00000000a8200000| Untracked 
| 130|0x00000000a8200000, 0x00000000a8300000, 0x00000000a8300000|100%| O|  |TAMS 0x00000000a8300000, 0x00000000a8300000| Untracked 
| 131|0x00000000a8300000, 0x00000000a8400000, 0x00000000a8400000|100%| O|  |TAMS 0x00000000a8400000, 0x00000000a8400000| Untracked 
| 132|0x00000000a8400000, 0x00000000a8500000, 0x00000000a8500000|100%| O|  |TAMS 0x00000000a8500000, 0x00000000a8500000| Untracked 
| 133|0x00000000a8500000, 0x00000000a8600000, 0x00000000a8600000|100%| O|  |TAMS 0x00000000a8600000, 0x00000000a8600000| Untracked 
| 134|0x00000000a8600000, 0x00000000a8700000, 0x00000000a8700000|100%| O|  |TAMS 0x00000000a8700000, 0x00000000a8700000| Untracked 
| 135|0x00000000a8700000, 0x00000000a8800000, 0x00000000a8800000|100%| O|  |TAMS 0x00000000a8800000, 0x00000000a8800000| Untracked 
| 136|0x00000000a8800000, 0x00000000a8900000, 0x00000000a8900000|100%|HS|  |TAMS 0x00000000a8900000, 0x00000000a8900000| Complete 
| 137|0x00000000a8900000, 0x00000000a8a00000, 0x00000000a8a00000|100%|HC|  |TAMS 0x00000000a8a00000, 0x00000000a8a00000| Complete 
| 138|0x00000000a8a00000, 0x00000000a8b00000, 0x00000000a8b00000|100%|HS|  |TAMS 0x00000000a8b00000, 0x00000000a8b00000| Complete 
| 139|0x00000000a8b00000, 0x00000000a8c00000, 0x00000000a8c00000|100%|HC|  |TAMS 0x00000000a8c00000, 0x00000000a8c00000| Complete 
| 140|0x00000000a8c00000, 0x00000000a8d00000, 0x00000000a8d00000|100%|HC|  |TAMS 0x00000000a8d00000, 0x00000000a8d00000| Complete 
| 141|0x00000000a8d00000, 0x00000000a8e00000, 0x00000000a8e00000|100%|HS|  |TAMS 0x00000000a8e00000, 0x00000000a8e00000| Complete 
| 142|0x00000000a8e00000, 0x00000000a8f00000, 0x00000000a8f00000|100%|HC|  |TAMS 0x00000000a8f00000, 0x00000000a8f00000| Complete 
| 143|0x00000000a8f00000, 0x00000000a9000000, 0x00000000a9000000|100%|HC|  |TAMS 0x00000000a9000000, 0x00000000a9000000| Complete 
| 144|0x00000000a9000000, 0x00000000a9100000, 0x00000000a9100000|100%|HS|  |TAMS 0x00000000a9100000, 0x00000000a9100000| Complete 
| 145|0x00000000a9100000, 0x00000000a9200000, 0x00000000a9200000|100%|HC|  |TAMS 0x00000000a9200000, 0x00000000a9200000| Complete 
| 146|0x00000000a9200000, 0x00000000a9300000, 0x00000000a9300000|100%|HC|  |TAMS 0x00000000a9300000, 0x00000000a9300000| Complete 
| 147|0x00000000a9300000, 0x00000000a9400000, 0x00000000a9400000|100%|HC|  |TAMS 0x00000000a9400000, 0x00000000a9400000| Complete 
| 148|0x00000000a9400000, 0x00000000a9500000, 0x00000000a9500000|100%|HC|  |TAMS 0x00000000a9500000, 0x00000000a9500000| Complete 
| 149|0x00000000a9500000, 0x00000000a9600000, 0x00000000a9600000|100%|HS|  |TAMS 0x00000000a9600000, 0x00000000a9600000| Complete 
| 150|0x00000000a9600000, 0x00000000a9700000, 0x00000000a9700000|100%|HS|  |TAMS 0x00000000a9700000, 0x00000000a9700000| Complete 
| 151|0x00000000a9700000, 0x00000000a9800000, 0x00000000a9800000|100%|HC|  |TAMS 0x00000000a9800000, 0x00000000a9800000| Complete 
| 152|0x00000000a9800000, 0x00000000a9900000, 0x00000000a9900000|100%|HC|  |TAMS 0x00000000a9900000, 0x00000000a9900000| Complete 
| 153|0x00000000a9900000, 0x00000000a9a00000, 0x00000000a9a00000|100%|HC|  |TAMS 0x00000000a9a00000, 0x00000000a9a00000| Complete 
| 154|0x00000000a9a00000, 0x00000000a9b00000, 0x00000000a9b00000|100%| O|  |TAMS 0x00000000a9a00000, 0x00000000a9b00000| Untracked 
| 155|0x00000000a9b00000, 0x00000000a9c00000, 0x00000000a9c00000|100%| O|  |TAMS 0x00000000a9b00000, 0x00000000a9c00000| Untracked 
| 156|0x00000000a9c00000, 0x00000000a9d00000, 0x00000000a9d00000|100%| O|  |TAMS 0x00000000a9c00000, 0x00000000a9d00000| Untracked 
| 157|0x00000000a9d00000, 0x00000000a9e00000, 0x00000000a9e00000|100%| O|  |TAMS 0x00000000a9d00000, 0x00000000a9e00000| Untracked 
| 158|0x00000000a9e00000, 0x00000000a9f00000, 0x00000000a9f00000|100%| O|  |TAMS 0x00000000a9e00000, 0x00000000a9f00000| Untracked 
| 159|0x00000000a9f00000, 0x00000000aa000000, 0x00000000aa000000|100%| O|  |TAMS 0x00000000aa000000, 0x00000000aa000000| Untracked 
| 160|0x00000000aa000000, 0x00000000aa100000, 0x00000000aa100000|100%| O|  |TAMS 0x00000000aa100000, 0x00000000aa100000| Untracked 
| 161|0x00000000aa100000, 0x00000000aa200000, 0x00000000aa200000|100%| O|  |TAMS 0x00000000aa200000, 0x00000000aa200000| Untracked 
| 162|0x00000000aa200000, 0x00000000aa300000, 0x00000000aa300000|100%| O|  |TAMS 0x00000000aa300000, 0x00000000aa300000| Untracked 
| 163|0x00000000aa300000, 0x00000000aa400000, 0x00000000aa400000|100%| O|  |TAMS 0x00000000aa400000, 0x00000000aa400000| Untracked 
| 164|0x00000000aa400000, 0x00000000aa500000, 0x00000000aa500000|100%| O|  |TAMS 0x00000000aa500000, 0x00000000aa500000| Untracked 
| 165|0x00000000aa500000, 0x00000000aa600000, 0x00000000aa600000|100%| O|  |TAMS 0x00000000aa600000, 0x00000000aa600000| Untracked 
| 166|0x00000000aa600000, 0x00000000aa700000, 0x00000000aa700000|100%| O|  |TAMS 0x00000000aa700000, 0x00000000aa700000| Untracked 
| 167|0x00000000aa700000, 0x00000000aa800000, 0x00000000aa800000|100%| O|  |TAMS 0x00000000aa700000, 0x00000000aa800000| Untracked 
| 168|0x00000000aa800000, 0x00000000aa900000, 0x00000000aa900000|100%| O|  |TAMS 0x00000000aa900000, 0x00000000aa900000| Untracked 
| 169|0x00000000aa900000, 0x00000000aaa00000, 0x00000000aaa00000|100%| O|  |TAMS 0x00000000aaa00000, 0x00000000aaa00000| Untracked 
| 170|0x00000000aaa00000, 0x00000000aab00000, 0x00000000aab00000|100%| O|  |TAMS 0x00000000aaa00000, 0x00000000aab00000| Untracked 
| 171|0x00000000aab00000, 0x00000000aac00000, 0x00000000aac00000|100%| O|  |TAMS 0x00000000aac00000, 0x00000000aac00000| Untracked 
| 172|0x00000000aac00000, 0x00000000aad00000, 0x00000000aad00000|100%| O|  |TAMS 0x00000000aad00000, 0x00000000aad00000| Untracked 
| 173|0x00000000aad00000, 0x00000000aae00000, 0x00000000aae00000|100%| O|  |TAMS 0x00000000aad00000, 0x00000000aae00000| Untracked 
| 174|0x00000000aae00000, 0x00000000aaf00000, 0x00000000aaf00000|100%| O|  |TAMS 0x00000000aae00000, 0x00000000aaf00000| Untracked 
| 175|0x00000000aaf00000, 0x00000000ab000000, 0x00000000ab000000|100%| O|  |TAMS 0x00000000aaf00000, 0x00000000ab000000| Untracked 
| 176|0x00000000ab000000, 0x00000000ab100000, 0x00000000ab100000|100%| O|  |TAMS 0x00000000ab000000, 0x00000000ab100000| Untracked 
| 177|0x00000000ab100000, 0x00000000ab200000, 0x00000000ab200000|100%| O|  |TAMS 0x00000000ab100000, 0x00000000ab200000| Untracked 
| 178|0x00000000ab200000, 0x00000000ab300000, 0x00000000ab300000|100%| O|  |TAMS 0x00000000ab200000, 0x00000000ab300000| Untracked 
| 179|0x00000000ab300000, 0x00000000ab400000, 0x00000000ab400000|100%| O|  |TAMS 0x00000000ab300000, 0x00000000ab400000| Untracked 
| 180|0x00000000ab400000, 0x00000000ab500000, 0x00000000ab500000|100%| O|  |TAMS 0x00000000ab500000, 0x00000000ab500000| Untracked 
| 181|0x00000000ab500000, 0x00000000ab600000, 0x00000000ab600000|100%| O|  |TAMS 0x00000000ab600000, 0x00000000ab600000| Untracked 
| 182|0x00000000ab600000, 0x00000000ab700000, 0x00000000ab700000|100%| O|  |TAMS 0x00000000ab700000, 0x00000000ab700000| Untracked 
| 183|0x00000000ab700000, 0x00000000ab800000, 0x00000000ab800000|100%| O|  |TAMS 0x00000000ab700000, 0x00000000ab800000| Untracked 
| 184|0x00000000ab800000, 0x00000000ab900000, 0x00000000ab900000|100%| O|  |TAMS 0x00000000ab900000, 0x00000000ab900000| Untracked 
| 185|0x00000000ab900000, 0x00000000aba00000, 0x00000000aba00000|100%| O|  |TAMS 0x00000000ab900000, 0x00000000aba00000| Untracked 
| 186|0x00000000aba00000, 0x00000000abb00000, 0x00000000abb00000|100%| O|  |TAMS 0x00000000abb00000, 0x00000000abb00000| Untracked 
| 187|0x00000000abb00000, 0x00000000abc00000, 0x00000000abc00000|100%| O|  |TAMS 0x00000000abb00000, 0x00000000abc00000| Untracked 
| 188|0x00000000abc00000, 0x00000000abd00000, 0x00000000abd00000|100%| O|  |TAMS 0x00000000abc00000, 0x00000000abd00000| Untracked 
| 189|0x00000000abd00000, 0x00000000abe00000, 0x00000000abe00000|100%| O|  |TAMS 0x00000000abd00000, 0x00000000abe00000| Untracked 
| 190|0x00000000abe00000, 0x00000000abf00000, 0x00000000abf00000|100%| O|  |TAMS 0x00000000abe00000, 0x00000000abf00000| Untracked 
| 191|0x00000000abf00000, 0x00000000ac000000, 0x00000000ac000000|100%| O|  |TAMS 0x00000000abf00000, 0x00000000ac000000| Untracked 
| 192|0x00000000ac000000, 0x00000000ac100000, 0x00000000ac100000|100%| O|  |TAMS 0x00000000ac000000, 0x00000000ac100000| Untracked 
| 193|0x00000000ac100000, 0x00000000ac200000, 0x00000000ac200000|100%| O|  |TAMS 0x00000000ac100000, 0x00000000ac200000| Untracked 
| 194|0x00000000ac200000, 0x00000000ac300000, 0x00000000ac300000|100%| O|  |TAMS 0x00000000ac200000, 0x00000000ac300000| Untracked 
| 195|0x00000000ac300000, 0x00000000ac400000, 0x00000000ac400000|100%| O|  |TAMS 0x00000000ac300000, 0x00000000ac400000| Untracked 
| 196|0x00000000ac400000, 0x00000000ac500000, 0x00000000ac500000|100%| O|  |TAMS 0x00000000ac400000, 0x00000000ac500000| Untracked 
| 197|0x00000000ac500000, 0x00000000ac600000, 0x00000000ac600000|100%| O|  |TAMS 0x00000000ac500000, 0x00000000ac600000| Untracked 
| 198|0x00000000ac600000, 0x00000000ac700000, 0x00000000ac700000|100%| O|  |TAMS 0x00000000ac600000, 0x00000000ac700000| Untracked 
| 199|0x00000000ac700000, 0x00000000ac800000, 0x00000000ac800000|100%| O|  |TAMS 0x00000000ac800000, 0x00000000ac800000| Untracked 
| 200|0x00000000ac800000, 0x00000000ac900000, 0x00000000ac900000|100%| O|  |TAMS 0x00000000ac800000, 0x00000000ac900000| Untracked 
| 201|0x00000000ac900000, 0x00000000aca00000, 0x00000000aca00000|100%| O|  |TAMS 0x00000000ac900000, 0x00000000aca00000| Untracked 
| 202|0x00000000aca00000, 0x00000000acb00000, 0x00000000acb00000|100%| O|  |TAMS 0x00000000acb00000, 0x00000000acb00000| Untracked 
| 203|0x00000000acb00000, 0x00000000acc00000, 0x00000000acc00000|100%| O|  |TAMS 0x00000000acb00000, 0x00000000acc00000| Untracked 
| 204|0x00000000acc00000, 0x00000000acd00000, 0x00000000acd00000|100%| O|  |TAMS 0x00000000acd00000, 0x00000000acd00000| Untracked 
| 205|0x00000000acd00000, 0x00000000ace00000, 0x00000000ace00000|100%| O|  |TAMS 0x00000000ace00000, 0x00000000ace00000| Untracked 
| 206|0x00000000ace00000, 0x00000000acf00000, 0x00000000acf00000|100%| O|  |TAMS 0x00000000acf00000, 0x00000000acf00000| Untracked 
| 207|0x00000000acf00000, 0x00000000ad000000, 0x00000000ad000000|100%| O|  |TAMS 0x00000000ad000000, 0x00000000ad000000| Untracked 
| 208|0x00000000ad000000, 0x00000000ad100000, 0x00000000ad100000|100%| O|  |TAMS 0x00000000ad100000, 0x00000000ad100000| Untracked 
| 209|0x00000000ad100000, 0x00000000ad200000, 0x00000000ad200000|100%| O|  |TAMS 0x00000000ad200000, 0x00000000ad200000| Untracked 
| 210|0x00000000ad200000, 0x00000000ad300000, 0x00000000ad300000|100%| O|  |TAMS 0x00000000ad300000, 0x00000000ad300000| Untracked 
| 211|0x00000000ad300000, 0x00000000ad400000, 0x00000000ad400000|100%| O|  |TAMS 0x00000000ad400000, 0x00000000ad400000| Untracked 
| 212|0x00000000ad400000, 0x00000000ad500000, 0x00000000ad500000|100%| O|  |TAMS 0x00000000ad500000, 0x00000000ad500000| Untracked 
| 213|0x00000000ad500000, 0x00000000ad600000, 0x00000000ad600000|100%| O|  |TAMS 0x00000000ad600000, 0x00000000ad600000| Untracked 
| 214|0x00000000ad600000, 0x00000000ad700000, 0x00000000ad700000|100%| O|  |TAMS 0x00000000ad700000, 0x00000000ad700000| Untracked 
| 215|0x00000000ad700000, 0x00000000ad800000, 0x00000000ad800000|100%| O|  |TAMS 0x00000000ad800000, 0x00000000ad800000| Untracked 
| 216|0x00000000ad800000, 0x00000000ad900000, 0x00000000ad900000|100%| O|  |TAMS 0x00000000ad900000, 0x00000000ad900000| Untracked 
| 217|0x00000000ad900000, 0x00000000ada00000, 0x00000000ada00000|100%| O|  |TAMS 0x00000000ada00000, 0x00000000ada00000| Untracked 
| 218|0x00000000ada00000, 0x00000000adb00000, 0x00000000adb00000|100%| O|  |TAMS 0x00000000adb00000, 0x00000000adb00000| Untracked 
| 219|0x00000000adb00000, 0x00000000adc00000, 0x00000000adc00000|100%| O|  |TAMS 0x00000000adc00000, 0x00000000adc00000| Untracked 
| 220|0x00000000adc00000, 0x00000000add00000, 0x00000000add00000|100%| O|  |TAMS 0x00000000add00000, 0x00000000add00000| Untracked 
| 221|0x00000000add00000, 0x00000000ade00000, 0x00000000ade00000|100%| O|  |TAMS 0x00000000ade00000, 0x00000000ade00000| Untracked 
| 222|0x00000000ade00000, 0x00000000adf00000, 0x00000000adf00000|100%| O|  |TAMS 0x00000000adf00000, 0x00000000adf00000| Untracked 
| 223|0x00000000adf00000, 0x00000000ae000000, 0x00000000ae000000|100%| O|  |TAMS 0x00000000ae000000, 0x00000000ae000000| Untracked 
| 224|0x00000000ae000000, 0x00000000ae100000, 0x00000000ae100000|100%| O|  |TAMS 0x00000000ae100000, 0x00000000ae100000| Untracked 
| 225|0x00000000ae100000, 0x00000000ae200000, 0x00000000ae200000|100%| O|  |TAMS 0x00000000ae200000, 0x00000000ae200000| Untracked 
| 226|0x00000000ae200000, 0x00000000ae300000, 0x00000000ae300000|100%| O|  |TAMS 0x00000000ae2b9200, 0x00000000ae300000| Untracked 
| 227|0x00000000ae300000, 0x00000000ae400000, 0x00000000ae400000|100%| O|  |TAMS 0x00000000ae300000, 0x00000000ae400000| Untracked 
| 228|0x00000000ae400000, 0x00000000ae500000, 0x00000000ae500000|100%| O|  |TAMS 0x00000000ae400000, 0x00000000ae500000| Untracked 
| 229|0x00000000ae500000, 0x00000000ae600000, 0x00000000ae600000|100%| O|  |TAMS 0x00000000ae500000, 0x00000000ae600000| Untracked 
| 230|0x00000000ae600000, 0x00000000ae700000, 0x00000000ae700000|100%| O|  |TAMS 0x00000000ae600000, 0x00000000ae700000| Untracked 
| 231|0x00000000ae700000, 0x00000000ae800000, 0x00000000ae800000|100%| O|  |TAMS 0x00000000ae700000, 0x00000000ae800000| Untracked 
| 232|0x00000000ae800000, 0x00000000ae900000, 0x00000000ae900000|100%| O|  |TAMS 0x00000000ae800000, 0x00000000ae900000| Untracked 
| 233|0x00000000ae900000, 0x00000000aea00000, 0x00000000aea00000|100%| O|  |TAMS 0x00000000ae900000, 0x00000000aea00000| Untracked 
| 234|0x00000000aea00000, 0x00000000aeb00000, 0x00000000aeb00000|100%| O|  |TAMS 0x00000000aea00000, 0x00000000aeb00000| Untracked 
| 235|0x00000000aeb00000, 0x00000000aec00000, 0x00000000aec00000|100%| O|  |TAMS 0x00000000aeb00000, 0x00000000aec00000| Untracked 
| 236|0x00000000aec00000, 0x00000000aed00000, 0x00000000aed00000|100%| O|  |TAMS 0x00000000aec00000, 0x00000000aed00000| Untracked 
| 237|0x00000000aed00000, 0x00000000aee00000, 0x00000000aee00000|100%| O|  |TAMS 0x00000000aed00000, 0x00000000aee00000| Untracked 
| 238|0x00000000aee00000, 0x00000000aef00000, 0x00000000aef00000|100%| O|  |TAMS 0x00000000aee00000, 0x00000000aef00000| Untracked 
| 239|0x00000000aef00000, 0x00000000af000000, 0x00000000af000000|100%| O|  |TAMS 0x00000000aef00000, 0x00000000af000000| Untracked 
| 240|0x00000000af000000, 0x00000000af100000, 0x00000000af100000|100%| O|  |TAMS 0x00000000af000000, 0x00000000af100000| Untracked 
| 241|0x00000000af100000, 0x00000000af200000, 0x00000000af200000|100%| O|  |TAMS 0x00000000af100000, 0x00000000af200000| Untracked 
| 242|0x00000000af200000, 0x00000000af300000, 0x00000000af300000|100%| O|  |TAMS 0x00000000af200000, 0x00000000af300000| Untracked 
| 243|0x00000000af300000, 0x00000000af400000, 0x00000000af400000|100%| O|  |TAMS 0x00000000af300000, 0x00000000af400000| Untracked 
| 244|0x00000000af400000, 0x00000000af500000, 0x00000000af500000|100%| O|  |TAMS 0x00000000af400000, 0x00000000af500000| Untracked 
| 245|0x00000000af500000, 0x00000000af600000, 0x00000000af600000|100%| O|  |TAMS 0x00000000af500000, 0x00000000af600000| Untracked 
| 246|0x00000000af600000, 0x00000000af700000, 0x00000000af700000|100%| O|  |TAMS 0x00000000af600000, 0x00000000af700000| Untracked 
| 247|0x00000000af700000, 0x00000000af800000, 0x00000000af800000|100%| O|  |TAMS 0x00000000af700000, 0x00000000af800000| Untracked 
| 248|0x00000000af800000, 0x00000000af900000, 0x00000000af900000|100%| O|  |TAMS 0x00000000af800000, 0x00000000af900000| Untracked 
| 249|0x00000000af900000, 0x00000000afa00000, 0x00000000afa00000|100%| O|  |TAMS 0x00000000af900000, 0x00000000afa00000| Untracked 
| 250|0x00000000afa00000, 0x00000000afb00000, 0x00000000afb00000|100%| O|  |TAMS 0x00000000afa00000, 0x00000000afb00000| Untracked 
| 251|0x00000000afb00000, 0x00000000afc00000, 0x00000000afc00000|100%| O|  |TAMS 0x00000000afb00000, 0x00000000afc00000| Untracked 
| 252|0x00000000afc00000, 0x00000000afd00000, 0x00000000afd00000|100%| O|  |TAMS 0x00000000afc00000, 0x00000000afd00000| Untracked 
| 253|0x00000000afd00000, 0x00000000afe00000, 0x00000000afe00000|100%| O|  |TAMS 0x00000000afd00000, 0x00000000afe00000| Untracked 
| 254|0x00000000afe00000, 0x00000000aff00000, 0x00000000aff00000|100%| O|  |TAMS 0x00000000afe00000, 0x00000000aff00000| Untracked 
| 255|0x00000000aff00000, 0x00000000b0000000, 0x00000000b0000000|100%| O|  |TAMS 0x00000000aff00000, 0x00000000b0000000| Untracked 
| 256|0x00000000b0000000, 0x00000000b0100000, 0x00000000b0100000|100%| O|  |TAMS 0x00000000b0000000, 0x00000000b0100000| Untracked 
| 257|0x00000000b0100000, 0x00000000b0200000, 0x00000000b0200000|100%| O|  |TAMS 0x00000000b0100000, 0x00000000b0200000| Untracked 
| 258|0x00000000b0200000, 0x00000000b0300000, 0x00000000b0300000|100%| O|  |TAMS 0x00000000b0200000, 0x00000000b0300000| Untracked 
| 259|0x00000000b0300000, 0x00000000b0400000, 0x00000000b0400000|100%| O|  |TAMS 0x00000000b0300000, 0x00000000b0400000| Untracked 
| 260|0x00000000b0400000, 0x00000000b0500000, 0x00000000b0500000|100%| O|  |TAMS 0x00000000b0400000, 0x00000000b0500000| Untracked 
| 261|0x00000000b0500000, 0x00000000b0600000, 0x00000000b0600000|100%| O|  |TAMS 0x00000000b0500000, 0x00000000b0600000| Untracked 
| 262|0x00000000b0600000, 0x00000000b0700000, 0x00000000b0700000|100%| O|  |TAMS 0x00000000b0600000, 0x00000000b0700000| Untracked 
| 263|0x00000000b0700000, 0x00000000b0800000, 0x00000000b0800000|100%| O|  |TAMS 0x00000000b0700000, 0x00000000b0800000| Untracked 
| 264|0x00000000b0800000, 0x00000000b0900000, 0x00000000b0900000|100%| O|  |TAMS 0x00000000b0800000, 0x00000000b0900000| Untracked 
| 265|0x00000000b0900000, 0x00000000b0a00000, 0x00000000b0a00000|100%| O|  |TAMS 0x00000000b0900000, 0x00000000b0a00000| Untracked 
| 266|0x00000000b0a00000, 0x00000000b0b00000, 0x00000000b0b00000|100%| O|  |TAMS 0x00000000b0a00000, 0x00000000b0b00000| Untracked 
| 267|0x00000000b0b00000, 0x00000000b0c00000, 0x00000000b0c00000|100%| O|  |TAMS 0x00000000b0b00000, 0x00000000b0c00000| Untracked 
| 268|0x00000000b0c00000, 0x00000000b0d00000, 0x00000000b0d00000|100%| O|  |TAMS 0x00000000b0c00000, 0x00000000b0d00000| Untracked 
| 269|0x00000000b0d00000, 0x00000000b0e00000, 0x00000000b0e00000|100%| O|  |TAMS 0x00000000b0d00000, 0x00000000b0e00000| Untracked 
| 270|0x00000000b0e00000, 0x00000000b0f00000, 0x00000000b0f00000|100%| O|  |TAMS 0x00000000b0e00000, 0x00000000b0f00000| Untracked 
| 271|0x00000000b0f00000, 0x00000000b1000000, 0x00000000b1000000|100%| O|  |TAMS 0x00000000b0f00000, 0x00000000b1000000| Untracked 
| 272|0x00000000b1000000, 0x00000000b1100000, 0x00000000b1100000|100%| O|  |TAMS 0x00000000b1000000, 0x00000000b1031e00| Untracked 
| 273|0x00000000b1100000, 0x00000000b1200000, 0x00000000b1200000|100%| O|  |TAMS 0x00000000b1100000, 0x00000000b1100000| Untracked 
| 274|0x00000000b1200000, 0x00000000b120ba00, 0x00000000b1300000|  4%| O|  |TAMS 0x00000000b1200000, 0x00000000b1200000| Untracked 
| 275|0x00000000b1300000, 0x00000000b1300000, 0x00000000b1400000|  0%| F|  |TAMS 0x00000000b1300000, 0x00000000b1300000| Untracked 
| 276|0x00000000b1400000, 0x00000000b1400000, 0x00000000b1500000|  0%| F|  |TAMS 0x00000000b1400000, 0x00000000b1400000| Untracked 
| 277|0x00000000b1500000, 0x00000000b1500000, 0x00000000b1600000|  0%| F|  |TAMS 0x00000000b1500000, 0x00000000b1500000| Untracked 
| 278|0x00000000b1600000, 0x00000000b1600000, 0x00000000b1700000|  0%| F|  |TAMS 0x00000000b1600000, 0x00000000b1600000| Untracked 
| 279|0x00000000b1700000, 0x00000000b1700000, 0x00000000b1800000|  0%| F|  |TAMS 0x00000000b1700000, 0x00000000b1700000| Untracked 
| 280|0x00000000b1800000, 0x00000000b1800000, 0x00000000b1900000|  0%| F|  |TAMS 0x00000000b1800000, 0x00000000b1800000| Untracked 
| 281|0x00000000b1900000, 0x00000000b1900000, 0x00000000b1a00000|  0%| F|  |TAMS 0x00000000b1900000, 0x00000000b1900000| Untracked 
| 282|0x00000000b1a00000, 0x00000000b1a00000, 0x00000000b1b00000|  0%| F|  |TAMS 0x00000000b1a00000, 0x00000000b1a00000| Untracked 
| 283|0x00000000b1b00000, 0x00000000b1b00000, 0x00000000b1c00000|  0%| F|  |TAMS 0x00000000b1b00000, 0x00000000b1b00000| Untracked 
| 284|0x00000000b1c00000, 0x00000000b1c00000, 0x00000000b1d00000|  0%| F|  |TAMS 0x00000000b1c00000, 0x00000000b1c00000| Untracked 
| 285|0x00000000b1d00000, 0x00000000b1d00000, 0x00000000b1e00000|  0%| F|  |TAMS 0x00000000b1d00000, 0x00000000b1d00000| Untracked 
| 286|0x00000000b1e00000, 0x00000000b1e00000, 0x00000000b1f00000|  0%| F|  |TAMS 0x00000000b1e00000, 0x00000000b1e00000| Untracked 
| 287|0x00000000b1f00000, 0x00000000b1f00000, 0x00000000b2000000|  0%| F|  |TAMS 0x00000000b1f00000, 0x00000000b1f00000| Untracked 
| 288|0x00000000b2000000, 0x00000000b2000000, 0x00000000b2100000|  0%| F|  |TAMS 0x00000000b2000000, 0x00000000b2000000| Untracked 
| 289|0x00000000b2100000, 0x00000000b2100000, 0x00000000b2200000|  0%| F|  |TAMS 0x00000000b2100000, 0x00000000b2100000| Untracked 
| 290|0x00000000b2200000, 0x00000000b2200000, 0x00000000b2300000|  0%| F|  |TAMS 0x00000000b2200000, 0x00000000b2200000| Untracked 
| 291|0x00000000b2300000, 0x00000000b2300000, 0x00000000b2400000|  0%| F|  |TAMS 0x00000000b2300000, 0x00000000b2300000| Untracked 
| 292|0x00000000b2400000, 0x00000000b24f8340, 0x00000000b2500000| 96%| E|CS|TAMS 0x00000000b2400000, 0x00000000b2400000| Complete 
| 293|0x00000000b2500000, 0x00000000b2552da0, 0x00000000b2600000| 32%| S|  |TAMS 0x00000000b2500000, 0x00000000b2500000| Complete 
| 294|0x00000000b2600000, 0x00000000b2700000, 0x00000000b2700000|100%| E|CS|TAMS 0x00000000b2600000, 0x00000000b2600000| Complete 
| 295|0x00000000b2700000, 0x00000000b2800000, 0x00000000b2800000|100%| S|  |TAMS 0x00000000b2700000, 0x00000000b2700000| Complete 
| 296|0x00000000b2800000, 0x00000000b2900000, 0x00000000b2900000|100%| E|CS|TAMS 0x00000000b2800000, 0x00000000b2800000| Complete 
| 297|0x00000000b2900000, 0x00000000b2a00000, 0x00000000b2a00000|100%| E|CS|TAMS 0x00000000b2900000, 0x00000000b2900000| Complete 
| 298|0x00000000b2a00000, 0x00000000b2b00000, 0x00000000b2b00000|100%| E|CS|TAMS 0x00000000b2a00000, 0x00000000b2a00000| Complete 
| 299|0x00000000b2b00000, 0x00000000b2c00000, 0x00000000b2c00000|100%| E|CS|TAMS 0x00000000b2b00000, 0x00000000b2b00000| Complete 
| 300|0x00000000b2c00000, 0x00000000b2d00000, 0x00000000b2d00000|100%| E|CS|TAMS 0x00000000b2c00000, 0x00000000b2c00000| Complete 
| 301|0x00000000b2d00000, 0x00000000b2e00000, 0x00000000b2e00000|100%| E|CS|TAMS 0x00000000b2d00000, 0x00000000b2d00000| Complete 
| 302|0x00000000b2e00000, 0x00000000b2f00000, 0x00000000b2f00000|100%| E|CS|TAMS 0x00000000b2e00000, 0x00000000b2e00000| Complete 
| 303|0x00000000b2f00000, 0x00000000b3000000, 0x00000000b3000000|100%| E|CS|TAMS 0x00000000b2f00000, 0x00000000b2f00000| Complete 
| 304|0x00000000b3000000, 0x00000000b3100000, 0x00000000b3100000|100%| E|CS|TAMS 0x00000000b3000000, 0x00000000b3000000| Complete 
| 305|0x00000000b3100000, 0x00000000b3200000, 0x00000000b3200000|100%| E|CS|TAMS 0x00000000b3100000, 0x00000000b3100000| Complete 
| 306|0x00000000b3200000, 0x00000000b3300000, 0x00000000b3300000|100%| E|CS|TAMS 0x00000000b3200000, 0x00000000b3200000| Complete 
| 307|0x00000000b3300000, 0x00000000b3400000, 0x00000000b3400000|100%| E|CS|TAMS 0x00000000b3300000, 0x00000000b3300000| Complete 
| 308|0x00000000b3400000, 0x00000000b3500000, 0x00000000b3500000|100%| E|CS|TAMS 0x00000000b3400000, 0x00000000b3400000| Complete 

Card table byte_map: [0x0000020de2f50000,0x0000020de3250000] _byte_map_base: 0x0000020de2a50000

Marking Bits (Prev, Next): (CMBitMap*) 0x0000020dce313858, (CMBitMap*) 0x0000020dce313890
 Prev Bits: [0x0000020de3550000, 0x0000020de4d50000)
 Next Bits: [0x0000020de4d50000, 0x0000020de6550000)

Polling page: 0x0000020dce130000

Metaspace:

Usage:
  Non-class:    127.78 MB capacity,   124.21 MB ( 97%) used,     3.09 MB (  2%) free+waste,   497.75 KB ( <1%) overhead. 
      Class:     19.43 MB capacity,    17.64 MB ( 91%) used,     1.57 MB (  8%) free+waste,   226.25 KB (  1%) overhead. 
       Both:    147.22 MB capacity,   141.85 MB ( 96%) used,     4.66 MB (  3%) free+waste,   724.00 KB ( <1%) overhead. 

Virtual space:
  Non-class space:      128.00 MB reserved,     128.00 MB (100%) committed 
      Class space:        1.00 GB reserved,      19.50 MB (  2%) committed 
             Both:        1.13 GB reserved,     147.50 MB ( 13%) committed 

Chunk freelists:
   Non-Class:  30.00 KB
       Class:  4.00 KB
        Both:  34.00 KB

MaxMetaspaceSize: 17179869184.00 GB
CompressedClassSpaceSize: 1.00 GB
Initial GC threshold: 20.80 MB
Current GC threshold: 217.09 MB
CDS: off

CodeHeap 'non-profiled nmethods': size=120064Kb used=16971Kb max_used=16971Kb free=103092Kb
 bounds [0x0000020ddb0e0000, 0x0000020ddc180000, 0x0000020de2620000]
CodeHeap 'profiled nmethods': size=120000Kb used=46571Kb max_used=46571Kb free=73428Kb
 bounds [0x0000020dd3bb0000, 0x0000020dd6940000, 0x0000020ddb0e0000]
CodeHeap 'non-nmethods': size=5696Kb used=2473Kb max_used=2585Kb free=3222Kb
 bounds [0x0000020dd3620000, 0x0000020dd38b0000, 0x0000020dd3bb0000]
 total_blobs=22583 nmethods=21577 adapters=916
 compilation: enabled
              stopped_count=0, restarted_count=0
 full_count=0

Compilation events (20 events):
Event: 1902.918 Thread 0x0000020de937e000 nmethod 24232 0x0000020ddc16b290 code [0x0000020ddc16b6e0, 0x0000020ddc16f038]
Event: 1902.918 Thread 0x0000020de937e000 24279       4       org.gradle.internal.typeconversion.NotationConverterToNotationParserAdapter$ResultImpl::converted (11 bytes)
Event: 1902.919 Thread 0x0000020de9384800 24305       3       org.gradle.internal.component.local.model.DslOriginDependencyMetadataWrapper::<init> (35 bytes)
Event: 1902.920 Thread 0x0000020de9384800 nmethod 24305 0x0000020dd6929210 code [0x0000020dd6929400, 0x0000020dd69297f8]
Event: 1902.920 Thread 0x0000020de937e000 nmethod 24279 0x0000020ddc172410 code [0x0000020ddc1725a0, 0x0000020ddc1726d8]
Event: 1902.920 Thread 0x0000020de937e000 24241   !   4       jdk.internal.reflect.GeneratedConstructorAccessor117::newInstance (69 bytes)
Event: 1902.926 Thread 0x0000020de9384800 24306       1       org.gradle.api.attributes.Category$Impl::toString (5 bytes)
Event: 1902.927 Thread 0x0000020de9384800 nmethod 24306 0x0000020ddc172790 code [0x0000020ddc172940, 0x0000020ddc1729f8]
Event: 1902.943 Thread 0x0000020de9384800 24309       3       org.gradle.api.internal.artifacts.ivyservice.resolveengine.store.ResolutionResultsStoreFactory$1::nextBinaryStore (48 bytes)
Event: 1902.944 Thread 0x0000020de9384800 nmethod 24309 0x0000020dd6929910 code [0x0000020dd6929b80, 0x0000020dd692a4c8]
Event: 1902.944 Thread 0x0000020de9384800 24310  s    3       org.gradle.api.internal.artifacts.ivyservice.resolveengine.store.ResolutionResultsStoreFactory::createBinaryStore (80 bytes)
Event: 1902.951 Thread 0x0000020de9384800 nmethod 24310 0x0000020dd692a890 code [0x0000020dd692acc0, 0x0000020dd692d0c8]
Event: 1902.954 Thread 0x0000020de9384800 24311       3       org.gradle.api.internal.lambdas.SerializableLambdas::spec (2 bytes)
Event: 1902.954 Thread 0x0000020de9384800 nmethod 24311 0x0000020dd3cdf510 code [0x0000020dd3cdf6c0, 0x0000020dd3cdf798]
Event: 1902.954 Thread 0x0000020de9384800 24312       3       org.gradle.api.internal.tasks.DefaultTaskOutputs::doNotCacheIf (18 bytes)
Event: 1902.958 Thread 0x0000020de9384800 nmethod 24312 0x0000020dd692dd90 code [0x0000020dd692e100, 0x0000020dd692f828]
Event: 1902.958 Thread 0x0000020de9384800 24313       3       org.gradle.api.internal.tasks.DefaultTaskOutputs$$Lambda$760/0x0000000100a4a040::get$Lambda (11 bytes)
Event: 1902.959 Thread 0x0000020de9384800 nmethod 24313 0x0000020dd692ff90 code [0x0000020dd6930160, 0x0000020dd6930478]
Event: 1902.959 Thread 0x0000020de9384800 24314       1       org.gradle.api.internal.file.copy.DefaultCopySpec::setDuplicatesStrategy (6 bytes)
Event: 1902.959 Thread 0x0000020de9384800 nmethod 24314 0x0000020ddc172a90 code [0x0000020ddc172c40, 0x0000020ddc172d38]

GC Heap History (20 events):
Event: 1897.315 GC heap after
{Heap after GC invocations=289 (full 0):
 garbage-first heap   total 316416K, used 270330K [0x00000000a0000000, 0x0000000100000000)
  region size 1024K, 2 young (2048K), 2 survivors (2048K)
 Metaspace       used 144507K, capacity 149996K, committed 150144K, reserved 1179648K
  class space    used 17996K, capacity 19827K, committed 19840K, reserved 1048576K
}
Event: 1898.113 GC heap before
{Heap before GC invocations=289 (full 0):
 garbage-first heap   total 316416K, used 283642K [0x00000000a0000000, 0x0000000100000000)
  region size 1024K, 15 young (15360K), 2 survivors (2048K)
 Metaspace       used 144515K, capacity 150002K, committed 150144K, reserved 1179648K
  class space    used 17997K, capacity 19828K, committed 19840K, reserved 1048576K
}
Event: 1898.128 GC heap after
{Heap after GC invocations=290 (full 0):
 garbage-first heap   total 316416K, used 272126K [0x00000000a0000000, 0x0000000100000000)
  region size 1024K, 2 young (2048K), 2 survivors (2048K)
 Metaspace       used 144515K, capacity 150002K, committed 150144K, reserved 1179648K
  class space    used 17997K, capacity 19828K, committed 19840K, reserved 1048576K
}
Event: 1899.164 GC heap before
{Heap before GC invocations=290 (full 0):
 garbage-first heap   total 316416K, used 285438K [0x00000000a0000000, 0x0000000100000000)
  region size 1024K, 15 young (15360K), 2 survivors (2048K)
 Metaspace       used 144808K, capacity 150317K, committed 150528K, reserved 1179648K
  class space    used 18025K, capacity 19864K, committed 19968K, reserved 1048576K
}
Event: 1899.178 GC heap after
{Heap after GC invocations=291 (full 0):
 garbage-first heap   total 316416K, used 273283K [0x00000000a0000000, 0x0000000100000000)
  region size 1024K, 2 young (2048K), 2 survivors (2048K)
 Metaspace       used 144808K, capacity 150317K, committed 150528K, reserved 1179648K
  class space    used 18025K, capacity 19864K, committed 19968K, reserved 1048576K
}
Event: 1899.885 GC heap before
{Heap before GC invocations=291 (full 0):
 garbage-first heap   total 316416K, used 286595K [0x00000000a0000000, 0x0000000100000000)
  region size 1024K, 15 young (15360K), 2 survivors (2048K)
 Metaspace       used 145153K, capacity 150608K, committed 150784K, reserved 1179648K
  class space    used 18064K, capacity 19897K, committed 19968K, reserved 1048576K
}
Event: 1899.899 GC heap after
{Heap after GC invocations=292 (full 0):
 garbage-first heap   total 316416K, used 274481K [0x00000000a0000000, 0x0000000100000000)
  region size 1024K, 2 young (2048K), 2 survivors (2048K)
 Metaspace       used 145153K, capacity 150608K, committed 150784K, reserved 1179648K
  class space    used 18064K, capacity 19897K, committed 19968K, reserved 1048576K
}
Event: 1900.117 GC heap before
{Heap before GC invocations=292 (full 0):
 garbage-first heap   total 316416K, used 287793K [0x00000000a0000000, 0x0000000100000000)
  region size 1024K, 15 young (15360K), 2 survivors (2048K)
 Metaspace       used 145187K, capacity 150672K, committed 150784K, reserved 1179648K
  class space    used 18065K, capacity 19897K, committed 19968K, reserved 1048576K
}
Event: 1900.127 GC heap after
{Heap after GC invocations=293 (full 0):
 garbage-first heap   total 316416K, used 275388K [0x00000000a0000000, 0x0000000100000000)
  region size 1024K, 2 young (2048K), 2 survivors (2048K)
 Metaspace       used 145187K, capacity 150672K, committed 150784K, reserved 1179648K
  class space    used 18065K, capacity 19897K, committed 19968K, reserved 1048576K
}
Event: 1900.932 GC heap before
{Heap before GC invocations=293 (full 0):
 garbage-first heap   total 316416K, used 287676K [0x00000000a0000000, 0x0000000100000000)
  region size 1024K, 15 young (15360K), 2 survivors (2048K)
 Metaspace       used 145198K, capacity 150678K, committed 150784K, reserved 1179648K
  class space    used 18067K, capacity 19898K, committed 19968K, reserved 1048576K
}
Event: 1900.974 GC heap after
{Heap after GC invocations=294 (full 0):
 garbage-first heap   total 316416K, used 276763K [0x00000000a0000000, 0x0000000100000000)
  region size 1024K, 2 young (2048K), 2 survivors (2048K)
 Metaspace       used 145198K, capacity 150678K, committed 150784K, reserved 1179648K
  class space    used 18067K, capacity 19898K, committed 19968K, reserved 1048576K
}
Event: 1901.159 GC heap before
{Heap before GC invocations=294 (full 0):
 garbage-first heap   total 316416K, used 290075K [0x00000000a0000000, 0x0000000100000000)
  region size 1024K, 15 young (15360K), 2 survivors (2048K)
 Metaspace       used 145215K, capacity 150748K, committed 151040K, reserved 1179648K
  class space    used 18068K, capacity 19900K, committed 19968K, reserved 1048576K
}
Event: 1901.190 GC heap after
{Heap after GC invocations=295 (full 0):
 garbage-first heap   total 316416K, used 277889K [0x00000000a0000000, 0x0000000100000000)
  region size 1024K, 2 young (2048K), 2 survivors (2048K)
 Metaspace       used 145215K, capacity 150748K, committed 151040K, reserved 1179648K
  class space    used 18068K, capacity 19900K, committed 19968K, reserved 1048576K
}
Event: 1901.801 GC heap before
{Heap before GC invocations=295 (full 0):
 garbage-first heap   total 316416K, used 290177K [0x00000000a0000000, 0x0000000100000000)
  region size 1024K, 15 young (15360K), 2 survivors (2048K)
 Metaspace       used 145218K, capacity 150748K, committed 151040K, reserved 1179648K
  class space    used 18068K, capacity 19900K, committed 19968K, reserved 1048576K
}
Event: 1901.811 GC heap after
{Heap after GC invocations=296 (full 0):
 garbage-first heap   total 316416K, used 278831K [0x00000000a0000000, 0x0000000100000000)
  region size 1024K, 2 young (2048K), 2 survivors (2048K)
 Metaspace       used 145218K, capacity 150748K, committed 151040K, reserved 1179648K
  class space    used 18068K, capacity 19900K, committed 19968K, reserved 1048576K
}
Event: 1901.957 GC heap before
{Heap before GC invocations=296 (full 0):
 garbage-first heap   total 316416K, used 292143K [0x00000000a0000000, 0x0000000100000000)
  region size 1024K, 15 young (15360K), 2 survivors (2048K)
 Metaspace       used 145229K, capacity 150748K, committed 151040K, reserved 1179648K
  class space    used 18068K, capacity 19900K, committed 19968K, reserved 1048576K
}
Event: 1901.965 GC heap after
{Heap after GC invocations=297 (full 0):
 garbage-first heap   total 316416K, used 279751K [0x00000000a0000000, 0x0000000100000000)
  region size 1024K, 1 young (1024K), 1 survivors (1024K)
 Metaspace       used 145229K, capacity 150748K, committed 151040K, reserved 1179648K
  class space    used 18068K, capacity 19900K, committed 19968K, reserved 1048576K
}
Event: 1902.543 GC heap before
{Heap before GC invocations=297 (full 0):
 garbage-first heap   total 316416K, used 294087K [0x00000000a0000000, 0x0000000100000000)
  region size 1024K, 15 young (15360K), 1 survivors (1024K)
 Metaspace       used 145247K, capacity 150748K, committed 151040K, reserved 1179648K
  class space    used 18068K, capacity 19900K, committed 19968K, reserved 1048576K
}
Event: 1902.587 GC heap after
{Heap after GC invocations=298 (full 0):
 garbage-first heap   total 316416K, used 280744K [0x00000000a0000000, 0x0000000100000000)
  region size 1024K, 2 young (2048K), 2 survivors (2048K)
 Metaspace       used 145247K, capacity 150748K, committed 151040K, reserved 1179648K
  class space    used 18068K, capacity 19900K, committed 19968K, reserved 1048576K
}
Event: 1902.969 GC heap before
{Heap before GC invocations=298 (full 0):
 garbage-first heap   total 316416K, used 294056K [0x00000000a0000000, 0x0000000100000000)
  region size 1024K, 15 young (15360K), 2 survivors (2048K)
 Metaspace       used 145258K, capacity 150750K, committed 151040K, reserved 1179648K
  class space    used 18068K, capacity 19900K, committed 19968K, reserved 1048576K
}

Deoptimization events (20 events):
Event: 1898.145 Thread 0x0000020df7033800 DEOPT PACKING pc=0x0000020ddb465960 sp=0x0000001b51dfe8e0
Event: 1898.145 Thread 0x0000020df7033800 DEOPT UNPACKING pc=0x0000020dd366a1af sp=0x0000001b51dfe858 mode 2
Event: 1902.443 Thread 0x0000020dea164800 DEOPT PACKING pc=0x0000020dd4534785 sp=0x0000001b4f4fa600
Event: 1902.444 Thread 0x0000020dea164800 DEOPT UNPACKING pc=0x0000020dd366a95e sp=0x0000001b4f4f9a98 mode 0
Event: 1902.964 Thread 0x0000020dea164800 Uncommon trap: trap_request=0xffffffbe fr.pc=0x0000020ddc16e1f8 relative=0x0000000000002b18
Event: 1902.964 Thread 0x0000020dea164800 Uncommon trap: reason=profile_predicate action=maybe_recompile pc=0x0000020ddc16e1f8 method=kotlin.collections.CollectionsKt___CollectionsKt.joinTo(Ljava/lang/Iterable;Ljava/lang/Appendable;Ljava/lang/CharSequence;Ljava/lang/CharSequence;Ljava/lang/CharSe
Event: 1902.964 Thread 0x0000020dea164800 DEOPT PACKING pc=0x0000020ddc16e1f8 sp=0x0000001b4f4fae70
Event: 1902.964 Thread 0x0000020dea164800 DEOPT UNPACKING pc=0x0000020dd366a1af sp=0x0000001b4f4fad08 mode 2
Event: 1902.964 Thread 0x0000020dea164800 Uncommon trap: trap_request=0xffffffbe fr.pc=0x0000020ddc16e1f8 relative=0x0000000000002b18
Event: 1902.964 Thread 0x0000020dea164800 Uncommon trap: reason=profile_predicate action=maybe_recompile pc=0x0000020ddc16e1f8 method=kotlin.collections.CollectionsKt___CollectionsKt.joinTo(Ljava/lang/Iterable;Ljava/lang/Appendable;Ljava/lang/CharSequence;Ljava/lang/CharSequence;Ljava/lang/CharSe
Event: 1902.964 Thread 0x0000020dea164800 DEOPT PACKING pc=0x0000020ddc16e1f8 sp=0x0000001b4f4fae70
Event: 1902.964 Thread 0x0000020dea164800 DEOPT UNPACKING pc=0x0000020dd366a1af sp=0x0000001b4f4fad08 mode 2
Event: 1902.965 Thread 0x0000020dea164800 Uncommon trap: trap_request=0xffffffbe fr.pc=0x0000020ddc16e1f8 relative=0x0000000000002b18
Event: 1902.965 Thread 0x0000020dea164800 Uncommon trap: reason=profile_predicate action=maybe_recompile pc=0x0000020ddc16e1f8 method=kotlin.collections.CollectionsKt___CollectionsKt.joinTo(Ljava/lang/Iterable;Ljava/lang/Appendable;Ljava/lang/CharSequence;Ljava/lang/CharSequence;Ljava/lang/CharSe
Event: 1902.965 Thread 0x0000020dea164800 DEOPT PACKING pc=0x0000020ddc16e1f8 sp=0x0000001b4f4fae10
Event: 1902.965 Thread 0x0000020dea164800 DEOPT UNPACKING pc=0x0000020dd366a1af sp=0x0000001b4f4faca8 mode 2
Event: 1902.965 Thread 0x0000020dea164800 Uncommon trap: trap_request=0xffffffbe fr.pc=0x0000020ddc16e1f8 relative=0x0000000000002b18
Event: 1902.965 Thread 0x0000020dea164800 Uncommon trap: reason=profile_predicate action=maybe_recompile pc=0x0000020ddc16e1f8 method=kotlin.collections.CollectionsKt___CollectionsKt.joinTo(Ljava/lang/Iterable;Ljava/lang/Appendable;Ljava/lang/CharSequence;Ljava/lang/CharSequence;Ljava/lang/CharSe
Event: 1902.965 Thread 0x0000020dea164800 DEOPT PACKING pc=0x0000020ddc16e1f8 sp=0x0000001b4f4fae00
Event: 1902.965 Thread 0x0000020dea164800 DEOPT UNPACKING pc=0x0000020dd366a1af sp=0x0000001b4f4fac98 mode 2

Classes redefined (0 events):
No events

Internal exceptions (20 events):
Event: 1892.573 Thread 0x0000020dea164800 Exception <a 'java/lang/ClassNotFoundException'{0x00000000b30c9ad0}: org/jetbrains/plugins/gradle/tooling/util/SourceSetCachedFinder$ArtifactsMapCustomizer> (0x00000000b30c9ad0) thrown at [./src/hotspot/share/classfile/systemDictionary.cpp, line 231]
Event: 1894.234 Thread 0x0000020dea164800 Exception <a 'java/lang/NoSuchMethodError'{0x00000000b2d91a98}: <clinit>> (0x00000000b2d91a98) thrown at [./src/hotspot/share/prims/jni.cpp, line 1366]
Event: 1894.238 Thread 0x0000020dea164800 Exception <a 'java/lang/NoSuchMethodError'{0x00000000b2dd1f48}: <clinit>> (0x00000000b2dd1f48) thrown at [./src/hotspot/share/prims/jni.cpp, line 1366]
Event: 1894.239 Thread 0x0000020dea164800 Exception <a 'java/lang/NoSuchMethodError'{0x00000000b2ddf2d0}: <clinit>> (0x00000000b2ddf2d0) thrown at [./src/hotspot/share/prims/jni.cpp, line 1366]
Event: 1894.240 Thread 0x0000020dea164800 Exception <a 'java/lang/NoSuchMethodError'{0x00000000b2dec7a8}: <clinit>> (0x00000000b2dec7a8) thrown at [./src/hotspot/share/prims/jni.cpp, line 1366]
Event: 1894.242 Thread 0x0000020dea164800 Exception <a 'java/lang/NoSuchMethodError'{0x00000000b2dfa998}: <clinit>> (0x00000000b2dfa998) thrown at [./src/hotspot/share/prims/jni.cpp, line 1366]
Event: 1894.328 Thread 0x0000020dea164800 Exception <a 'java/lang/ClassNotFoundException'{0x00000000b2992928}: org/jetbrains/plugins/gradle/tooling/util/JavaPluginUtilBeanInfo> (0x00000000b2992928) thrown at [./src/hotspot/share/classfile/systemDictionary.cpp, line 231]
Event: 1894.329 Thread 0x0000020dea164800 Exception <a 'java/lang/ClassNotFoundException'{0x00000000b29a12c0}: org/jetbrains/plugins/gradle/tooling/util/JavaPluginUtilCustomizer> (0x00000000b29a12c0) thrown at [./src/hotspot/share/classfile/systemDictionary.cpp, line 231]
Event: 1895.808 Thread 0x0000020dea164800 Exception <a 'sun/nio/fs/WindowsException'{0x00000000b3134310}> (0x00000000b3134310) thrown at [./src/hotspot/share/prims/jni.cpp, line 616]
Event: 1895.918 Thread 0x0000020dea164800 Exception <a 'sun/nio/fs/WindowsException'{0x00000000b31d6a68}> (0x00000000b31d6a68) thrown at [./src/hotspot/share/prims/jni.cpp, line 616]
Event: 1895.918 Thread 0x0000020dea164800 Exception <a 'sun/nio/fs/WindowsException'{0x00000000b31d7a28}> (0x00000000b31d7a28) thrown at [./src/hotspot/share/prims/jni.cpp, line 616]
Event: 1895.918 Thread 0x0000020dea164800 Exception <a 'sun/nio/fs/WindowsException'{0x00000000b31d8a38}> (0x00000000b31d8a38) thrown at [./src/hotspot/share/prims/jni.cpp, line 616]
Event: 1895.919 Thread 0x0000020dea164800 Exception <a 'sun/nio/fs/WindowsException'{0x00000000b31d9a48}> (0x00000000b31d9a48) thrown at [./src/hotspot/share/prims/jni.cpp, line 616]
Event: 1896.616 Thread 0x0000020dea164800 Exception <a 'java/lang/reflect/InvocationTargetException'{0x00000000b3205908}> (0x00000000b3205908) thrown at [./src/hotspot/share/runtime/reflection.cpp, line 1247]
Event: 1899.700 Thread 0x0000020dea164800 Exception <a 'java/lang/reflect/InvocationTargetException'{0x00000000b2d4bde8}> (0x00000000b2d4bde8) thrown at [./src/hotspot/share/runtime/reflection.cpp, line 1247]
Event: 1900.142 Thread 0x0000020dea164800 Exception <a 'java/lang/reflect/InvocationTargetException'{0x00000000b3345d08}> (0x00000000b3345d08) thrown at [./src/hotspot/share/runtime/reflection.cpp, line 1247]
Event: 1901.059 Thread 0x0000020dea164800 Exception <a 'java/lang/reflect/InvocationTargetException'{0x00000000b2c731a0}> (0x00000000b2c731a0) thrown at [./src/hotspot/share/runtime/reflection.cpp, line 1247]
Event: 1901.849 Thread 0x0000020dea164800 Exception <a 'java/lang/reflect/InvocationTargetException'{0x00000000b3103510}> (0x00000000b3103510) thrown at [./src/hotspot/share/runtime/reflection.cpp, line 1247]
Event: 1902.011 Thread 0x0000020dea164800 Exception <a 'java/lang/reflect/InvocationTargetException'{0x00000000b3281138}> (0x00000000b3281138) thrown at [./src/hotspot/share/runtime/reflection.cpp, line 1247]
Event: 1902.600 Thread 0x0000020dea164800 Exception <a 'java/lang/reflect/InvocationTargetException'{0x00000000b34f7c10}> (0x00000000b34f7c10) thrown at [./src/hotspot/share/runtime/reflection.cpp, line 1247]

Events (20 events):
Event: 1899.674 loading class kotlin/jvm/internal/CollectionToArray done
Event: 1899.884 Executing VM operation: G1CollectForAllocation
Event: 1899.899 Executing VM operation: G1CollectForAllocation done
Event: 1900.105 loading class com/android/tools/idea/gradle/model/CodeShrinker
Event: 1900.105 loading class com/android/tools/idea/gradle/model/CodeShrinker done
Event: 1900.117 Executing VM operation: G1CollectForAllocation
Event: 1900.127 Executing VM operation: G1CollectForAllocation done
Event: 1900.868 loading class org/gradle/api/internal/artifacts/ivyservice/resolveengine/result/ComponentSelectionReasons$1
Event: 1900.868 loading class org/gradle/api/internal/artifacts/ivyservice/resolveengine/result/ComponentSelectionReasons$1 done
Event: 1900.929 Executing VM operation: G1CollectForAllocation
Event: 1900.974 Executing VM operation: G1CollectForAllocation done
Event: 1901.156 Executing VM operation: G1CollectForAllocation
Event: 1901.190 Executing VM operation: G1CollectForAllocation done
Event: 1901.801 Executing VM operation: G1CollectForAllocation
Event: 1901.811 Executing VM operation: G1CollectForAllocation done
Event: 1901.957 Executing VM operation: G1CollectForAllocation
Event: 1901.965 Executing VM operation: G1CollectForAllocation done
Event: 1902.543 Executing VM operation: G1CollectForAllocation
Event: 1902.587 Executing VM operation: G1CollectForAllocation done
Event: 1902.969 Executing VM operation: G1CollectForAllocation


Dynamic libraries:
0x00007ff6f93b0000 - 0x00007ff6f93ba000 	C:\Program Files\Android\Android Studio1\jre\bin\java.exe
0x00007ffb50b30000 - 0x00007ffb50d28000 	C:\WINDOWS\SYSTEM32\ntdll.dll
0x00007ffb50540000 - 0x00007ffb505ff000 	C:\WINDOWS\System32\KERNEL32.DLL
0x00007ffb4e5a0000 - 0x00007ffb4e872000 	C:\WINDOWS\System32\KERNELBASE.dll
0x00007ffb4e880000 - 0x00007ffb4e980000 	C:\WINDOWS\System32\ucrtbase.dll
0x00007ffb22980000 - 0x00007ffb22999000 	C:\Program Files\Android\Android Studio1\jre\bin\jli.dll
0x00007ffb4f780000 - 0x00007ffb4f921000 	C:\WINDOWS\System32\USER32.dll
0x00007ffb4eb40000 - 0x00007ffb4eb62000 	C:\WINDOWS\System32\win32u.dll
0x00007ffb4f9a0000 - 0x00007ffb4f9cb000 	C:\WINDOWS\System32\GDI32.dll
0x00007ffb4ea30000 - 0x00007ffb4eb3f000 	C:\WINDOWS\System32\gdi32full.dll
0x00007ffb4e370000 - 0x00007ffb4e40d000 	C:\WINDOWS\System32\msvcp_win.dll
0x00007ffb1d170000 - 0x00007ffb1d187000 	C:\Program Files\Android\Android Studio1\jre\bin\VCRUNTIME140.dll
0x00007ffb2f7e0000 - 0x00007ffb2fa7a000 	C:\WINDOWS\WinSxS\amd64_microsoft.windows.common-controls_6595b64144ccf1df_6.0.19041.1110_none_60b5254171f9507e\COMCTL32.dll
0x00007ffb4f360000 - 0x00007ffb4f3fe000 	C:\WINDOWS\System32\msvcrt.dll
0x00007ffb4f2c0000 - 0x00007ffb4f2f2000 	C:\WINDOWS\System32\IMM32.DLL
0x00007ffb0c4b0000 - 0x00007ffb0c54d000 	C:\Program Files\Android\Android Studio1\jre\bin\msvcp140.dll
0x00007ffaf46f0000 - 0x00007ffaf51f2000 	C:\Program Files\Android\Android Studio1\jre\bin\server\jvm.dll
0x00007ffb50600000 - 0x00007ffb506ae000 	C:\WINDOWS\System32\ADVAPI32.dll
0x00007ffb4f6e0000 - 0x00007ffb4f77c000 	C:\WINDOWS\System32\sechost.dll
0x00007ffb4ff10000 - 0x00007ffb50035000 	C:\WINDOWS\System32\RPCRT4.dll
0x00007ffb50040000 - 0x00007ffb50048000 	C:\WINDOWS\System32\PSAPI.DLL
0x00007ffb423b0000 - 0x00007ffb423b9000 	C:\WINDOWS\SYSTEM32\WSOCK32.dll
0x00007ffb4fa80000 - 0x00007ffb4faeb000 	C:\WINDOWS\System32\WS2_32.dll
0x00007ffb41260000 - 0x00007ffb41287000 	C:\WINDOWS\SYSTEM32\WINMM.dll
0x00007ffb42390000 - 0x00007ffb4239a000 	C:\WINDOWS\SYSTEM32\VERSION.dll
0x00007ffb4c0c0000 - 0x00007ffb4c0d2000 	C:\WINDOWS\SYSTEM32\kernel.appcore.dll
0x00007ffb49250000 - 0x00007ffb49261000 	C:\Program Files\Android\Android Studio1\jre\bin\verify.dll
0x00007ffb36470000 - 0x00007ffb36654000 	C:\WINDOWS\SYSTEM32\DBGHELP.DLL
0x00007ffb36430000 - 0x00007ffb36465000 	C:\WINDOWS\SYSTEM32\dbgcore.DLL
0x00007ffb4e290000 - 0x00007ffb4e312000 	C:\WINDOWS\System32\bcryptPrimitives.dll
0x00007ffb48f90000 - 0x00007ffb48fb9000 	C:\Program Files\Android\Android Studio1\jre\bin\java.dll
0x00007ffb49eb0000 - 0x00007ffb49ebb000 	C:\Program Files\Android\Android Studio1\jre\bin\jimage.dll
0x00007ffb35e40000 - 0x00007ffb35e58000 	C:\Program Files\Android\Android Studio1\jre\bin\zip.dll
0x00007ffb4eb70000 - 0x00007ffb4f2b4000 	C:\WINDOWS\System32\SHELL32.dll
0x00007ffb4c2c0000 - 0x00007ffb4ca52000 	C:\WINDOWS\SYSTEM32\windows.storage.dll
0x00007ffb50790000 - 0x00007ffb50ae5000 	C:\WINDOWS\System32\combase.dll
0x00007ffb4dba0000 - 0x00007ffb4dbd0000 	C:\WINDOWS\SYSTEM32\Wldp.dll
0x00007ffb4fd90000 - 0x00007ffb4fe3d000 	C:\WINDOWS\System32\SHCORE.dll
0x00007ffb506b0000 - 0x00007ffb50705000 	C:\WINDOWS\System32\shlwapi.dll
0x00007ffb4e160000 - 0x00007ffb4e17f000 	C:\WINDOWS\SYSTEM32\profapi.dll
0x00007ffb35e20000 - 0x00007ffb35e3a000 	C:\Program Files\Android\Android Studio1\jre\bin\net.dll
0x00007ffb43e90000 - 0x00007ffb43f9c000 	C:\WINDOWS\SYSTEM32\WINHTTP.dll
0x00007ffb4d900000 - 0x00007ffb4d96a000 	C:\WINDOWS\system32\mswsock.dll
0x00007ffb35e00000 - 0x00007ffb35e14000 	C:\Program Files\Android\Android Studio1\jre\bin\nio.dll
0x00007ffb47f60000 - 0x00007ffb47f87000 	C:\Users\Wc\.gradle\native\e1d6ef7f7dcc3fd88c89a11ec53ec762bb8ba0a96d01ffa2cd45eb1d1d8dd5c5\windows-amd64\native-platform.dll
0x00007ffb0a550000 - 0x00007ffb0a694000 	C:\Users\Wc\.gradle\native\0d407fdbe67a94daf76414ababcb853783967236a71b16ec16e742cd7a986fd3\windows-amd64\native-platform-file-events.dll
0x00007ffb35df0000 - 0x00007ffb35dfa000 	C:\Program Files\Android\Android Studio1\jre\bin\management.dll
0x00007ffb35de0000 - 0x00007ffb35ded000 	C:\Program Files\Android\Android Studio1\jre\bin\management_ext.dll
0x00007ffb4db00000 - 0x00007ffb4db18000 	C:\WINDOWS\SYSTEM32\CRYPTSP.dll
0x00007ffb4d220000 - 0x00007ffb4d254000 	C:\WINDOWS\system32\rsaenh.dll
0x00007ffb4e410000 - 0x00007ffb4e437000 	C:\WINDOWS\System32\bcrypt.dll
0x00007ffb4e120000 - 0x00007ffb4e14e000 	C:\WINDOWS\SYSTEM32\USERENV.dll
0x00007ffb4daf0000 - 0x00007ffb4dafc000 	C:\WINDOWS\SYSTEM32\CRYPTBASE.dll
0x00007ffb4d5f0000 - 0x00007ffb4d62b000 	C:\WINDOWS\SYSTEM32\IPHLPAPI.DLL
0x00007ffb4f930000 - 0x00007ffb4f938000 	C:\WINDOWS\System32\NSI.dll
0x00007ffb44150000 - 0x00007ffb44167000 	C:\WINDOWS\SYSTEM32\dhcpcsvc6.DLL
0x00007ffb44500000 - 0x00007ffb4451d000 	C:\WINDOWS\SYSTEM32\dhcpcsvc.DLL
0x00007ffb4d630000 - 0x00007ffb4d6fa000 	C:\WINDOWS\SYSTEM32\DNSAPI.dll
0x00007ffb35d30000 - 0x00007ffb35d57000 	C:\Program Files\Android\Android Studio1\jre\bin\sunec.dll
0x00007ffb436f0000 - 0x00007ffb436fa000 	C:\Windows\System32\rasadhlp.dll
0x00007ffb43730000 - 0x00007ffb437b0000 	C:\WINDOWS\System32\fwpuclnt.dll
0x00007ffb4d340000 - 0x00007ffb4d373000 	C:\WINDOWS\SYSTEM32\ntmarta.dll

dbghelp: loaded successfully - version: 4.0.5 - missing functions: none
symbol engine: initialized successfully - sym options: 0x614 - pdb path: .;C:\Program Files\Android\Android Studio1\jre\bin;C:\WINDOWS\SYSTEM32;C:\WINDOWS\WinSxS\amd64_microsoft.windows.common-controls_6595b64144ccf1df_6.0.19041.1110_none_60b5254171f9507e;C:\Program Files\Android\Android Studio1\jre\bin\server;C:\Users\Wc\.gradle\native\e1d6ef7f7dcc3fd88c89a11ec53ec762bb8ba0a96d01ffa2cd45eb1d1d8dd5c5\windows-amd64;C:\Users\Wc\.gradle\native\0d407fdbe67a94daf76414ababcb853783967236a71b16ec16e742cd7a986fd3\windows-amd64

VM Arguments:
jvm_args: --add-opens=java.base/java.util=ALL-UNNAMED --add-opens=java.base/java.lang=ALL-UNNAMED --add-opens=java.base/java.lang.invoke=ALL-UNNAMED --add-opens=java.base/java.util=ALL-UNNAMED --add-opens=java.prefs/java.util.prefs=ALL-UNNAMED --add-opens=java.prefs/java.util.prefs=ALL-UNNAMED --add-opens=java.base/java.nio.charset=ALL-UNNAMED --add-opens=java.base/java.net=ALL-UNNAMED --add-opens=java.base/java.util.concurrent.atomic=ALL-UNNAMED -Xmx1536M -Dfile.encoding=windows-1252 -Duser.country=US -Duser.language=en -Duser.variant 
java_command: org.gradle.launcher.daemon.bootstrap.GradleDaemon 7.4
java_class_path (initial): C:\Users\Wc\.gradle\wrapper\dists\gradle-7.4-all\aadb4xli5jkdsnukm30eibyiu\gradle-7.4\lib\gradle-launcher-7.4.jar
Launcher Type: SUN_STANDARD

[Global flags]
     intx CICompilerCount                          = 3                                         {product} {ergonomic}
     uint ConcGCThreads                            = 1                                         {product} {ergonomic}
     uint G1ConcRefinementThreads                  = 4                                         {product} {ergonomic}
   size_t G1HeapRegionSize                         = 1048576                                   {product} {ergonomic}
    uintx GCDrainStackTargetSize                   = 64                                        {product} {ergonomic}
   size_t InitialHeapSize                          = 67108864                                  {product} {ergonomic}
   size_t MarkStackSize                            = 4194304                                   {product} {ergonomic}
   size_t MaxHeapSize                              = 1610612736                                {product} {command line}
   size_t MaxNewSize                               = 965738496                                 {product} {ergonomic}
   size_t MinHeapDeltaBytes                        = 1048576                                   {product} {ergonomic}
    uintx NonNMethodCodeHeapSize                   = 5830732                                {pd product} {ergonomic}
    uintx NonProfiledCodeHeapSize                  = 122913754                              {pd product} {ergonomic}
    uintx ProfiledCodeHeapSize                     = 122913754                              {pd product} {ergonomic}
    uintx ReservedCodeCacheSize                    = 251658240                              {pd product} {ergonomic}
     bool SegmentedCodeCache                       = true                                      {product} {ergonomic}
     bool UseCompressedClassPointers               = true                                 {lp64_product} {ergonomic}
     bool UseCompressedOops                        = true                                 {lp64_product} {ergonomic}
     bool UseG1GC                                  = true                                      {product} {ergonomic}
     bool UseLargePagesIndividualAllocation        = false                                  {pd product} {ergonomic}

Logging:
Log output configuration:
 #0: stdout all=warning uptime,level,tags
 #1: stderr all=off uptime,level,tags

Environment Variables:
PATH=C:\Python35\Lib\site-packages\PyQt5;C:\ProgramData\Oracle\Java\javapath;C:\WINDOWS\system32;C:\WINDOWS;C:\WINDOWS\System32\Wbem;C:\WINDOWS\System32\WindowsPowerShell\v1.0\;C:\WINDOWS\System32\OpenSSH\;C:\Program Files\Microsoft SQL Server\Client SDK\ODBC\110\Tools\Binn\;C:\Program Files (x86)\Microsoft SQL Server\120\Tools\Binn\;C:\Program Files\Microsoft SQL Server\120\Tools\Binn\;C:\Program Files\Microsoft SQL Server\120\DTS\Binn\;C:\Program Files (x86)\Microsoft SQL Server\120\Tools\Binn\ManagementStudio\;C:\Program Files (x86)\Microsoft SQL Server\120\DTS\Binn\;C:\Program Files\Git\cmd;C:\srs\flutter_windows_3.3.2-stable\flutter\bin;C:\Users\Wc\AppData\Local\GitHubDesktop\bin;%USERPROFILE%\AppData\Local\Microsoft\WindowsApps;
USERNAME=Wc
OS=Windows_NT
PROCESSOR_IDENTIFIER=Intel64 Family 6 Model 58 Stepping 9, GenuineIntel



---------------  S Y S T E M  ---------------

OS: Windows 10 , 64 bit Build 19041 (10.0.19041.2364)
OS uptime: 0 days 2:37 hours

CPU:total 4 (initial active 4) (2 cores per cpu, 2 threads per core) family 6 model 58 stepping 9 microcode 0x21, cmov, cx8, fxsr, mmx, sse, sse2, sse3, ssse3, sse4.1, sse4.2, popcnt, avx, aes, clmul, erms, ht, tsc, tscinvbit, tscinv

Memory: 4k page, system-wide physical 3980M (354M free)
TotalPageFile size 12684M (AvailPageFile size 4886M)
current process WorkingSet (physical memory assigned to process): 310M, peak: 437M
current process commit charge ("private bytes"): 732M, peak: 736M

vm_info: OpenJDK 64-Bit Server VM (11.0.13+0-b1751.21-8125866) for windows-amd64 JRE (11.0.13+0-b1751.21-8125866), built on Feb  2 2022 03:00:22 by "builder" with MS VC++ 14.0 (VS2015)

END.
