#
# A fatal error has been detected by the Java Runtime Environment:
#
#  EXCEPTION_ACCESS_VIOLATION (0xc0000005) at pc=0x00007ffa14ea2346, pid=10120, tid=10036
#
# JRE version: OpenJDK Runtime Environment (11.0.13) (build 11.0.13+0-b1751.21-8125866)
# Java VM: OpenJDK 64-Bit Server VM (11.0.13+0-b1751.21-8125866, mixed mode, tiered, compressed oops, g1 gc, windows-amd64)
# Problematic frame:
# V  [jvm.dll+0x192346]
#
# No core dump will be written. Minidumps are not enabled by default on client versions of Windows
#
# If you would like to submit a bug report, please visit:
#   https://bugreport.java.com/bugreport/crash.jsp
#

---------------  S U M M A R Y ------------

Command Line: --add-opens=java.base/java.util=ALL-UNNAMED --add-opens=java.base/java.lang=ALL-UNNAMED --add-opens=java.base/java.lang.invoke=ALL-UNNAMED --add-opens=java.base/java.util=ALL-UNNAMED --add-opens=java.prefs/java.util.prefs=ALL-UNNAMED --add-opens=java.prefs/java.util.prefs=ALL-UNNAMED --add-opens=java.base/java.nio.charset=ALL-UNNAMED --add-opens=java.base/java.net=ALL-UNNAMED --add-opens=java.base/java.util.concurrent.atomic=ALL-UNNAMED -Xmx1536M -Dfile.encoding=windows-1252 -Duser.country=US -Duser.language=en -Duser.variant org.gradle.launcher.daemon.bootstrap.GradleDaemon 7.4

Host: Intel(R) Core(TM) i5-3437U CPU @ 1.90GHz, 4 cores, 3G,  Windows 10 , 64 bit Build 19041 (10.0.19041.2364)
Time: Thu Jan 19 22:35:09 2023 Pakistan Standard Time elapsed time: 640.187199 seconds (0d 0h 10m 40s)

---------------  T H R E A D  ---------------

Current thread (0x0000026df4140800):  ConcurrentGCThread "G1 Conc#0" [stack: 0x000000ba11200000,0x000000ba11300000] [id=10036]

Stack: [0x000000ba11200000,0x000000ba11300000],  sp=0x000000ba112ff518,  free space=1021k
Native frames: (J=compiled Java code, j=interpreted, Vv=VM code, C=native code)
V  [jvm.dll+0x192346]


siginfo: EXCEPTION_ACCESS_VIOLATION (0xc0000005), reading address 0x0000000000000030


Register to memory mapping:

RIP=0x00007ffa14ea2346 jvm.dll
RAX=0x0220022002011001 is an unknown value
RBX=0x00000000a0a53b00 points into unknown readable memory: 0x00000000a1555098 | 98 50 55 a1 00 00 00 00
RCX=0x00000000a0a53b00 points into unknown readable memory: 0x00000000a1555098 | 98 50 55 a1 00 00 00 00
RDX=0x00000000a0a53b00 points into unknown readable memory: 0x00000000a1555098 | 98 50 55 a1 00 00 00 00
RSP=0x000000ba112ff518 points into unknown readable memory: 0x00007ffa14ff50ba | ba 50 ff 14 fa 7f 00 00
RBP=0x0000026df4138e20 points into unknown readable memory: 0x0000026df413f800 | 00 f8 13 f4 6d 02 00 00
RSI=0x0000000000000001 is an unknown value
RDI=0x0 is NULL
R8 =0x0220022002011088 is an unknown value
R9 =0x0000000000000028 is an unknown value
R10=0x0000026df4138e20 points into unknown readable memory: 0x0000026df413f800 | 00 f8 13 f4 6d 02 00 00
R11=0x0000026dfbb60000 points into unknown readable memory: 0x0000000000000001 | 01 00 00 00 00 00 00 00
R12=0x000000000000000c is an unknown value
R13=0xaaaaaaaaaaaaaaab is an unknown value
R14=0x0 is NULL
R15=0x00000000a2356568 is an oop: java.util.concurrent.ConcurrentHashMap$Node 
{0x00000000a2356568} - klass: 'java/util/concurrent/ConcurrentHashMap$Node'


Registers:
RAX=0x0220022002011001, RBX=0x00000000a0a53b00, RCX=0x00000000a0a53b00, RDX=0x00000000a0a53b00
RSP=0x000000ba112ff518, RBP=0x0000026df4138e20, RSI=0x0000000000000001, RDI=0x0000000000000000
R8 =0x0220022002011088, R9 =0x0000000000000028, R10=0x0000026df4138e20, R11=0x0000026dfbb60000
R12=0x000000000000000c, R13=0xaaaaaaaaaaaaaaab, R14=0x0000000000000000, R15=0x00000000a2356568
RIP=0x00007ffa14ea2346, EFLAGS=0x0000000000010206

Top of Stack: (sp=0x000000ba112ff518)
0x000000ba112ff518:   00007ffa14ff50ba 00000000a0a53b00
0x000000ba112ff528:   000000010001ac30 00000000a15550b8
0x000000ba112ff538:   00007ffa14fee01e 000000010001ac38
0x000000ba112ff548:   00007ffa14ff4f66 000000010001ac30
0x000000ba112ff558:   00000000a0a53b00 0000026df4141890
0x000000ba112ff568:   000000ba112ff728 0000000000000000
0x000000ba112ff578:   0000026df4141301 00000000a2356584
0x000000ba112ff588:   00007ffa14fecdcd 0000000000000004
0x000000ba112ff598:   00000000a2356578 0000000000000004
0x000000ba112ff5a8:   000000ba112ff728 000000ba112ff700
0x000000ba112ff5b8:   0000026df4141301 000000010001a9e8
0x000000ba112ff5c8:   00007ffa14fec681 0000000000000004
0x000000ba112ff5d8:   000000ba112ff728 00000000a2356568
0x000000ba112ff5e8:   0000000000000000 00000000a2356568
0x000000ba112ff5f8:   00007ffa14ffac0f 0000026df4141890
0x000000ba112ff608:   0000000000480000 000000ba112ff700 

Instructions: (pc=0x00007ffa14ea2346)
0x00007ffa14ea2246:   48 89 5c 24 20 e8 f0 00 00 00 80 7f 30 00 48 63
0x00007ffa14ea2256:   c8 48 89 4c 24 28 0f 28 44 24 20 74 17 0f 11 86
0x00007ffa14ea2266:   98 03 00 00 48 8b 5c 24 40 48 8b 74 24 48 48 83
0x00007ffa14ea2276:   c4 30 5f c3 48 8b 07 48 8d 54 24 20 48 8b cf 66
0x00007ffa14ea2286:   0f 7f 44 24 20 ff 50 38 48 8b 5c 24 40 48 8b 74
0x00007ffa14ea2296:   24 48 48 83 c4 30 5f c3 cc cc 40 53 48 83 ec 30
0x00007ffa14ea22a6:   0f 10 82 98 03 00 00 48 8b da 0f 10 c8 66 0f 73
0x00007ffa14ea22b6:   d9 08 66 48 0f 7e c8 48 85 c0 74 28 48 8b 01 48
0x00007ffa14ea22c6:   8d 54 24 20 0f 29 44 24 20 ff 50 40 33 c0 48 89
0x00007ffa14ea22d6:   44 24 20 48 89 44 24 28 0f 10 44 24 20 0f 11 83
0x00007ffa14ea22e6:   98 03 00 00 48 83 c4 30 5b c3 48 8b 49 38 48 8b
0x00007ffa14ea22f6:   01 48 ff 60 28 cc cc cc cc cc 80 3d d2 5e 89 00
0x00007ffa14ea2306:   00 48 8b c1 74 1b 8b 51 08 8b 0d 03 cb 84 00 48
0x00007ffa14ea2316:   d3 e2 48 8b c8 48 03 15 ee ca 84 00 e9 19 00 00
0x00007ffa14ea2326:   00 48 8b 51 08 48 8b c8 e9 0d 00 00 00 cc cc cc
0x00007ffa14ea2336:   cc cc cc cc cc cc cc cc cc cc 4c 8b ca 48 8b d1
0x00007ffa14ea2346:   45 8b 41 08 45 85 c0 7e 0e 41 f6 c0 01 75 59 41
0x00007ffa14ea2356:   c1 f8 03 41 8b c0 c3 79 4f 80 3d 73 5e 89 00 00
0x00007ffa14ea2366:   b8 0c 00 00 00 b9 10 00 00 00 0f 45 c8 8b 05 1b
0x00007ffa14ea2376:   14 83 00 ff c8 4c 63 c8 48 63 c1 41 8b c8 83 e1
0x00007ffa14ea2386:   3f 48 63 14 10 41 8b c0 48 c1 f8 10 0f b6 c0 48
0x00007ffa14ea2396:   d3 e2 49 8d 0c 11 49 f7 d1 48 03 c1 49 c1 e9 03
0x00007ffa14ea23a6:   48 c1 e8 03 41 23 c1 c3 49 8b 01 49 8b c9 48 ff
0x00007ffa14ea23b6:   a0 10 01 00 00 cc cc cc cc cc 48 8b c2 c3 cc cc
0x00007ffa14ea23c6:   cc cc cc cc cc cc cc cc cc cc 48 83 ec 38 48 8b
0x00007ffa14ea23d6:   41 38 80 78 08 00 74 00 0f 10 02 48 8b 49 38 48
0x00007ffa14ea23e6:   8d 54 24 20 0f 29 44 24 20 e8 3c f0 ff ff 48 83
0x00007ffa14ea23f6:   c4 38 c3 cc cc cc cc cc cc cc 48 83 ec 38 0f 10
0x00007ffa14ea2406:   02 48 8b 01 48 8d 54 24 20 0f 29 44 24 20 ff 50
0x00007ffa14ea2416:   38 48 83 c4 38 c3 cc cc cc cc 48 89 5c 24 08 55
0x00007ffa14ea2426:   56 57 41 54 41 55 41 56 41 57 48 8d 6c 24 e0 48
0x00007ffa14ea2436:   81 ec 20 01 00 00 48 8b 05 4d 51 86 00 48 33 c4 


Stack slot to memory mapping:
stack at sp + 0 slots: 0x00007ffa14ff50ba jvm.dll
stack at sp + 1 slots: 0x00000000a0a53b00 points into unknown readable memory: 0x00000000a1555098 | 98 50 55 a1 00 00 00 00
stack at sp + 2 slots: 0x000000010001ac30 is pointing into metadata
stack at sp + 3 slots: 0x00000000a15550b8 is an oop: java.lang.invoke.MethodType$ConcurrentWeakInternSet$WeakEntry 
{0x00000000a15550b8} - klass: 'java/lang/invoke/MethodType$ConcurrentWeakInternSet$WeakEntry'
stack at sp + 4 slots: 0x00007ffa14fee01e jvm.dll
stack at sp + 5 slots: 0x000000010001ac38 is a pointer to class: 
stack at sp + 6 slots: 0x00007ffa14ff4f66 jvm.dll
stack at sp + 7 slots: 0x000000010001ac30 is pointing into metadata


---------------  P R O C E S S  ---------------

Threads class SMR info:
_java_thread_list=0x0000026d97b0b780, length=80, elements={
0x0000026df4100000, 0x0000026dff915800, 0x0000026dff918000, 0x0000026dff97d000,
0x0000026dff97e000, 0x0000026dff981000, 0x0000026dff982000, 0x0000026dff983000,
0x0000026dffad0800, 0x0000026dffbed000, 0x0000026d91197000, 0x0000026d90731000,
0x0000026d90fec800, 0x0000026d90333000, 0x0000026d90334000, 0x0000026d90334800,
0x0000026d90332000, 0x0000026d90330000, 0x0000026d918a8800, 0x0000026d918a9800,
0x0000026d918aa800, 0x0000026d918ab000, 0x0000026d918a7000, 0x0000026d918ad000,
0x0000026d938f8800, 0x0000026d95c4a800, 0x0000026d95c46800, 0x0000026d95c48000,
0x0000026d95c43800, 0x0000026d95c45800, 0x0000026d95c47800, 0x0000026d95c49000,
0x0000026d95c4a000, 0x0000026d95c44000, 0x0000026d95c45000, 0x0000026d95c4d000,
0x0000026d95c4f800, 0x0000026d95c4e000, 0x0000026d95c4e800, 0x0000026d95c50800,
0x0000026d95c51000, 0x0000026d95c4b800, 0x0000026d95c4c000, 0x0000026d95c52000,
0x0000026d938f3000, 0x0000026d938f5000, 0x0000026d938f3800, 0x0000026d938f7000,
0x0000026d938f4800, 0x0000026d938f6000, 0x0000026d938f7800, 0x0000026d938f2000,
0x0000026d938fb800, 0x0000026d938fb000, 0x0000026d938fc800, 0x0000026d938fa000,
0x0000026d938fe000, 0x0000026d938ff000, 0x0000026d938f9800, 0x0000026d93900000,
0x0000026d93900800, 0x0000026d918ad800, 0x0000026d918a8000, 0x0000026d918b1000,
0x0000026d918b4000, 0x0000026d918b1800, 0x0000026d918b2800, 0x0000026d918b3800,
0x0000026d918ae800, 0x0000026d918b5000, 0x0000026d918af800, 0x0000026d918b6000,
0x0000026d918b0000, 0x0000026d96038000, 0x0000026d9603e000, 0x0000026d9603b800,
0x0000026d9603a800, 0x0000026d9603d000, 0x0000026d9603c000, 0x0000026d96039000
}

Java Threads: ( => current thread )
  0x0000026df4100000 JavaThread "main" [_thread_blocked, id=10144, stack(0x000000ba10f00000,0x000000ba11000000)]
  0x0000026dff915800 JavaThread "Reference Handler" daemon [_thread_blocked, id=13020, stack(0x000000ba11600000,0x000000ba11700000)]
  0x0000026dff918000 JavaThread "Finalizer" daemon [_thread_blocked, id=2648, stack(0x000000ba11700000,0x000000ba11800000)]
  0x0000026dff97d000 JavaThread "Signal Dispatcher" daemon [_thread_blocked, id=4716, stack(0x000000ba11800000,0x000000ba11900000)]
  0x0000026dff97e000 JavaThread "Attach Listener" daemon [_thread_blocked, id=9248, stack(0x000000ba11900000,0x000000ba11a00000)]
  0x0000026dff981000 JavaThread "Service Thread" daemon [_thread_blocked, id=11588, stack(0x000000ba11a00000,0x000000ba11b00000)]
  0x0000026dff982000 JavaThread "C2 CompilerThread0" daemon [_thread_in_native, id=7940, stack(0x000000ba11b00000,0x000000ba11c00000)]
  0x0000026dff983000 JavaThread "C1 CompilerThread0" daemon [_thread_blocked, id=9124, stack(0x000000ba11c00000,0x000000ba11d00000)]
  0x0000026dffad0800 JavaThread "Sweeper thread" daemon [_thread_blocked, id=8940, stack(0x000000ba11d00000,0x000000ba11e00000)]
  0x0000026dffbed000 JavaThread "Common-Cleaner" daemon [_thread_blocked, id=5848, stack(0x000000ba11e00000,0x000000ba11f00000)]
  0x0000026d91197000 JavaThread "Daemon health stats" [_thread_blocked, id=9808, stack(0x000000ba12100000,0x000000ba12200000)]
  0x0000026d90731000 JavaThread "Incoming local TCP Connector on port 61932" [_thread_in_native, id=6200, stack(0x000000ba12200000,0x000000ba12300000)]
  0x0000026d90fec800 JavaThread "Daemon periodic checks" [_thread_blocked, id=6264, stack(0x000000ba12300000,0x000000ba12400000)]
  0x0000026d90333000 JavaThread "Cache worker for journal cache (C:\Users\Wc\.gradle\caches\journal-1)" [_thread_blocked, id=13988, stack(0x000000ba12d00000,0x000000ba12e00000)]
  0x0000026d90334000 JavaThread "File lock request listener" [_thread_in_native, id=6744, stack(0x000000ba12e00000,0x000000ba12f00000)]
  0x0000026d90334800 JavaThread "Cache worker for file hash cache (C:\Users\Wc\.gradle\caches\7.4\fileHashes)" [_thread_blocked, id=2920, stack(0x000000ba12f00000,0x000000ba13000000)]
  0x0000026d90332000 JavaThread "File watcher server" daemon [_thread_in_native, id=5676, stack(0x000000ba13100000,0x000000ba13200000)]
  0x0000026d90330000 JavaThread "File watcher consumer" daemon [_thread_blocked, id=4684, stack(0x000000ba13200000,0x000000ba13300000)]
  0x0000026d918a8800 JavaThread "Cache worker for execution history cache (C:\Users\Wc\.gradle\caches\7.4\executionHistory)" [_thread_blocked, id=11904, stack(0x000000ba13700000,0x000000ba13800000)]
  0x0000026d918a9800 JavaThread "jar transforms" [_thread_blocked, id=1524, stack(0x000000ba13600000,0x000000ba13700000)]
  0x0000026d918aa800 JavaThread "jar transforms Thread 2" [_thread_blocked, id=5536, stack(0x000000ba13800000,0x000000ba13900000)]
  0x0000026d918ab000 JavaThread "Cache worker for file content cache (C:\Users\Wc\.gradle\caches\7.4\fileContent)" [_thread_blocked, id=12924, stack(0x000000ba13900000,0x000000ba13a00000)]
  0x0000026d918a7000 JavaThread "jar transforms Thread 3" [_thread_blocked, id=12400, stack(0x000000ba13a00000,0x000000ba13b00000)]
  0x0000026d918ad000 JavaThread "jar transforms Thread 4" [_thread_blocked, id=11208, stack(0x000000ba13b00000,0x000000ba13c00000)]
  0x0000026d938f8800 JavaThread "Memory manager" [_thread_blocked, id=14188, stack(0x000000ba16600000,0x000000ba16700000)]
  0x0000026d95c4a800 JavaThread "ForkJoinPool.commonPool-worker-1" daemon [_thread_blocked, id=6132, stack(0x000000ba16400000,0x000000ba16500000)]
  0x0000026d95c46800 JavaThread "Daemon Thread 4" [_thread_blocked, id=11540, stack(0x000000ba10d00000,0x000000ba10e00000)]
  0x0000026d95c48000 JavaThread "Handler for socket connection from /127.0.0.1:61932 to /127.0.0.1:55302" [_thread_in_native, id=11804, stack(0x000000ba10e00000,0x000000ba10f00000)]
  0x0000026d95c43800 JavaThread "Cancel handler" [_thread_blocked, id=13788, stack(0x000000ba12400000,0x000000ba12500000)]
  0x0000026d95c45800 JavaThread "Daemon worker Thread 4" [_thread_in_Java, id=9580, stack(0x000000ba12500000,0x000000ba12600000)]
  0x0000026d95c47800 JavaThread "Asynchronous log dispatcher for DefaultDaemonConnection: socket connection from /127.0.0.1:61932 to /127.0.0.1:55302" [_thread_blocked, id=7664, stack(0x000000ba12600000,0x000000ba12700000)]
  0x0000026d95c49000 JavaThread "Stdin handler" [_thread_blocked, id=8440, stack(0x000000ba12700000,0x000000ba12800000)]
  0x0000026d95c4a000 JavaThread "Daemon client event forwarder" [_thread_blocked, id=1192, stack(0x000000ba12a00000,0x000000ba12b00000)]
  0x0000026d95c44000 JavaThread "Cache worker for checksums cache (C:\Users\Wc\Documents\GitHub\Mobile-App-SP19-BCS-078\final_task_078\android\.gradle\7.4\checksums)" [_thread_blocked, id=12652, stack(0x000000ba12b00000,0x000000ba12c00000)]
  0x0000026d95c45000 JavaThread "Cache worker for cache directory md-rule (C:\Users\Wc\.gradle\caches\7.4\md-rule)" [_thread_blocked, id=2532, stack(0x000000ba12c00000,0x000000ba12d00000)]
  0x0000026d95c4d000 JavaThread "Cache worker for file hash cache (C:\Users\Wc\Documents\GitHub\Mobile-App-SP19-BCS-078\final_task_078\android\.gradle\7.4\fileHashes)" [_thread_blocked, id=6900, stack(0x000000ba13000000,0x000000ba13100000)]
  0x0000026d95c4f800 JavaThread "Cache worker for cache directory md-supplier (C:\Users\Wc\.gradle\caches\7.4\md-supplier)" [_thread_blocked, id=1896, stack(0x000000ba13300000,0x000000ba13400000)]
  0x0000026d95c4e000 JavaThread "Cache worker for dependencies-accessors (C:\Users\Wc\Documents\GitHub\Mobile-App-SP19-BCS-078\final_task_078\android\.gradle\7.4\dependencies-accessors)" [_thread_blocked, id=10016, stack(0x000000ba13400000,0x000000ba13500000)]
  0x0000026d95c4e800 JavaThread "Cache worker for Build Output Cleanup Cache (C:\Users\Wc\Documents\GitHub\Mobile-App-SP19-BCS-078\final_task_078\android\.gradle\buildOutputCleanup)" [_thread_blocked, id=10400, stack(0x000000ba13500000,0x000000ba13600000)]
  0x0000026d95c50800 JavaThread "Unconstrained build operations" [_thread_blocked, id=9212, stack(0x000000ba13c00000,0x000000ba13d00000)]
  0x0000026d95c51000 JavaThread "Unconstrained build operations Thread 2" [_thread_blocked, id=8976, stack(0x000000ba13d00000,0x000000ba13e00000)]
  0x0000026d95c4b800 JavaThread "Unconstrained build operations Thread 3" [_thread_blocked, id=2284, stack(0x000000ba13e00000,0x000000ba13f00000)]
  0x0000026d95c4c000 JavaThread "Unconstrained build operations Thread 4" [_thread_blocked, id=7432, stack(0x000000ba13f00000,0x000000ba14000000)]
  0x0000026d95c52000 JavaThread "Unconstrained build operations Thread 5" [_thread_blocked, id=2492, stack(0x000000ba14000000,0x000000ba14100000)]
  0x0000026d938f3000 JavaThread "Unconstrained build operations Thread 6" [_thread_blocked, id=6484, stack(0x000000ba14100000,0x000000ba14200000)]
  0x0000026d938f5000 JavaThread "Unconstrained build operations Thread 7" [_thread_blocked, id=13632, stack(0x000000ba14200000,0x000000ba14300000)]
  0x0000026d938f3800 JavaThread "Unconstrained build operations Thread 8" [_thread_blocked, id=5400, stack(0x000000ba14300000,0x000000ba14400000)]
  0x0000026d938f7000 JavaThread "Unconstrained build operations Thread 9" [_thread_blocked, id=10992, stack(0x000000ba14400000,0x000000ba14500000)]
  0x0000026d938f4800 JavaThread "Unconstrained build operations Thread 10" [_thread_blocked, id=7132, stack(0x000000ba14500000,0x000000ba14600000)]
  0x0000026d938f6000 JavaThread "Unconstrained build operations Thread 11" [_thread_blocked, id=13764, stack(0x000000ba14600000,0x000000ba14700000)]
  0x0000026d938f7800 JavaThread "Unconstrained build operations Thread 12" [_thread_blocked, id=10864, stack(0x000000ba14700000,0x000000ba14800000)]
  0x0000026d938f2000 JavaThread "Unconstrained build operations Thread 13" [_thread_blocked, id=12364, stack(0x000000ba14800000,0x000000ba14900000)]
  0x0000026d938fb800 JavaThread "Unconstrained build operations Thread 14" [_thread_blocked, id=12840, stack(0x000000ba14900000,0x000000ba14a00000)]
  0x0000026d938fb000 JavaThread "Unconstrained build operations Thread 15" [_thread_blocked, id=13168, stack(0x000000ba14a00000,0x000000ba14b00000)]
  0x0000026d938fc800 JavaThread "Unconstrained build operations Thread 16" [_thread_blocked, id=11576, stack(0x000000ba14b00000,0x000000ba14c00000)]
  0x0000026d938fa000 JavaThread "Unconstrained build operations Thread 17" [_thread_blocked, id=13388, stack(0x000000ba14c00000,0x000000ba14d00000)]
  0x0000026d938fe000 JavaThread "Unconstrained build operations Thread 18" [_thread_blocked, id=10912, stack(0x000000ba14d00000,0x000000ba14e00000)]
  0x0000026d938ff000 JavaThread "Unconstrained build operations Thread 19" [_thread_blocked, id=10288, stack(0x000000ba14e00000,0x000000ba14f00000)]
  0x0000026d938f9800 JavaThread "Unconstrained build operations Thread 20" [_thread_blocked, id=3848, stack(0x000000ba14f00000,0x000000ba15000000)]
  0x0000026d93900000 JavaThread "Unconstrained build operations Thread 21" [_thread_blocked, id=7996, stack(0x000000ba15000000,0x000000ba15100000)]
  0x0000026d93900800 JavaThread "Unconstrained build operations Thread 22" [_thread_blocked, id=7360, stack(0x000000ba15100000,0x000000ba15200000)]
  0x0000026d918ad800 JavaThread "Unconstrained build operations Thread 23" [_thread_blocked, id=9652, stack(0x000000ba15200000,0x000000ba15300000)]
  0x0000026d918a8000 JavaThread "Unconstrained build operations Thread 24" [_thread_blocked, id=3284, stack(0x000000ba15300000,0x000000ba15400000)]
  0x0000026d918b1000 JavaThread "Unconstrained build operations Thread 25" [_thread_blocked, id=1676, stack(0x000000ba15400000,0x000000ba15500000)]
  0x0000026d918b4000 JavaThread "Unconstrained build operations Thread 26" [_thread_blocked, id=1180, stack(0x000000ba15500000,0x000000ba15600000)]
  0x0000026d918b1800 JavaThread "Unconstrained build operations Thread 27" [_thread_blocked, id=12344, stack(0x000000ba15600000,0x000000ba15700000)]
  0x0000026d918b2800 JavaThread "Unconstrained build operations Thread 28" [_thread_blocked, id=724, stack(0x000000ba15700000,0x000000ba15800000)]
  0x0000026d918b3800 JavaThread "Unconstrained build operations Thread 29" [_thread_blocked, id=6808, stack(0x000000ba15800000,0x000000ba15900000)]
  0x0000026d918ae800 JavaThread "Unconstrained build operations Thread 30" [_thread_blocked, id=7960, stack(0x000000ba15900000,0x000000ba15a00000)]
  0x0000026d918b5000 JavaThread "Unconstrained build operations Thread 31" [_thread_blocked, id=1056, stack(0x000000ba15a00000,0x000000ba15b00000)]
  0x0000026d918af800 JavaThread "Unconstrained build operations Thread 32" [_thread_blocked, id=5396, stack(0x000000ba15b00000,0x000000ba15c00000)]
  0x0000026d918b6000 JavaThread "Unconstrained build operations Thread 33" [_thread_blocked, id=8460, stack(0x000000ba15c00000,0x000000ba15d00000)]
  0x0000026d918b0000 JavaThread "Unconstrained build operations Thread 34" [_thread_blocked, id=7300, stack(0x000000ba15d00000,0x000000ba15e00000)]
  0x0000026d96038000 JavaThread "Unconstrained build operations Thread 35" [_thread_blocked, id=13344, stack(0x000000ba15e00000,0x000000ba15f00000)]
  0x0000026d9603e000 JavaThread "Unconstrained build operations Thread 36" [_thread_blocked, id=13460, stack(0x000000ba15f00000,0x000000ba16000000)]
  0x0000026d9603b800 JavaThread "Unconstrained build operations Thread 37" [_thread_blocked, id=1484, stack(0x000000ba16000000,0x000000ba16100000)]
  0x0000026d9603a800 JavaThread "Unconstrained build operations Thread 38" [_thread_blocked, id=10380, stack(0x000000ba16100000,0x000000ba16200000)]
  0x0000026d9603d000 JavaThread "Unconstrained build operations Thread 39" [_thread_blocked, id=14176, stack(0x000000ba16200000,0x000000ba16300000)]
  0x0000026d9603c000 JavaThread "Unconstrained build operations Thread 40" [_thread_blocked, id=13624, stack(0x000000ba16300000,0x000000ba16400000)]
  0x0000026d96039000 JavaThread "build event listener" [_thread_blocked, id=12052, stack(0x000000ba16500000,0x000000ba16600000)]

Other Threads:
  0x0000026dff8f0000 VMThread "VM Thread" [stack: 0x000000ba11500000,0x000000ba11600000] [id=6016]
  0x0000026dffc0c000 WatcherThread [stack: 0x000000ba11f00000,0x000000ba12000000] [id=1228]
  0x0000026df4119000 GCTaskThread "GC Thread#0" [stack: 0x000000ba11000000,0x000000ba11100000] [id=12156]
  0x0000026d8f93c000 GCTaskThread "GC Thread#1" [stack: 0x000000ba12000000,0x000000ba12100000] [id=10812]
  0x0000026d9072f800 GCTaskThread "GC Thread#2" [stack: 0x000000ba12800000,0x000000ba12900000] [id=10088]
  0x0000026d8fac0800 GCTaskThread "GC Thread#3" [stack: 0x000000ba12900000,0x000000ba12a00000] [id=10168]
  0x0000026df413f800 ConcurrentGCThread "G1 Main Marker" [stack: 0x000000ba11100000,0x000000ba11200000] [id=12212]
=>0x0000026df4140800 ConcurrentGCThread "G1 Conc#0" [stack: 0x000000ba11200000,0x000000ba11300000] [id=10036]
  0x0000026df419b000 ConcurrentGCThread "G1 Refine#0" [stack: 0x000000ba11300000,0x000000ba11400000] [id=8728]
  0x0000026df419c000 ConcurrentGCThread "G1 Young RemSet Sampling" [stack: 0x000000ba11400000,0x000000ba11500000] [id=7452]

Threads with active compile tasks:
C2 CompilerThread0 640259 19093   !   4       org.gradle.api.internal.artifacts.ivyservice.resolveengine.graph.builder.NodeState::visitDependencies (192 bytes)

VM state:not at safepoint (normal execution)

VM Mutex/Monitor currently owned by a thread: None

Heap address: 0x00000000a0000000, size: 1536 MB, Compressed Oops mode: 32-bit
Narrow klass base: 0x0000000000000000, Narrow klass shift: 3
Compressed class space size: 1073741824 Address: 0x0000000100000000

Heap:
 garbage-first heap   total 296960K, used 233175K [0x00000000a0000000, 0x0000000100000000)
  region size 1024K, 17 young (17408K), 3 survivors (3072K)
 Metaspace       used 106318K, capacity 110512K, committed 110800K, reserved 1144832K
  class space    used 13553K, capacity 14921K, committed 14976K, reserved 1048576K
Heap Regions: E=young(eden), S=young(survivor), O=old, HS=humongous(starts), HC=humongous(continues), CS=collection set, F=free, A=archive, TAMS=top-at-mark-start (previous, next)
|   0|0x00000000a0000000, 0x00000000a0100000, 0x00000000a0100000|100%|HS|  |TAMS 0x00000000a0100000, 0x00000000a0100000| Complete 
|   1|0x00000000a0100000, 0x00000000a0200000, 0x00000000a0200000|100%|HC|  |TAMS 0x00000000a0200000, 0x00000000a0200000| Complete 
|   2|0x00000000a0200000, 0x00000000a0300000, 0x00000000a0300000|100%|HC|  |TAMS 0x00000000a0300000, 0x00000000a0300000| Complete 
|   3|0x00000000a0300000, 0x00000000a0400000, 0x00000000a0400000|100%| O|  |TAMS 0x00000000a0400000, 0x00000000a0400000| Untracked 
|   4|0x00000000a0400000, 0x00000000a0500000, 0x00000000a0500000|100%| O|  |TAMS 0x00000000a0500000, 0x00000000a0500000| Untracked 
|   5|0x00000000a0500000, 0x00000000a0600000, 0x00000000a0600000|100%| O|  |TAMS 0x00000000a0600000, 0x00000000a0600000| Untracked 
|   6|0x00000000a0600000, 0x00000000a0700000, 0x00000000a0700000|100%| O|  |TAMS 0x00000000a0700000, 0x00000000a0700000| Untracked 
|   7|0x00000000a0700000, 0x00000000a0800000, 0x00000000a0800000|100%| O|  |TAMS 0x00000000a0800000, 0x00000000a0800000| Untracked 
|   8|0x00000000a0800000, 0x00000000a0900000, 0x00000000a0900000|100%| O|  |TAMS 0x00000000a0900000, 0x00000000a0900000| Untracked 
|   9|0x00000000a0900000, 0x00000000a0a00000, 0x00000000a0a00000|100%| O|  |TAMS 0x00000000a0a00000, 0x00000000a0a00000| Untracked 
|  10|0x00000000a0a00000, 0x00000000a0b00000, 0x00000000a0b00000|100%| O|  |TAMS 0x00000000a0b00000, 0x00000000a0b00000| Untracked 
|  11|0x00000000a0b00000, 0x00000000a0c00000, 0x00000000a0c00000|100%| O|  |TAMS 0x00000000a0c00000, 0x00000000a0c00000| Untracked 
|  12|0x00000000a0c00000, 0x00000000a0d00000, 0x00000000a0d00000|100%| O|  |TAMS 0x00000000a0d00000, 0x00000000a0d00000| Untracked 
|  13|0x00000000a0d00000, 0x00000000a0e00000, 0x00000000a0e00000|100%| O|  |TAMS 0x00000000a0e00000, 0x00000000a0e00000| Untracked 
|  14|0x00000000a0e00000, 0x00000000a0f00000, 0x00000000a0f00000|100%| O|  |TAMS 0x00000000a0f00000, 0x00000000a0f00000| Untracked 
|  15|0x00000000a0f00000, 0x00000000a1000000, 0x00000000a1000000|100%| O|  |TAMS 0x00000000a1000000, 0x00000000a1000000| Untracked 
|  16|0x00000000a1000000, 0x00000000a1100000, 0x00000000a1100000|100%| O|  |TAMS 0x00000000a1100000, 0x00000000a1100000| Untracked 
|  17|0x00000000a1100000, 0x00000000a1200000, 0x00000000a1200000|100%| O|  |TAMS 0x00000000a1200000, 0x00000000a1200000| Untracked 
|  18|0x00000000a1200000, 0x00000000a1300000, 0x00000000a1300000|100%| O|  |TAMS 0x00000000a1300000, 0x00000000a1300000| Untracked 
|  19|0x00000000a1300000, 0x00000000a1400000, 0x00000000a1400000|100%| O|  |TAMS 0x00000000a1400000, 0x00000000a1400000| Untracked 
|  20|0x00000000a1400000, 0x00000000a1500000, 0x00000000a1500000|100%| O|  |TAMS 0x00000000a1500000, 0x00000000a1500000| Untracked 
|  21|0x00000000a1500000, 0x00000000a1600000, 0x00000000a1600000|100%| O|  |TAMS 0x00000000a1600000, 0x00000000a1600000| Untracked 
|  22|0x00000000a1600000, 0x00000000a1700000, 0x00000000a1700000|100%| O|  |TAMS 0x00000000a1700000, 0x00000000a1700000| Untracked 
|  23|0x00000000a1700000, 0x00000000a1800000, 0x00000000a1800000|100%| O|  |TAMS 0x00000000a1800000, 0x00000000a1800000| Untracked 
|  24|0x00000000a1800000, 0x00000000a1900000, 0x00000000a1900000|100%| O|  |TAMS 0x00000000a1900000, 0x00000000a1900000| Untracked 
|  25|0x00000000a1900000, 0x00000000a1a00000, 0x00000000a1a00000|100%| O|  |TAMS 0x00000000a1a00000, 0x00000000a1a00000| Untracked 
|  26|0x00000000a1a00000, 0x00000000a1b00000, 0x00000000a1b00000|100%| O|  |TAMS 0x00000000a1b00000, 0x00000000a1b00000| Untracked 
|  27|0x00000000a1b00000, 0x00000000a1c00000, 0x00000000a1c00000|100%| O|  |TAMS 0x00000000a1c00000, 0x00000000a1c00000| Untracked 
|  28|0x00000000a1c00000, 0x00000000a1d00000, 0x00000000a1d00000|100%| O|  |TAMS 0x00000000a1d00000, 0x00000000a1d00000| Untracked 
|  29|0x00000000a1d00000, 0x00000000a1e00000, 0x00000000a1e00000|100%| O|  |TAMS 0x00000000a1e00000, 0x00000000a1e00000| Untracked 
|  30|0x00000000a1e00000, 0x00000000a1f00000, 0x00000000a1f00000|100%| O|  |TAMS 0x00000000a1f00000, 0x00000000a1f00000| Untracked 
|  31|0x00000000a1f00000, 0x00000000a2000000, 0x00000000a2000000|100%|HS|  |TAMS 0x00000000a2000000, 0x00000000a2000000| Complete 
|  32|0x00000000a2000000, 0x00000000a2100000, 0x00000000a2100000|100%|HS|  |TAMS 0x00000000a2100000, 0x00000000a2100000| Complete 
|  33|0x00000000a2100000, 0x00000000a2200000, 0x00000000a2200000|100%|HS|  |TAMS 0x00000000a2200000, 0x00000000a2200000| Complete 
|  34|0x00000000a2200000, 0x00000000a2300000, 0x00000000a2300000|100%|HS|  |TAMS 0x00000000a2300000, 0x00000000a2300000| Complete 
|  35|0x00000000a2300000, 0x00000000a2400000, 0x00000000a2400000|100%| O|  |TAMS 0x00000000a2400000, 0x00000000a2400000| Untracked 
|  36|0x00000000a2400000, 0x00000000a2500000, 0x00000000a2500000|100%| O|  |TAMS 0x00000000a2500000, 0x00000000a2500000| Untracked 
|  37|0x00000000a2500000, 0x00000000a2600000, 0x00000000a2600000|100%| O|  |TAMS 0x00000000a2600000, 0x00000000a2600000| Untracked 
|  38|0x00000000a2600000, 0x00000000a2700000, 0x00000000a2700000|100%|HS|  |TAMS 0x00000000a2700000, 0x00000000a2700000| Complete 
|  39|0x00000000a2700000, 0x00000000a2800000, 0x00000000a2800000|100%|HC|  |TAMS 0x00000000a2800000, 0x00000000a2800000| Complete 
|  40|0x00000000a2800000, 0x00000000a2900000, 0x00000000a2900000|100%|HC|  |TAMS 0x00000000a2900000, 0x00000000a2900000| Complete 
|  41|0x00000000a2900000, 0x00000000a2a00000, 0x00000000a2a00000|100%| O|  |TAMS 0x00000000a2a00000, 0x00000000a2a00000| Untracked 
|  42|0x00000000a2a00000, 0x00000000a2b00000, 0x00000000a2b00000|100%| O|  |TAMS 0x00000000a2b00000, 0x00000000a2b00000| Untracked 
|  43|0x00000000a2b00000, 0x00000000a2c00000, 0x00000000a2c00000|100%| O|  |TAMS 0x00000000a2c00000, 0x00000000a2c00000| Untracked 
|  44|0x00000000a2c00000, 0x00000000a2d00000, 0x00000000a2d00000|100%| O|  |TAMS 0x00000000a2d00000, 0x00000000a2d00000| Untracked 
|  45|0x00000000a2d00000, 0x00000000a2e00000, 0x00000000a2e00000|100%|HS|  |TAMS 0x00000000a2e00000, 0x00000000a2e00000| Complete 
|  46|0x00000000a2e00000, 0x00000000a2f00000, 0x00000000a2f00000|100%|HC|  |TAMS 0x00000000a2f00000, 0x00000000a2f00000| Complete 
|  47|0x00000000a2f00000, 0x00000000a3000000, 0x00000000a3000000|100%| O|  |TAMS 0x00000000a3000000, 0x00000000a3000000| Untracked 
|  48|0x00000000a3000000, 0x00000000a3100000, 0x00000000a3100000|100%| O|  |TAMS 0x00000000a3100000, 0x00000000a3100000| Untracked 
|  49|0x00000000a3100000, 0x00000000a3200000, 0x00000000a3200000|100%| O|  |TAMS 0x00000000a3200000, 0x00000000a3200000| Untracked 
|  50|0x00000000a3200000, 0x00000000a3300000, 0x00000000a3300000|100%| O|  |TAMS 0x00000000a3300000, 0x00000000a3300000| Untracked 
|  51|0x00000000a3300000, 0x00000000a3400000, 0x00000000a3400000|100%| O|  |TAMS 0x00000000a3400000, 0x00000000a3400000| Untracked 
|  52|0x00000000a3400000, 0x00000000a3500000, 0x00000000a3500000|100%| O|  |TAMS 0x00000000a3500000, 0x00000000a3500000| Untracked 
|  53|0x00000000a3500000, 0x00000000a3600000, 0x00000000a3600000|100%| O|  |TAMS 0x00000000a3600000, 0x00000000a3600000| Untracked 
|  54|0x00000000a3600000, 0x00000000a3700000, 0x00000000a3700000|100%| O|  |TAMS 0x00000000a3700000, 0x00000000a3700000| Untracked 
|  55|0x00000000a3700000, 0x00000000a3800000, 0x00000000a3800000|100%| O|  |TAMS 0x00000000a3800000, 0x00000000a3800000| Untracked 
|  56|0x00000000a3800000, 0x00000000a3800000, 0x00000000a3900000|  0%| F|  |TAMS 0x00000000a3800000, 0x00000000a3800000| Untracked 
|  57|0x00000000a3900000, 0x00000000a3a00000, 0x00000000a3a00000|100%| O|  |TAMS 0x00000000a3a00000, 0x00000000a3a00000| Untracked 
|  58|0x00000000a3a00000, 0x00000000a3b00000, 0x00000000a3b00000|100%| O|  |TAMS 0x00000000a3b00000, 0x00000000a3b00000| Untracked 
|  59|0x00000000a3b00000, 0x00000000a3c00000, 0x00000000a3c00000|100%| O|  |TAMS 0x00000000a3c00000, 0x00000000a3c00000| Untracked 
|  60|0x00000000a3c00000, 0x00000000a3d00000, 0x00000000a3d00000|100%| O|  |TAMS 0x00000000a3d00000, 0x00000000a3d00000| Untracked 
|  61|0x00000000a3d00000, 0x00000000a3e00000, 0x00000000a3e00000|100%|HS|  |TAMS 0x00000000a3e00000, 0x00000000a3e00000| Complete 
|  62|0x00000000a3e00000, 0x00000000a3f00000, 0x00000000a3f00000|100%|HS|  |TAMS 0x00000000a3f00000, 0x00000000a3f00000| Complete 
|  63|0x00000000a3f00000, 0x00000000a4000000, 0x00000000a4000000|100%|HC|  |TAMS 0x00000000a4000000, 0x00000000a4000000| Complete 
|  64|0x00000000a4000000, 0x00000000a4100000, 0x00000000a4100000|100%| O|  |TAMS 0x00000000a4100000, 0x00000000a4100000| Untracked 
|  65|0x00000000a4100000, 0x00000000a4200000, 0x00000000a4200000|100%| O|  |TAMS 0x00000000a4200000, 0x00000000a4200000| Untracked 
|  66|0x00000000a4200000, 0x00000000a4300000, 0x00000000a4300000|100%| O|  |TAMS 0x00000000a4300000, 0x00000000a4300000| Untracked 
|  67|0x00000000a4300000, 0x00000000a4300000, 0x00000000a4400000|  0%| F|  |TAMS 0x00000000a4300000, 0x00000000a4300000| Untracked 
|  68|0x00000000a4400000, 0x00000000a4500000, 0x00000000a4500000|100%| O|  |TAMS 0x00000000a4500000, 0x00000000a4500000| Untracked 
|  69|0x00000000a4500000, 0x00000000a4600000, 0x00000000a4600000|100%| O|  |TAMS 0x00000000a4600000, 0x00000000a4600000| Untracked 
|  70|0x00000000a4600000, 0x00000000a4700000, 0x00000000a4700000|100%| O|  |TAMS 0x00000000a4700000, 0x00000000a4700000| Untracked 
|  71|0x00000000a4700000, 0x00000000a4800000, 0x00000000a4800000|100%| O|  |TAMS 0x00000000a4800000, 0x00000000a4800000| Untracked 
|  72|0x00000000a4800000, 0x00000000a4900000, 0x00000000a4900000|100%| O|  |TAMS 0x00000000a4900000, 0x00000000a4900000| Untracked 
|  73|0x00000000a4900000, 0x00000000a4a00000, 0x00000000a4a00000|100%| O|  |TAMS 0x00000000a4a00000, 0x00000000a4a00000| Untracked 
|  74|0x00000000a4a00000, 0x00000000a4b00000, 0x00000000a4b00000|100%| O|  |TAMS 0x00000000a4b00000, 0x00000000a4b00000| Untracked 
|  75|0x00000000a4b00000, 0x00000000a4c00000, 0x00000000a4c00000|100%| O|  |TAMS 0x00000000a4c00000, 0x00000000a4c00000| Untracked 
|  76|0x00000000a4c00000, 0x00000000a4d00000, 0x00000000a4d00000|100%| O|  |TAMS 0x00000000a4d00000, 0x00000000a4d00000| Untracked 
|  77|0x00000000a4d00000, 0x00000000a4e00000, 0x00000000a4e00000|100%| O|  |TAMS 0x00000000a4e00000, 0x00000000a4e00000| Untracked 
|  78|0x00000000a4e00000, 0x00000000a4f00000, 0x00000000a4f00000|100%| O|  |TAMS 0x00000000a4f00000, 0x00000000a4f00000| Untracked 
|  79|0x00000000a4f00000, 0x00000000a5000000, 0x00000000a5000000|100%| O|  |TAMS 0x00000000a5000000, 0x00000000a5000000| Untracked 
|  80|0x00000000a5000000, 0x00000000a5100000, 0x00000000a5100000|100%| O|  |TAMS 0x00000000a5100000, 0x00000000a5100000| Untracked 
|  81|0x00000000a5100000, 0x00000000a5200000, 0x00000000a5200000|100%| O|  |TAMS 0x00000000a5200000, 0x00000000a5200000| Untracked 
|  82|0x00000000a5200000, 0x00000000a5300000, 0x00000000a5300000|100%|HS|  |TAMS 0x00000000a5300000, 0x00000000a5300000| Complete 
|  83|0x00000000a5300000, 0x00000000a5400000, 0x00000000a5400000|100%|HS|  |TAMS 0x00000000a5400000, 0x00000000a5400000| Complete 
|  84|0x00000000a5400000, 0x00000000a5500000, 0x00000000a5500000|100%| O|  |TAMS 0x00000000a5500000, 0x00000000a5500000| Untracked 
|  85|0x00000000a5500000, 0x00000000a5600000, 0x00000000a5600000|100%| O|  |TAMS 0x00000000a5600000, 0x00000000a5600000| Untracked 
|  86|0x00000000a5600000, 0x00000000a5600000, 0x00000000a5700000|  0%| F|  |TAMS 0x00000000a5600000, 0x00000000a5600000| Untracked 
|  87|0x00000000a5700000, 0x00000000a5800000, 0x00000000a5800000|100%| O|  |TAMS 0x00000000a5800000, 0x00000000a5800000| Untracked 
|  88|0x00000000a5800000, 0x00000000a5800000, 0x00000000a5900000|  0%| F|  |TAMS 0x00000000a5800000, 0x00000000a5800000| Untracked 
|  89|0x00000000a5900000, 0x00000000a5a00000, 0x00000000a5a00000|100%| O|  |TAMS 0x00000000a5a00000, 0x00000000a5a00000| Untracked 
|  90|0x00000000a5a00000, 0x00000000a5b00000, 0x00000000a5b00000|100%| O|  |TAMS 0x00000000a5b00000, 0x00000000a5b00000| Untracked 
|  91|0x00000000a5b00000, 0x00000000a5c00000, 0x00000000a5c00000|100%| O|  |TAMS 0x00000000a5c00000, 0x00000000a5c00000| Untracked 
|  92|0x00000000a5c00000, 0x00000000a5d00000, 0x00000000a5d00000|100%| O|  |TAMS 0x00000000a5d00000, 0x00000000a5d00000| Untracked 
|  93|0x00000000a5d00000, 0x00000000a5e00000, 0x00000000a5e00000|100%| O|  |TAMS 0x00000000a5e00000, 0x00000000a5e00000| Untracked 
|  94|0x00000000a5e00000, 0x00000000a5f00000, 0x00000000a5f00000|100%| O|  |TAMS 0x00000000a5f00000, 0x00000000a5f00000| Untracked 
|  95|0x00000000a5f00000, 0x00000000a6000000, 0x00000000a6000000|100%| O|  |TAMS 0x00000000a6000000, 0x00000000a6000000| Untracked 
|  96|0x00000000a6000000, 0x00000000a6100000, 0x00000000a6100000|100%| O|  |TAMS 0x00000000a6100000, 0x00000000a6100000| Untracked 
|  97|0x00000000a6100000, 0x00000000a6100000, 0x00000000a6200000|  0%| F|  |TAMS 0x00000000a6100000, 0x00000000a6100000| Untracked 
|  98|0x00000000a6200000, 0x00000000a6300000, 0x00000000a6300000|100%| O|  |TAMS 0x00000000a6300000, 0x00000000a6300000| Untracked 
|  99|0x00000000a6300000, 0x00000000a6400000, 0x00000000a6400000|100%| O|  |TAMS 0x00000000a6400000, 0x00000000a6400000| Untracked 
| 100|0x00000000a6400000, 0x00000000a6500000, 0x00000000a6500000|100%| O|  |TAMS 0x00000000a6500000, 0x00000000a6500000| Untracked 
| 101|0x00000000a6500000, 0x00000000a6600000, 0x00000000a6600000|100%| O|  |TAMS 0x00000000a6600000, 0x00000000a6600000| Untracked 
| 102|0x00000000a6600000, 0x00000000a6700000, 0x00000000a6700000|100%| O|  |TAMS 0x00000000a6700000, 0x00000000a6700000| Untracked 
| 103|0x00000000a6700000, 0x00000000a6800000, 0x00000000a6800000|100%| O|  |TAMS 0x00000000a6800000, 0x00000000a6800000| Untracked 
| 104|0x00000000a6800000, 0x00000000a6900000, 0x00000000a6900000|100%| O|  |TAMS 0x00000000a6900000, 0x00000000a6900000| Untracked 
| 105|0x00000000a6900000, 0x00000000a6a00000, 0x00000000a6a00000|100%| O|  |TAMS 0x00000000a6a00000, 0x00000000a6a00000| Untracked 
| 106|0x00000000a6a00000, 0x00000000a6b00000, 0x00000000a6b00000|100%| O|  |TAMS 0x00000000a6b00000, 0x00000000a6b00000| Untracked 
| 107|0x00000000a6b00000, 0x00000000a6c00000, 0x00000000a6c00000|100%| O|  |TAMS 0x00000000a6c00000, 0x00000000a6c00000| Untracked 
| 108|0x00000000a6c00000, 0x00000000a6d00000, 0x00000000a6d00000|100%| O|  |TAMS 0x00000000a6d00000, 0x00000000a6d00000| Untracked 
| 109|0x00000000a6d00000, 0x00000000a6e00000, 0x00000000a6e00000|100%| O|  |TAMS 0x00000000a6e00000, 0x00000000a6e00000| Untracked 
| 110|0x00000000a6e00000, 0x00000000a6f00000, 0x00000000a6f00000|100%| O|  |TAMS 0x00000000a6f00000, 0x00000000a6f00000| Untracked 
| 111|0x00000000a6f00000, 0x00000000a7000000, 0x00000000a7000000|100%| O|  |TAMS 0x00000000a7000000, 0x00000000a7000000| Untracked 
| 112|0x00000000a7000000, 0x00000000a7100000, 0x00000000a7100000|100%| O|  |TAMS 0x00000000a7100000, 0x00000000a7100000| Untracked 
| 113|0x00000000a7100000, 0x00000000a7200000, 0x00000000a7200000|100%| O|  |TAMS 0x00000000a7200000, 0x00000000a7200000| Untracked 
| 114|0x00000000a7200000, 0x00000000a7300000, 0x00000000a7300000|100%| O|  |TAMS 0x00000000a7300000, 0x00000000a7300000| Untracked 
| 115|0x00000000a7300000, 0x00000000a7400000, 0x00000000a7400000|100%| O|  |TAMS 0x00000000a7400000, 0x00000000a7400000| Untracked 
| 116|0x00000000a7400000, 0x00000000a7400000, 0x00000000a7500000|  0%| F|  |TAMS 0x00000000a7400000, 0x00000000a7400000| Untracked 
| 117|0x00000000a7500000, 0x00000000a7600000, 0x00000000a7600000|100%| O|  |TAMS 0x00000000a7600000, 0x00000000a7600000| Untracked 
| 118|0x00000000a7600000, 0x00000000a7600000, 0x00000000a7700000|  0%| F|  |TAMS 0x00000000a7600000, 0x00000000a7600000| Untracked 
| 119|0x00000000a7700000, 0x00000000a7800000, 0x00000000a7800000|100%| O|  |TAMS 0x00000000a7800000, 0x00000000a7800000| Untracked 
| 120|0x00000000a7800000, 0x00000000a7900000, 0x00000000a7900000|100%| O|  |TAMS 0x00000000a7855e00, 0x00000000a7900000| Untracked 
| 121|0x00000000a7900000, 0x00000000a7a00000, 0x00000000a7a00000|100%| O|  |TAMS 0x00000000a7900000, 0x00000000a7a00000| Untracked 
| 122|0x00000000a7a00000, 0x00000000a7b00000, 0x00000000a7b00000|100%| O|  |TAMS 0x00000000a7a00000, 0x00000000a7b00000| Untracked 
| 123|0x00000000a7b00000, 0x00000000a7c00000, 0x00000000a7c00000|100%| O|  |TAMS 0x00000000a7b00000, 0x00000000a7c00000| Untracked 
| 124|0x00000000a7c00000, 0x00000000a7d00000, 0x00000000a7d00000|100%| O|  |TAMS 0x00000000a7d00000, 0x00000000a7d00000| Untracked 
| 125|0x00000000a7d00000, 0x00000000a7e00000, 0x00000000a7e00000|100%| O|  |TAMS 0x00000000a7e00000, 0x00000000a7e00000| Untracked 
| 126|0x00000000a7e00000, 0x00000000a7f00000, 0x00000000a7f00000|100%| O|  |TAMS 0x00000000a7f00000, 0x00000000a7f00000| Untracked 
| 127|0x00000000a7f00000, 0x00000000a8000000, 0x00000000a8000000|100%| O|  |TAMS 0x00000000a8000000, 0x00000000a8000000| Untracked 
| 128|0x00000000a8000000, 0x00000000a8100000, 0x00000000a8100000|100%| O|  |TAMS 0x00000000a8100000, 0x00000000a8100000| Untracked 
| 129|0x00000000a8100000, 0x00000000a8200000, 0x00000000a8200000|100%| O|  |TAMS 0x00000000a8100000, 0x00000000a8200000| Untracked 
| 130|0x00000000a8200000, 0x00000000a8300000, 0x00000000a8300000|100%| O|  |TAMS 0x00000000a8300000, 0x00000000a8300000| Untracked 
| 131|0x00000000a8300000, 0x00000000a8400000, 0x00000000a8400000|100%| O|  |TAMS 0x00000000a8400000, 0x00000000a8400000| Untracked 
| 132|0x00000000a8400000, 0x00000000a8500000, 0x00000000a8500000|100%| O|  |TAMS 0x00000000a8400000, 0x00000000a8500000| Untracked 
| 133|0x00000000a8500000, 0x00000000a8600000, 0x00000000a8600000|100%| O|  |TAMS 0x00000000a8500000, 0x00000000a8600000| Untracked 
| 134|0x00000000a8600000, 0x00000000a8700000, 0x00000000a8700000|100%| O|  |TAMS 0x00000000a8600000, 0x00000000a8700000| Untracked 
| 135|0x00000000a8700000, 0x00000000a8800000, 0x00000000a8800000|100%| O|  |TAMS 0x00000000a8800000, 0x00000000a8800000| Untracked 
| 136|0x00000000a8800000, 0x00000000a8800000, 0x00000000a8900000|  0%| F|  |TAMS 0x00000000a8800000, 0x00000000a8800000| Untracked 
| 137|0x00000000a8900000, 0x00000000a8900000, 0x00000000a8a00000|  0%| F|  |TAMS 0x00000000a8900000, 0x00000000a8900000| Untracked 
| 138|0x00000000a8a00000, 0x00000000a8a00000, 0x00000000a8b00000|  0%| F|  |TAMS 0x00000000a8a00000, 0x00000000a8a00000| Untracked 
| 139|0x00000000a8b00000, 0x00000000a8c00000, 0x00000000a8c00000|100%| O|  |TAMS 0x00000000a8b00000, 0x00000000a8c00000| Untracked 
| 140|0x00000000a8c00000, 0x00000000a8c00000, 0x00000000a8d00000|  0%| F|  |TAMS 0x00000000a8c00000, 0x00000000a8c00000| Untracked 
| 141|0x00000000a8d00000, 0x00000000a8e00000, 0x00000000a8e00000|100%| O|  |TAMS 0x00000000a8d00000, 0x00000000a8e00000| Untracked 
| 142|0x00000000a8e00000, 0x00000000a8e00000, 0x00000000a8f00000|  0%| F|  |TAMS 0x00000000a8e00000, 0x00000000a8e00000| Untracked 
| 143|0x00000000a8f00000, 0x00000000a9000000, 0x00000000a9000000|100%| O|  |TAMS 0x00000000a9000000, 0x00000000a9000000| Untracked 
| 144|0x00000000a9000000, 0x00000000a90d6c00, 0x00000000a9100000| 83%| O|  |TAMS 0x00000000a9000000, 0x00000000a90d6c00| Untracked 
| 145|0x00000000a9100000, 0x00000000a9100000, 0x00000000a9200000|  0%| F|  |TAMS 0x00000000a9100000, 0x00000000a9100000| Untracked 
| 146|0x00000000a9200000, 0x00000000a9200000, 0x00000000a9300000|  0%| F|  |TAMS 0x00000000a9200000, 0x00000000a9200000| Untracked 
| 147|0x00000000a9300000, 0x00000000a9400000, 0x00000000a9400000|100%| O|  |TAMS 0x00000000a9400000, 0x00000000a9400000| Untracked 
| 148|0x00000000a9400000, 0x00000000a9400000, 0x00000000a9500000|  0%| F|  |TAMS 0x00000000a9400000, 0x00000000a9400000| Untracked 
| 149|0x00000000a9500000, 0x00000000a9500000, 0x00000000a9600000|  0%| F|  |TAMS 0x00000000a9500000, 0x00000000a9500000| Untracked 
| 150|0x00000000a9600000, 0x00000000a9600000, 0x00000000a9700000|  0%| F|  |TAMS 0x00000000a9600000, 0x00000000a9600000| Untracked 
| 151|0x00000000a9700000, 0x00000000a9700000, 0x00000000a9800000|  0%| F|  |TAMS 0x00000000a9700000, 0x00000000a9700000| Untracked 
| 152|0x00000000a9800000, 0x00000000a9800000, 0x00000000a9900000|  0%| F|  |TAMS 0x00000000a9800000, 0x00000000a9800000| Untracked 
| 153|0x00000000a9900000, 0x00000000a9900000, 0x00000000a9a00000|  0%| F|  |TAMS 0x00000000a9900000, 0x00000000a9900000| Untracked 
| 154|0x00000000a9a00000, 0x00000000a9a00000, 0x00000000a9b00000|  0%| F|  |TAMS 0x00000000a9a00000, 0x00000000a9a00000| Untracked 
| 155|0x00000000a9b00000, 0x00000000a9b00000, 0x00000000a9c00000|  0%| F|  |TAMS 0x00000000a9b00000, 0x00000000a9b00000| Untracked 
| 156|0x00000000a9c00000, 0x00000000a9c00000, 0x00000000a9d00000|  0%| F|  |TAMS 0x00000000a9c00000, 0x00000000a9c00000| Untracked 
| 157|0x00000000a9d00000, 0x00000000a9d00000, 0x00000000a9e00000|  0%| F|  |TAMS 0x00000000a9d00000, 0x00000000a9d00000| Untracked 
| 158|0x00000000a9e00000, 0x00000000a9e00000, 0x00000000a9f00000|  0%| F|  |TAMS 0x00000000a9e00000, 0x00000000a9e00000| Untracked 
| 159|0x00000000a9f00000, 0x00000000a9f00000, 0x00000000aa000000|  0%| F|  |TAMS 0x00000000a9f00000, 0x00000000a9f00000| Untracked 
| 160|0x00000000aa000000, 0x00000000aa000000, 0x00000000aa100000|  0%| F|  |TAMS 0x00000000aa000000, 0x00000000aa000000| Untracked 
| 161|0x00000000aa100000, 0x00000000aa200000, 0x00000000aa200000|100%|HS|  |TAMS 0x00000000aa100000, 0x00000000aa200000| Complete 
| 162|0x00000000aa200000, 0x00000000aa300000, 0x00000000aa300000|100%|HC|  |TAMS 0x00000000aa200000, 0x00000000aa300000| Complete 
| 163|0x00000000aa300000, 0x00000000aa400000, 0x00000000aa400000|100%|HC|  |TAMS 0x00000000aa300000, 0x00000000aa400000| Complete 
| 164|0x00000000aa400000, 0x00000000aa500000, 0x00000000aa500000|100%|HC|  |TAMS 0x00000000aa400000, 0x00000000aa500000| Complete 
| 165|0x00000000aa500000, 0x00000000aa600000, 0x00000000aa600000|100%|HC|  |TAMS 0x00000000aa500000, 0x00000000aa600000| Complete 
| 166|0x00000000aa600000, 0x00000000aa700000, 0x00000000aa700000|100%|HC|  |TAMS 0x00000000aa600000, 0x00000000aa700000| Complete 
| 167|0x00000000aa700000, 0x00000000aa800000, 0x00000000aa800000|100%|HC|  |TAMS 0x00000000aa700000, 0x00000000aa800000| Complete 
| 168|0x00000000aa800000, 0x00000000aa900000, 0x00000000aa900000|100%|HC|  |TAMS 0x00000000aa800000, 0x00000000aa900000| Complete 
| 169|0x00000000aa900000, 0x00000000aaa00000, 0x00000000aaa00000|100%|HC|  |TAMS 0x00000000aa900000, 0x00000000aaa00000| Complete 
| 170|0x00000000aaa00000, 0x00000000aab00000, 0x00000000aab00000|100%|HC|  |TAMS 0x00000000aaa00000, 0x00000000aab00000| Complete 
| 171|0x00000000aab00000, 0x00000000aac00000, 0x00000000aac00000|100%|HC|  |TAMS 0x00000000aab00000, 0x00000000aac00000| Complete 
| 172|0x00000000aac00000, 0x00000000aad00000, 0x00000000aad00000|100%|HC|  |TAMS 0x00000000aac00000, 0x00000000aad00000| Complete 
| 173|0x00000000aad00000, 0x00000000aae00000, 0x00000000aae00000|100%|HC|  |TAMS 0x00000000aad00000, 0x00000000aae00000| Complete 
| 174|0x00000000aae00000, 0x00000000aaf00000, 0x00000000aaf00000|100%|HC|  |TAMS 0x00000000aae00000, 0x00000000aaf00000| Complete 
| 175|0x00000000aaf00000, 0x00000000ab000000, 0x00000000ab000000|100%|HC|  |TAMS 0x00000000aaf00000, 0x00000000ab000000| Complete 
| 176|0x00000000ab000000, 0x00000000ab100000, 0x00000000ab100000|100%|HC|  |TAMS 0x00000000ab000000, 0x00000000ab100000| Complete 
| 177|0x00000000ab100000, 0x00000000ab200000, 0x00000000ab200000|100%|HC|  |TAMS 0x00000000ab100000, 0x00000000ab200000| Complete 
| 178|0x00000000ab200000, 0x00000000ab300000, 0x00000000ab300000|100%|HC|  |TAMS 0x00000000ab200000, 0x00000000ab300000| Complete 
| 179|0x00000000ab300000, 0x00000000ab400000, 0x00000000ab400000|100%|HC|  |TAMS 0x00000000ab300000, 0x00000000ab400000| Complete 
| 180|0x00000000ab400000, 0x00000000ab500000, 0x00000000ab500000|100%|HC|  |TAMS 0x00000000ab400000, 0x00000000ab500000| Complete 
| 181|0x00000000ab500000, 0x00000000ab600000, 0x00000000ab600000|100%|HC|  |TAMS 0x00000000ab500000, 0x00000000ab600000| Complete 
| 182|0x00000000ab600000, 0x00000000ab700000, 0x00000000ab700000|100%|HC|  |TAMS 0x00000000ab600000, 0x00000000ab700000| Complete 
| 183|0x00000000ab700000, 0x00000000ab800000, 0x00000000ab800000|100%|HC|  |TAMS 0x00000000ab700000, 0x00000000ab800000| Complete 
| 184|0x00000000ab800000, 0x00000000ab900000, 0x00000000ab900000|100%|HC|  |TAMS 0x00000000ab800000, 0x00000000ab900000| Complete 
| 185|0x00000000ab900000, 0x00000000aba00000, 0x00000000aba00000|100%|HC|  |TAMS 0x00000000ab900000, 0x00000000aba00000| Complete 
| 186|0x00000000aba00000, 0x00000000abb00000, 0x00000000abb00000|100%|HC|  |TAMS 0x00000000aba00000, 0x00000000abb00000| Complete 
| 187|0x00000000abb00000, 0x00000000abc00000, 0x00000000abc00000|100%|HC|  |TAMS 0x00000000abb00000, 0x00000000abc00000| Complete 
| 188|0x00000000abc00000, 0x00000000abd00000, 0x00000000abd00000|100%|HC|  |TAMS 0x00000000abc00000, 0x00000000abd00000| Complete 
| 189|0x00000000abd00000, 0x00000000abe00000, 0x00000000abe00000|100%|HC|  |TAMS 0x00000000abd00000, 0x00000000abe00000| Complete 
| 190|0x00000000abe00000, 0x00000000abf00000, 0x00000000abf00000|100%|HC|  |TAMS 0x00000000abe00000, 0x00000000abf00000| Complete 
| 191|0x00000000abf00000, 0x00000000ac000000, 0x00000000ac000000|100%|HC|  |TAMS 0x00000000abf00000, 0x00000000ac000000| Complete 
| 192|0x00000000ac000000, 0x00000000ac100000, 0x00000000ac100000|100%|HC|  |TAMS 0x00000000ac000000, 0x00000000ac100000| Complete 
| 193|0x00000000ac100000, 0x00000000ac200000, 0x00000000ac200000|100%|HC|  |TAMS 0x00000000ac100000, 0x00000000ac200000| Complete 
| 194|0x00000000ac200000, 0x00000000ac300000, 0x00000000ac300000|100%|HC|  |TAMS 0x00000000ac200000, 0x00000000ac300000| Complete 
| 195|0x00000000ac300000, 0x00000000ac400000, 0x00000000ac400000|100%|HC|  |TAMS 0x00000000ac300000, 0x00000000ac400000| Complete 
| 196|0x00000000ac400000, 0x00000000ac400000, 0x00000000ac500000|  0%| F|  |TAMS 0x00000000ac400000, 0x00000000ac400000| Untracked 
| 197|0x00000000ac500000, 0x00000000ac500000, 0x00000000ac600000|  0%| F|  |TAMS 0x00000000ac500000, 0x00000000ac500000| Untracked 
| 198|0x00000000ac600000, 0x00000000ac600000, 0x00000000ac700000|  0%| F|  |TAMS 0x00000000ac600000, 0x00000000ac600000| Untracked 
| 199|0x00000000ac700000, 0x00000000ac700000, 0x00000000ac800000|  0%| F|  |TAMS 0x00000000ac700000, 0x00000000ac700000| Untracked 
| 200|0x00000000ac800000, 0x00000000ac800000, 0x00000000ac900000|  0%| F|  |TAMS 0x00000000ac800000, 0x00000000ac800000| Untracked 
| 201|0x00000000ac900000, 0x00000000ac900000, 0x00000000aca00000|  0%| F|  |TAMS 0x00000000ac900000, 0x00000000ac900000| Untracked 
| 202|0x00000000aca00000, 0x00000000aca00000, 0x00000000acb00000|  0%| F|  |TAMS 0x00000000aca00000, 0x00000000aca00000| Untracked 
| 203|0x00000000acb00000, 0x00000000acb00000, 0x00000000acc00000|  0%| F|  |TAMS 0x00000000acb00000, 0x00000000acb00000| Untracked 
| 204|0x00000000acc00000, 0x00000000acc00000, 0x00000000acd00000|  0%| F|  |TAMS 0x00000000acc00000, 0x00000000acc00000| Untracked 
| 205|0x00000000acd00000, 0x00000000acddf358, 0x00000000ace00000| 87%| S|CS|TAMS 0x00000000acd00000, 0x00000000acd00000| Complete 
| 206|0x00000000ace00000, 0x00000000acf00000, 0x00000000acf00000|100%| S|CS|TAMS 0x00000000ace00000, 0x00000000ace00000| Complete 
| 207|0x00000000acf00000, 0x00000000ad000000, 0x00000000ad000000|100%| S|CS|TAMS 0x00000000acf00000, 0x00000000acf00000| Complete 
| 208|0x00000000ad000000, 0x00000000ad000000, 0x00000000ad100000|  0%| F|  |TAMS 0x00000000ad000000, 0x00000000ad000000| Untracked 
| 209|0x00000000ad100000, 0x00000000ad100000, 0x00000000ad200000|  0%| F|  |TAMS 0x00000000ad100000, 0x00000000ad100000| Untracked 
| 210|0x00000000ad200000, 0x00000000ad200000, 0x00000000ad300000|  0%| F|  |TAMS 0x00000000ad200000, 0x00000000ad200000| Untracked 
| 211|0x00000000ad300000, 0x00000000ad300000, 0x00000000ad400000|  0%| F|  |TAMS 0x00000000ad300000, 0x00000000ad300000| Untracked 
| 212|0x00000000ad400000, 0x00000000ad400000, 0x00000000ad500000|  0%| F|  |TAMS 0x00000000ad400000, 0x00000000ad400000| Untracked 
| 213|0x00000000ad500000, 0x00000000ad500000, 0x00000000ad600000|  0%| F|  |TAMS 0x00000000ad500000, 0x00000000ad500000| Untracked 
| 214|0x00000000ad600000, 0x00000000ad700000, 0x00000000ad700000|100%| O|  |TAMS 0x00000000ad700000, 0x00000000ad700000| Untracked 
| 215|0x00000000ad700000, 0x00000000ad800000, 0x00000000ad800000|100%| O|  |TAMS 0x00000000ad800000, 0x00000000ad800000| Untracked 
| 216|0x00000000ad800000, 0x00000000ad900000, 0x00000000ad900000|100%| O|  |TAMS 0x00000000ad900000, 0x00000000ad900000| Untracked 
| 217|0x00000000ad900000, 0x00000000ada00000, 0x00000000ada00000|100%| O|  |TAMS 0x00000000ada00000, 0x00000000ada00000| Untracked 
| 218|0x00000000ada00000, 0x00000000adb00000, 0x00000000adb00000|100%| O|  |TAMS 0x00000000adb00000, 0x00000000adb00000| Untracked 
| 219|0x00000000adb00000, 0x00000000adc00000, 0x00000000adc00000|100%| O|  |TAMS 0x00000000adc00000, 0x00000000adc00000| Untracked 
| 220|0x00000000adc00000, 0x00000000add00000, 0x00000000add00000|100%| O|  |TAMS 0x00000000add00000, 0x00000000add00000| Untracked 
| 221|0x00000000add00000, 0x00000000ade00000, 0x00000000ade00000|100%| O|  |TAMS 0x00000000ade00000, 0x00000000ade00000| Untracked 
| 222|0x00000000ade00000, 0x00000000adf00000, 0x00000000adf00000|100%| O|  |TAMS 0x00000000adf00000, 0x00000000adf00000| Untracked 
| 223|0x00000000adf00000, 0x00000000adf00000, 0x00000000ae000000|  0%| F|  |TAMS 0x00000000adf00000, 0x00000000adf00000| Untracked 
| 224|0x00000000ae000000, 0x00000000ae000000, 0x00000000ae100000|  0%| F|  |TAMS 0x00000000ae000000, 0x00000000ae000000| Untracked 
| 225|0x00000000ae100000, 0x00000000ae100000, 0x00000000ae200000|  0%| F|  |TAMS 0x00000000ae100000, 0x00000000ae100000| Untracked 
| 226|0x00000000ae200000, 0x00000000ae200000, 0x00000000ae300000|  0%| F|  |TAMS 0x00000000ae200000, 0x00000000ae200000| Untracked 
| 227|0x00000000ae300000, 0x00000000ae300000, 0x00000000ae400000|  0%| F|  |TAMS 0x00000000ae300000, 0x00000000ae300000| Untracked 
| 228|0x00000000ae400000, 0x00000000ae400000, 0x00000000ae500000|  0%| F|  |TAMS 0x00000000ae400000, 0x00000000ae400000| Untracked 
| 229|0x00000000ae500000, 0x00000000ae500000, 0x00000000ae600000|  0%| F|  |TAMS 0x00000000ae500000, 0x00000000ae500000| Untracked 
| 230|0x00000000ae600000, 0x00000000ae600000, 0x00000000ae700000|  0%| F|  |TAMS 0x00000000ae600000, 0x00000000ae600000| Untracked 
| 231|0x00000000ae700000, 0x00000000ae700000, 0x00000000ae800000|  0%| F|  |TAMS 0x00000000ae700000, 0x00000000ae700000| Untracked 
| 232|0x00000000ae800000, 0x00000000ae800000, 0x00000000ae900000|  0%| F|  |TAMS 0x00000000ae800000, 0x00000000ae800000| Untracked 
| 233|0x00000000ae900000, 0x00000000ae900000, 0x00000000aea00000|  0%| F|  |TAMS 0x00000000ae900000, 0x00000000ae900000| Untracked 
| 234|0x00000000aea00000, 0x00000000aea00000, 0x00000000aeb00000|  0%| F|  |TAMS 0x00000000aea00000, 0x00000000aea00000| Untracked 
| 235|0x00000000aeb00000, 0x00000000aeb00000, 0x00000000aec00000|  0%| F|  |TAMS 0x00000000aeb00000, 0x00000000aeb00000| Untracked 
| 236|0x00000000aec00000, 0x00000000aec00000, 0x00000000aed00000|  0%| F|  |TAMS 0x00000000aec00000, 0x00000000aec00000| Untracked 
| 237|0x00000000aed00000, 0x00000000aed00000, 0x00000000aee00000|  0%| F|  |TAMS 0x00000000aed00000, 0x00000000aed00000| Untracked 
| 238|0x00000000aee00000, 0x00000000aee00000, 0x00000000aef00000|  0%| F|  |TAMS 0x00000000aee00000, 0x00000000aee00000| Untracked 
| 239|0x00000000aef00000, 0x00000000aef00000, 0x00000000af000000|  0%| F|  |TAMS 0x00000000aef00000, 0x00000000aef00000| Untracked 
| 240|0x00000000af000000, 0x00000000af000000, 0x00000000af100000|  0%| F|  |TAMS 0x00000000af000000, 0x00000000af000000| Untracked 
| 241|0x00000000af100000, 0x00000000af1ac8c0, 0x00000000af200000| 67%| E|  |TAMS 0x00000000af100000, 0x00000000af100000| Complete 
| 242|0x00000000af200000, 0x00000000af300000, 0x00000000af300000|100%| E|CS|TAMS 0x00000000af200000, 0x00000000af200000| Complete 
| 243|0x00000000af300000, 0x00000000af400000, 0x00000000af400000|100%| E|CS|TAMS 0x00000000af300000, 0x00000000af300000| Complete 
| 244|0x00000000af400000, 0x00000000af500000, 0x00000000af500000|100%| E|CS|TAMS 0x00000000af400000, 0x00000000af400000| Complete 
| 245|0x00000000af500000, 0x00000000af600000, 0x00000000af600000|100%| E|  |TAMS 0x00000000af500000, 0x00000000af500000| Complete 
| 246|0x00000000af600000, 0x00000000af700000, 0x00000000af700000|100%|HS|  |TAMS 0x00000000af600000, 0x00000000af700000| Complete 
| 247|0x00000000af700000, 0x00000000af800000, 0x00000000af800000|100%|HC|  |TAMS 0x00000000af700000, 0x00000000af800000| Complete 
| 248|0x00000000af800000, 0x00000000af900000, 0x00000000af900000|100%|HC|  |TAMS 0x00000000af800000, 0x00000000af900000| Complete 
| 249|0x00000000af900000, 0x00000000afa00000, 0x00000000afa00000|100%|HC|  |TAMS 0x00000000af900000, 0x00000000afa00000| Complete 
| 250|0x00000000afa00000, 0x00000000afb00000, 0x00000000afb00000|100%|HC|  |TAMS 0x00000000afa00000, 0x00000000afb00000| Complete 
| 251|0x00000000afb00000, 0x00000000afc00000, 0x00000000afc00000|100%|HC|  |TAMS 0x00000000afb00000, 0x00000000afc00000| Complete 
| 252|0x00000000afc00000, 0x00000000afd00000, 0x00000000afd00000|100%|HC|  |TAMS 0x00000000afc00000, 0x00000000afd00000| Complete 
| 253|0x00000000afd00000, 0x00000000afe00000, 0x00000000afe00000|100%|HC|  |TAMS 0x00000000afd00000, 0x00000000afe00000| Complete 
| 254|0x00000000afe00000, 0x00000000aff00000, 0x00000000aff00000|100%|HC|  |TAMS 0x00000000afe00000, 0x00000000aff00000| Complete 
| 255|0x00000000aff00000, 0x00000000b0000000, 0x00000000b0000000|100%|HC|  |TAMS 0x00000000aff00000, 0x00000000b0000000| Complete 
| 256|0x00000000b0000000, 0x00000000b0100000, 0x00000000b0100000|100%|HC|  |TAMS 0x00000000b0000000, 0x00000000b0100000| Complete 
| 257|0x00000000b0100000, 0x00000000b0200000, 0x00000000b0200000|100%|HC|  |TAMS 0x00000000b0100000, 0x00000000b0200000| Complete 
| 258|0x00000000b0200000, 0x00000000b0300000, 0x00000000b0300000|100%|HC|  |TAMS 0x00000000b0200000, 0x00000000b0300000| Complete 
| 259|0x00000000b0300000, 0x00000000b0400000, 0x00000000b0400000|100%|HC|  |TAMS 0x00000000b0300000, 0x00000000b0400000| Complete 
| 260|0x00000000b0400000, 0x00000000b0500000, 0x00000000b0500000|100%|HC|  |TAMS 0x00000000b0400000, 0x00000000b0500000| Complete 
| 261|0x00000000b0500000, 0x00000000b0600000, 0x00000000b0600000|100%|HC|  |TAMS 0x00000000b0500000, 0x00000000b0600000| Complete 
| 262|0x00000000b0600000, 0x00000000b0700000, 0x00000000b0700000|100%|HC|  |TAMS 0x00000000b0600000, 0x00000000b0700000| Complete 
| 263|0x00000000b0700000, 0x00000000b0800000, 0x00000000b0800000|100%|HC|  |TAMS 0x00000000b0700000, 0x00000000b0800000| Complete 
| 264|0x00000000b0800000, 0x00000000b0900000, 0x00000000b0900000|100%|HC|  |TAMS 0x00000000b0800000, 0x00000000b0900000| Complete 
| 265|0x00000000b0900000, 0x00000000b0a00000, 0x00000000b0a00000|100%|HC|  |TAMS 0x00000000b0900000, 0x00000000b0a00000| Complete 
| 266|0x00000000b0a00000, 0x00000000b0b00000, 0x00000000b0b00000|100%|HC|  |TAMS 0x00000000b0a00000, 0x00000000b0b00000| Complete 
| 267|0x00000000b0b00000, 0x00000000b0c00000, 0x00000000b0c00000|100%|HC|  |TAMS 0x00000000b0b00000, 0x00000000b0c00000| Complete 
| 268|0x00000000b0c00000, 0x00000000b0d00000, 0x00000000b0d00000|100%|HC|  |TAMS 0x00000000b0c00000, 0x00000000b0d00000| Complete 
| 269|0x00000000b0d00000, 0x00000000b0e00000, 0x00000000b0e00000|100%|HC|  |TAMS 0x00000000b0d00000, 0x00000000b0e00000| Complete 
| 270|0x00000000b0e00000, 0x00000000b0f00000, 0x00000000b0f00000|100%|HC|  |TAMS 0x00000000b0e00000, 0x00000000b0f00000| Complete 
| 271|0x00000000b0f00000, 0x00000000b1000000, 0x00000000b1000000|100%|HC|  |TAMS 0x00000000b0f00000, 0x00000000b1000000| Complete 
| 272|0x00000000b1000000, 0x00000000b1100000, 0x00000000b1100000|100%|HC|  |TAMS 0x00000000b1000000, 0x00000000b1100000| Complete 
| 273|0x00000000b1100000, 0x00000000b1200000, 0x00000000b1200000|100%|HC|  |TAMS 0x00000000b1100000, 0x00000000b1200000| Complete 
| 274|0x00000000b1200000, 0x00000000b1300000, 0x00000000b1300000|100%|HC|  |TAMS 0x00000000b1200000, 0x00000000b1300000| Complete 
| 275|0x00000000b1300000, 0x00000000b1400000, 0x00000000b1400000|100%|HC|  |TAMS 0x00000000b1300000, 0x00000000b1400000| Complete 
| 276|0x00000000b1400000, 0x00000000b1500000, 0x00000000b1500000|100%|HC|  |TAMS 0x00000000b1400000, 0x00000000b1500000| Complete 
| 277|0x00000000b1500000, 0x00000000b1600000, 0x00000000b1600000|100%|HC|  |TAMS 0x00000000b1500000, 0x00000000b1600000| Complete 
| 278|0x00000000b1600000, 0x00000000b1700000, 0x00000000b1700000|100%|HC|  |TAMS 0x00000000b1600000, 0x00000000b1700000| Complete 
| 279|0x00000000b1700000, 0x00000000b1800000, 0x00000000b1800000|100%|HC|  |TAMS 0x00000000b1700000, 0x00000000b1800000| Complete 
| 280|0x00000000b1800000, 0x00000000b1900000, 0x00000000b1900000|100%|HC|  |TAMS 0x00000000b1800000, 0x00000000b1900000| Complete 
| 281|0x00000000b1900000, 0x00000000b1a00000, 0x00000000b1a00000|100%| E|CS|TAMS 0x00000000b1900000, 0x00000000b1900000| Complete 
| 282|0x00000000b1a00000, 0x00000000b1b00000, 0x00000000b1b00000|100%| E|CS|TAMS 0x00000000b1a00000, 0x00000000b1a00000| Complete 
| 283|0x00000000b1b00000, 0x00000000b1c00000, 0x00000000b1c00000|100%| E|CS|TAMS 0x00000000b1b00000, 0x00000000b1b00000| Complete 
| 284|0x00000000b1c00000, 0x00000000b1d00000, 0x00000000b1d00000|100%| E|CS|TAMS 0x00000000b1c00000, 0x00000000b1c00000| Complete 
| 285|0x00000000b1d00000, 0x00000000b1e00000, 0x00000000b1e00000|100%| E|CS|TAMS 0x00000000b1d00000, 0x00000000b1d00000| Complete 
| 286|0x00000000b1e00000, 0x00000000b1f00000, 0x00000000b1f00000|100%| E|CS|TAMS 0x00000000b1e00000, 0x00000000b1e00000| Complete 
| 287|0x00000000b1f00000, 0x00000000b2000000, 0x00000000b2000000|100%| E|CS|TAMS 0x00000000b1f00000, 0x00000000b1f00000| Complete 
| 288|0x00000000b2000000, 0x00000000b2100000, 0x00000000b2100000|100%| E|CS|TAMS 0x00000000b2000000, 0x00000000b2000000| Complete 
| 289|0x00000000b2100000, 0x00000000b2200000, 0x00000000b2200000|100%| E|CS|TAMS 0x00000000b2100000, 0x00000000b2100000| Complete 

Card table byte_map: [0x0000026df9d60000,0x0000026dfa060000] _byte_map_base: 0x0000026df9860000

Marking Bits (Prev, Next): (CMBitMap*) 0x0000026df4138e38, (CMBitMap*) 0x0000026df4138e70
 Prev Bits: [0x0000026dfa360000, 0x0000026dfbb60000)
 Next Bits: [0x0000026dfbb60000, 0x0000026dfd360000)

Polling page: 0x0000026df3f80000

Metaspace:

Usage:
  Non-class:     93.37 MB capacity,    90.61 MB ( 97%) used,     2.39 MB (  3%) free+waste,   389.31 KB ( <1%) overhead. 
      Class:     14.58 MB capacity,    13.24 MB ( 91%) used,     1.17 MB (  8%) free+waste,   174.69 KB (  1%) overhead. 
       Both:    107.95 MB capacity,   103.85 MB ( 96%) used,     3.55 MB (  3%) free+waste,   564.00 KB ( <1%) overhead. 

Virtual space:
  Non-class space:       94.00 MB reserved,      93.58 MB (>99%) committed 
      Class space:        1.00 GB reserved,      14.63 MB (  1%) committed 
             Both:        1.09 GB reserved,     108.20 MB ( 10%) committed 

Chunk freelists:
   Non-Class:  2.00 KB
       Class:  0 bytes
        Both:  2.00 KB

MaxMetaspaceSize: 17179869184.00 GB
CompressedClassSpaceSize: 1.00 GB
Initial GC threshold: 20.80 MB
Current GC threshold: 179.30 MB
CDS: off

CodeHeap 'non-profiled nmethods': size=120064Kb used=14174Kb max_used=14174Kb free=105889Kb
 bounds [0x0000026d87ac0000, 0x0000026d888a0000, 0x0000026d8f000000]
CodeHeap 'profiled nmethods': size=120000Kb used=38708Kb max_used=38708Kb free=81291Kb
 bounds [0x0000026d80590000, 0x0000026d82b60000, 0x0000026d87ac0000]
CodeHeap 'non-nmethods': size=5696Kb used=2410Kb max_used=2492Kb free=3285Kb
 bounds [0x0000026d80000000, 0x0000026d80290000, 0x0000026d80590000]
 total_blobs=18910 nmethods=17977 adapters=844
 compilation: enabled
              stopped_count=0, restarted_count=0
 full_count=0

Compilation events (20 events):
Event: 639.971 Thread 0x0000026dff983000 19085       3       org.jetbrains.kotlin.gradle.internal.KotlinDependenciesManagementKt$configureKotlinTestDependency$1$1::execute (197 bytes)
Event: 639.977 Thread 0x0000026dff983000 nmethod 19085 0x0000026d82b5c390 code [0x0000026d82b5c6c0, 0x0000026d82b5dc18]
Event: 639.988 Thread 0x0000026dff982000 nmethod 19080 0x0000026d88894790 code [0x0000026d888949a0, 0x0000026d88895708]
Event: 639.988 Thread 0x0000026dff982000 19081       4       org.gradle.plugin.use.internal.DefaultPluginId::hashCode (8 bytes)
Event: 639.993 Thread 0x0000026dff982000 nmethod 19081 0x0000026d88895c90 code [0x0000026d88895e20, 0x0000026d88895ff8]
Event: 639.993 Thread 0x0000026dff982000 19082       4       org.gradle.internal.event.BroadcastDispatch::<init> (6 bytes)
Event: 639.995 Thread 0x0000026dff982000 nmethod 19082 0x0000026d88896190 code [0x0000026d88896320, 0x0000026d88896458]
Event: 639.995 Thread 0x0000026dff982000 19087       4       org.gradle.internal.metaobject.DynamicInvokeResult::isFound (16 bytes)
Event: 639.995 Thread 0x0000026dff982000 nmethod 19087 0x0000026d88896510 code [0x0000026d888966a0, 0x0000026d88896718]
Event: 639.997 Thread 0x0000026dff983000 19088       1       org.gradle.api.attributes.Bundling$Impl::isImmutable (3 bytes)
Event: 639.997 Thread 0x0000026dff983000 nmethod 19088 0x0000026d88896810 code [0x0000026d888969c0, 0x0000026d88896a78]
Event: 640.007 Thread 0x0000026dff982000 19089       4       org.gradle.api.internal.attributes.DefaultImmutableAttributesFactory::mutable (9 bytes)
Event: 640.011 Thread 0x0000026dff982000 nmethod 19089 0x0000026d88896b10 code [0x0000026d88896cc0, 0x0000026d88896ff8]
Event: 640.094 Thread 0x0000026dff983000 19090       3       org.gradle.api.internal.artifacts.ivyservice.resolveengine.graph.builder.NodeState::joinNodeExclusions (27 bytes)
Event: 640.094 Thread 0x0000026dff983000 nmethod 19090 0x0000026d82b5e290 code [0x0000026d82b5e460, 0x0000026d82b5e7d8]
Event: 640.107 Thread 0x0000026dff983000 19091       3       org.gradle.api.internal.artifacts.ivyservice.ivyresolve.DefaultVersionedComponentChooser::isRejectedByRule (50 bytes)
Event: 640.110 Thread 0x0000026dff983000 nmethod 19091 0x0000026d82b5e910 code [0x0000026d82b5eb20, 0x0000026d82b5f068]
Event: 640.138 Thread 0x0000026dff982000 19092       4       org.gradle.internal.resource.local.DefaultPathKeyFileStore::getFile (46 bytes)
Event: 640.141 Thread 0x0000026dff982000 nmethod 19092 0x0000026d88897090 code [0x0000026d88897240, 0x0000026d88897408]
Event: 640.149 Thread 0x0000026dff982000 19093   !   4       org.gradle.api.internal.artifacts.ivyservice.resolveengine.graph.builder.NodeState::visitDependencies (192 bytes)

GC Heap History (20 events):
Event: 201.351 GC heap before
{Heap before GC invocations=124 (full 0):
 garbage-first heap   total 280576K, used 158357K [0x00000000a0000000, 0x0000000100000000)
  region size 1024K, 13 young (13312K), 3 survivors (3072K)
 Metaspace       used 105033K, capacity 108938K, committed 109136K, reserved 1144832K
  class space    used 13443K, capacity 14722K, committed 14848K, reserved 1048576K
}
Event: 201.385 GC heap after
{Heap after GC invocations=125 (full 0):
 garbage-first heap   total 280576K, used 146374K [0x00000000a0000000, 0x0000000100000000)
  region size 1024K, 1 young (1024K), 1 survivors (1024K)
 Metaspace       used 105033K, capacity 108938K, committed 109136K, reserved 1144832K
  class space    used 13443K, capacity 14722K, committed 14848K, reserved 1048576K
}
Event: 201.446 GC heap before
{Heap before GC invocations=125 (full 0):
 garbage-first heap   total 280576K, used 149446K [0x00000000a0000000, 0x0000000100000000)
  region size 1024K, 6 young (6144K), 1 survivors (1024K)
 Metaspace       used 105037K, capacity 108938K, committed 109136K, reserved 1144832K
  class space    used 13443K, capacity 14722K, committed 14848K, reserved 1048576K
}
Event: 201.453 GC heap after
{Heap after GC invocations=126 (full 0):
 garbage-first heap   total 280576K, used 146140K [0x00000000a0000000, 0x0000000100000000)
  region size 1024K, 1 young (1024K), 1 survivors (1024K)
 Metaspace       used 105037K, capacity 108938K, committed 109136K, reserved 1144832K
  class space    used 13443K, capacity 14722K, committed 14848K, reserved 1048576K
}
Event: 375.183 GC heap before
{Heap before GC invocations=127 (full 0):
 garbage-first heap   total 290816K, used 288476K [0x00000000a0000000, 0x0000000100000000)
  region size 1024K, 11 young (11264K), 1 survivors (1024K)
 Metaspace       used 105172K, capacity 109075K, committed 109392K, reserved 1144832K
  class space    used 13445K, capacity 14722K, committed 14848K, reserved 1048576K
}
Event: 375.450 GC heap after
{Heap after GC invocations=128 (full 0):
 garbage-first heap   total 291840K, used 145998K [0x00000000a0000000, 0x0000000100000000)
  region size 1024K, 1 young (1024K), 1 survivors (1024K)
 Metaspace       used 105172K, capacity 109075K, committed 109392K, reserved 1144832K
  class space    used 13445K, capacity 14722K, committed 14848K, reserved 1048576K
}
Event: 381.141 GC heap before
{Heap before GC invocations=128 (full 0):
 garbage-first heap   total 291840K, used 220750K [0x00000000a0000000, 0x0000000100000000)
  region size 1024K, 75 young (76800K), 1 survivors (1024K)
 Metaspace       used 105559K, capacity 109670K, committed 109904K, reserved 1144832K
  class space    used 13487K, capacity 14801K, committed 14848K, reserved 1048576K
}
Event: 381.269 GC heap after
{Heap after GC invocations=129 (full 0):
 garbage-first heap   total 291840K, used 155572K [0x00000000a0000000, 0x0000000100000000)
  region size 1024K, 10 young (10240K), 10 survivors (10240K)
 Metaspace       used 105559K, capacity 109670K, committed 109904K, reserved 1144832K
  class space    used 13487K, capacity 14801K, committed 14848K, reserved 1048576K
}
Event: 395.971 GC heap before
{Heap before GC invocations=130 (full 0):
 garbage-first heap   total 291840K, used 227252K [0x00000000a0000000, 0x0000000100000000)
  region size 1024K, 80 young (81920K), 10 survivors (10240K)
 Metaspace       used 105830K, capacity 109900K, committed 110160K, reserved 1144832K
  class space    used 13499K, capacity 14822K, committed 14848K, reserved 1048576K
}
Event: 396.093 GC heap after
{Heap after GC invocations=131 (full 0):
 garbage-first heap   total 291840K, used 165587K [0x00000000a0000000, 0x0000000100000000)
  region size 1024K, 10 young (10240K), 10 survivors (10240K)
 Metaspace       used 105830K, capacity 109900K, committed 110160K, reserved 1144832K
  class space    used 13499K, capacity 14822K, committed 14848K, reserved 1048576K
}
Event: 396.185 GC heap before
{Heap before GC invocations=131 (full 0):
 garbage-first heap   total 291840K, used 169683K [0x00000000a0000000, 0x0000000100000000)
  region size 1024K, 14 young (14336K), 10 survivors (10240K)
 Metaspace       used 105871K, capacity 109952K, committed 110160K, reserved 1144832K
  class space    used 13508K, capacity 14839K, committed 14848K, reserved 1048576K
}
Event: 396.246 GC heap after
{Heap after GC invocations=132 (full 0):
 garbage-first heap   total 291840K, used 166687K [0x00000000a0000000, 0x0000000100000000)
  region size 1024K, 2 young (2048K), 2 survivors (2048K)
 Metaspace       used 105871K, capacity 109952K, committed 110160K, reserved 1144832K
  class space    used 13508K, capacity 14839K, committed 14848K, reserved 1048576K
}
Event: 397.934 GC heap before
{Heap before GC invocations=132 (full 0):
 garbage-first heap   total 291840K, used 211743K [0x00000000a0000000, 0x0000000100000000)
  region size 1024K, 39 young (39936K), 2 survivors (2048K)
 Metaspace       used 105950K, capacity 110093K, committed 110160K, reserved 1144832K
  class space    used 13510K, capacity 14842K, committed 14848K, reserved 1048576K
}
Event: 397.953 GC heap after
{Heap after GC invocations=133 (full 0):
 garbage-first heap   total 291840K, used 177772K [0x00000000a0000000, 0x0000000100000000)
  region size 1024K, 4 young (4096K), 4 survivors (4096K)
 Metaspace       used 105950K, capacity 110093K, committed 110160K, reserved 1144832K
  class space    used 13510K, capacity 14842K, committed 14848K, reserved 1048576K
}
Event: 399.955 GC heap before
{Heap before GC invocations=134 (full 0):
 garbage-first heap   total 291840K, used 289388K [0x00000000a0000000, 0x0000000100000000)
  region size 1024K, 47 young (48128K), 4 survivors (4096K)
 Metaspace       used 106023K, capacity 110168K, committed 110288K, reserved 1144832K
  class space    used 13523K, capacity 14866K, committed 14976K, reserved 1048576K
}
Event: 399.970 GC heap after
{Heap after GC invocations=135 (full 0):
 garbage-first heap   total 296960K, used 233521K [0x00000000a0000000, 0x0000000100000000)
  region size 1024K, 5 young (5120K), 5 survivors (5120K)
 Metaspace       used 106023K, capacity 110168K, committed 110288K, reserved 1144832K
  class space    used 13523K, capacity 14866K, committed 14976K, reserved 1048576K
}
Event: 400.280 GC heap before
{Heap before GC invocations=135 (full 0):
 garbage-first heap   total 296960K, used 242737K [0x00000000a0000000, 0x0000000100000000)
  region size 1024K, 15 young (15360K), 5 survivors (5120K)
 Metaspace       used 106069K, capacity 110204K, committed 110544K, reserved 1144832K
  class space    used 13530K, capacity 14878K, committed 14976K, reserved 1048576K
}
Event: 400.338 GC heap after
{Heap after GC invocations=136 (full 0):
 garbage-first heap   total 296960K, used 218764K [0x00000000a0000000, 0x0000000100000000)
  region size 1024K, 1 young (1024K), 1 survivors (1024K)
 Metaspace       used 106069K, capacity 110204K, committed 110544K, reserved 1144832K
  class space    used 13530K, capacity 14878K, committed 14976K, reserved 1048576K
}
Event: 639.383 GC heap before
{Heap before GC invocations=136 (full 0):
 garbage-first heap   total 296960K, used 255628K [0x00000000a0000000, 0x0000000100000000)
  region size 1024K, 38 young (38912K), 1 survivors (1024K)
 Metaspace       used 106293K, capacity 110497K, committed 110800K, reserved 1144832K
  class space    used 13551K, capacity 14918K, committed 14976K, reserved 1048576K
}
Event: 639.596 GC heap after
{Heap after GC invocations=137 (full 0):
 garbage-first heap   total 296960K, used 220887K [0x00000000a0000000, 0x0000000100000000)
  region size 1024K, 3 young (3072K), 3 survivors (3072K)
 Metaspace       used 106293K, capacity 110497K, committed 110800K, reserved 1144832K
  class space    used 13551K, capacity 14918K, committed 14976K, reserved 1048576K
}

Deoptimization events (20 events):
Event: 509.177 Thread 0x0000026d91197000 DEOPT PACKING pc=0x0000026d88863528 sp=0x000000ba121fe480
Event: 509.177 Thread 0x0000026d91197000 DEOPT UNPACKING pc=0x0000026d8004a1af sp=0x000000ba121fe408 mode 2
Event: 509.177 Thread 0x0000026d91197000 Uncommon trap: trap_request=0xffffffde fr.pc=0x0000026d88863528 relative=0x0000000000000108
Event: 509.177 Thread 0x0000026d91197000 Uncommon trap: reason=class_check action=maybe_recompile pc=0x0000026d88863528 method=jdk.internal.misc.Unsafe.allocateUninitializedArray(Ljava/lang/Class;I)Ljava/lang/Object; @ 48 c2
Event: 509.177 Thread 0x0000026d91197000 DEOPT PACKING pc=0x0000026d88863528 sp=0x000000ba121fe480
Event: 509.177 Thread 0x0000026d91197000 DEOPT UNPACKING pc=0x0000026d8004a1af sp=0x000000ba121fe408 mode 2
Event: 635.630 Thread 0x0000026d95c45800 Uncommon trap: trap_request=0xffffffc6 fr.pc=0x0000026d88348758 relative=0x0000000000000118
Event: 635.630 Thread 0x0000026d95c45800 Uncommon trap: reason=bimorphic_or_optimized_type_check action=maybe_recompile pc=0x0000026d88348758 method=java.util.Collections$UnmodifiableList.get(I)Ljava/lang/Object; @ 5 c2
Event: 635.631 Thread 0x0000026d95c45800 DEOPT PACKING pc=0x0000026d88348758 sp=0x000000ba125fe820
Event: 635.632 Thread 0x0000026d95c45800 DEOPT UNPACKING pc=0x0000026d8004a1af sp=0x000000ba125fe7b8 mode 2
Event: 636.146 Thread 0x0000026d95c45800 Uncommon trap: trap_request=0xffffffc6 fr.pc=0x0000026d88427474 relative=0x0000000000000874
Event: 636.148 Thread 0x0000026d95c45800 Uncommon trap: reason=bimorphic_or_optimized_type_check action=maybe_recompile pc=0x0000026d88427474 method=org.gradle.internal.operations.DefaultBuildOperationListenerManager$ProgressShieldingBuildOperationListener.progress(Lorg/gradle/internal/operation
Event: 636.148 Thread 0x0000026d95c45800 DEOPT PACKING pc=0x0000026d88427474 sp=0x000000ba125fbb10
Event: 636.151 Thread 0x0000026d95c45800 DEOPT UNPACKING pc=0x0000026d8004a1af sp=0x000000ba125fb968 mode 2
Event: 637.492 Thread 0x0000026d95c45800 DEOPT PACKING pc=0x0000026d8198d4d8 sp=0x000000ba125fa120
Event: 637.493 Thread 0x0000026d95c45800 DEOPT UNPACKING pc=0x0000026d8004a95e sp=0x000000ba125f95f0 mode 0
Event: 637.727 Thread 0x0000026d95c45800 Uncommon trap: trap_request=0xffffffde fr.pc=0x0000026d881edd08 relative=0x0000000000000a28
Event: 637.727 Thread 0x0000026d95c45800 Uncommon trap: reason=class_check action=maybe_recompile pc=0x0000026d881edd08 method=org.gradle.cache.internal.LockOnDemandCrossProcessCacheAccess.incrementLockCount()V @ 97 c2
Event: 637.727 Thread 0x0000026d95c45800 DEOPT PACKING pc=0x0000026d881edd08 sp=0x000000ba125f7780
Event: 637.727 Thread 0x0000026d95c45800 DEOPT UNPACKING pc=0x0000026d8004a1af sp=0x000000ba125f7760 mode 2

Classes redefined (0 events):
No events

Internal exceptions (20 events):
Event: 398.515 Thread 0x0000026d97112800 Exception <a 'sun/nio/fs/WindowsException'{0x00000000af16ee80}> (0x00000000af16ee80) thrown at [./src/hotspot/share/prims/jni.cpp, line 616]
Event: 398.515 Thread 0x0000026d97112800 Exception <a 'sun/nio/fs/WindowsException'{0x00000000af16f0a0}> (0x00000000af16f0a0) thrown at [./src/hotspot/share/prims/jni.cpp, line 616]
Event: 398.521 Thread 0x0000026d97112800 Exception <a 'sun/nio/fs/WindowsException'{0x00000000af172f98}> (0x00000000af172f98) thrown at [./src/hotspot/share/prims/jni.cpp, line 616]
Event: 398.521 Thread 0x0000026d97112800 Exception <a 'sun/nio/fs/WindowsException'{0x00000000af173948}> (0x00000000af173948) thrown at [./src/hotspot/share/prims/jni.cpp, line 616]
Event: 398.521 Thread 0x0000026d97112800 Exception <a 'sun/nio/fs/WindowsException'{0x00000000af173b68}> (0x00000000af173b68) thrown at [./src/hotspot/share/prims/jni.cpp, line 616]
Event: 398.526 Thread 0x0000026d97112800 Exception <a 'sun/nio/fs/WindowsException'{0x00000000af18a688}> (0x00000000af18a688) thrown at [./src/hotspot/share/prims/jni.cpp, line 616]
Event: 398.526 Thread 0x0000026d97112800 Exception <a 'sun/nio/fs/WindowsException'{0x00000000af18b038}> (0x00000000af18b038) thrown at [./src/hotspot/share/prims/jni.cpp, line 616]
Event: 398.527 Thread 0x0000026d97112800 Exception <a 'sun/nio/fs/WindowsException'{0x00000000af18b258}> (0x00000000af18b258) thrown at [./src/hotspot/share/prims/jni.cpp, line 616]
Event: 398.530 Thread 0x0000026d97112800 Exception <a 'sun/nio/fs/WindowsException'{0x00000000af18f278}> (0x00000000af18f278) thrown at [./src/hotspot/share/prims/jni.cpp, line 616]
Event: 398.530 Thread 0x0000026d97112800 Exception <a 'sun/nio/fs/WindowsException'{0x00000000af18fc28}> (0x00000000af18fc28) thrown at [./src/hotspot/share/prims/jni.cpp, line 616]
Event: 398.531 Thread 0x0000026d97112800 Exception <a 'sun/nio/fs/WindowsException'{0x00000000af18fe48}> (0x00000000af18fe48) thrown at [./src/hotspot/share/prims/jni.cpp, line 616]
Event: 398.533 Thread 0x0000026d97112800 Exception <a 'sun/nio/fs/WindowsException'{0x00000000af193c28}> (0x00000000af193c28) thrown at [./src/hotspot/share/prims/jni.cpp, line 616]
Event: 398.533 Thread 0x0000026d97112800 Exception <a 'sun/nio/fs/WindowsException'{0x00000000af193ca8}> (0x00000000af193ca8) thrown at [./src/hotspot/share/prims/jni.cpp, line 616]
Event: 398.537 Thread 0x0000026d97112800 Exception <a 'sun/nio/fs/WindowsException'{0x00000000af196a00}> (0x00000000af196a00) thrown at [./src/hotspot/share/prims/jni.cpp, line 616]
Event: 398.537 Thread 0x0000026d97112800 Exception <a 'sun/nio/fs/WindowsException'{0x00000000af197320}> (0x00000000af197320) thrown at [./src/hotspot/share/prims/jni.cpp, line 616]
Event: 398.538 Thread 0x0000026d97112800 Exception <a 'sun/nio/fs/WindowsException'{0x00000000af1974f8}> (0x00000000af1974f8) thrown at [./src/hotspot/share/prims/jni.cpp, line 616]
Event: 398.560 Thread 0x0000026d97119000 Exception <a 'sun/nio/fs/WindowsException'{0x00000000af016698}> (0x00000000af016698) thrown at [./src/hotspot/share/prims/jni.cpp, line 616]
Event: 398.560 Thread 0x0000026d97119000 Exception <a 'sun/nio/fs/WindowsException'{0x00000000af017040}> (0x00000000af017040) thrown at [./src/hotspot/share/prims/jni.cpp, line 616]
Event: 398.560 Thread 0x0000026d97119000 Exception <a 'sun/nio/fs/WindowsException'{0x00000000af017128}> (0x00000000af017128) thrown at [./src/hotspot/share/prims/jni.cpp, line 616]
Event: 639.764 Thread 0x0000026d95c45800 Exception <a 'sun/nio/fs/WindowsException'{0x00000000b20da408}> (0x00000000b20da408) thrown at [./src/hotspot/share/prims/jni.cpp, line 616]

Events (20 events):
Event: 638.853 Thread 0x0000026d918b4000 Thread added: 0x0000026d918b4000
Event: 638.853 Thread 0x0000026d918b1800 Thread added: 0x0000026d918b1800
Event: 638.855 Thread 0x0000026d918b2800 Thread added: 0x0000026d918b2800
Event: 638.855 Thread 0x0000026d918b3800 Thread added: 0x0000026d918b3800
Event: 638.856 Thread 0x0000026d918ae800 Thread added: 0x0000026d918ae800
Event: 638.857 Thread 0x0000026d918b5000 Thread added: 0x0000026d918b5000
Event: 638.858 Thread 0x0000026d918af800 Thread added: 0x0000026d918af800
Event: 638.858 Thread 0x0000026d918b6000 Thread added: 0x0000026d918b6000
Event: 638.859 Thread 0x0000026d918b0000 Thread added: 0x0000026d918b0000
Event: 638.861 Thread 0x0000026d96038000 Thread added: 0x0000026d96038000
Event: 638.862 Thread 0x0000026d9603e000 Thread added: 0x0000026d9603e000
Event: 638.863 Thread 0x0000026d9603b800 Thread added: 0x0000026d9603b800
Event: 638.863 Thread 0x0000026d9603a800 Thread added: 0x0000026d9603a800
Event: 638.863 Thread 0x0000026d9603d000 Thread added: 0x0000026d9603d000
Event: 638.864 Thread 0x0000026d9603c000 Thread added: 0x0000026d9603c000
Event: 639.378 Executing VM operation: G1CollectForAllocation
Event: 639.597 Executing VM operation: G1CollectForAllocation done
Event: 639.881 Thread 0x0000026d96039000 Thread added: 0x0000026d96039000
Event: 639.945 loading class org/gradle/internal/event/BroadcastDispatch$1
Event: 639.945 loading class org/gradle/internal/event/BroadcastDispatch$1 done


Dynamic libraries:
0x00007ff64e4f0000 - 0x00007ff64e4fa000 	C:\Program Files\Android\Android Studio1\jre\bin\java.exe
0x00007ffa523f0000 - 0x00007ffa525e8000 	C:\WINDOWS\SYSTEM32\ntdll.dll
0x00007ffa513b0000 - 0x00007ffa5146f000 	C:\WINDOWS\System32\KERNEL32.DLL
0x00007ffa4fee0000 - 0x00007ffa501b2000 	C:\WINDOWS\System32\KERNELBASE.dll
0x00007ffa4fba0000 - 0x00007ffa4fca0000 	C:\WINDOWS\System32\ucrtbase.dll
0x00007ffa4b520000 - 0x00007ffa4b539000 	C:\Program Files\Android\Android Studio1\jre\bin\jli.dll
0x00007ffa4b500000 - 0x00007ffa4b517000 	C:\Program Files\Android\Android Studio1\jre\bin\VCRUNTIME140.dll
0x00007ffa518f0000 - 0x00007ffa51a91000 	C:\WINDOWS\System32\USER32.dll
0x00007ffa4feb0000 - 0x00007ffa4fed2000 	C:\WINDOWS\System32\win32u.dll
0x00007ffa30f60000 - 0x00007ffa311fa000 	C:\WINDOWS\WinSxS\amd64_microsoft.windows.common-controls_6595b64144ccf1df_6.0.19041.1110_none_60b5254171f9507e\COMCTL32.dll
0x00007ffa514e0000 - 0x00007ffa5150b000 	C:\WINDOWS\System32\GDI32.dll
0x00007ffa511b0000 - 0x00007ffa5124e000 	C:\WINDOWS\System32\msvcrt.dll
0x00007ffa4fca0000 - 0x00007ffa4fdaf000 	C:\WINDOWS\System32\gdi32full.dll
0x00007ffa50390000 - 0x00007ffa5042d000 	C:\WINDOWS\System32\msvcp_win.dll
0x00007ffa51d10000 - 0x00007ffa51d42000 	C:\WINDOWS\System32\IMM32.DLL
0x00007ffa4a290000 - 0x00007ffa4a32d000 	C:\Program Files\Android\Android Studio1\jre\bin\msvcp140.dll
0x00007ffa14d10000 - 0x00007ffa15812000 	C:\Program Files\Android\Android Studio1\jre\bin\server\jvm.dll
0x00007ffa51b40000 - 0x00007ffa51bee000 	C:\WINDOWS\System32\ADVAPI32.dll
0x00007ffa51aa0000 - 0x00007ffa51b3c000 	C:\WINDOWS\System32\sechost.dll
0x00007ffa51270000 - 0x00007ffa51395000 	C:\WINDOWS\System32\RPCRT4.dll
0x00007ffa513a0000 - 0x00007ffa513a8000 	C:\WINDOWS\System32\PSAPI.DLL
0x00007ffa42c00000 - 0x00007ffa42c27000 	C:\WINDOWS\SYSTEM32\WINMM.dll
0x00007ffa423f0000 - 0x00007ffa423f9000 	C:\WINDOWS\SYSTEM32\WSOCK32.dll
0x00007ffa433c0000 - 0x00007ffa433ca000 	C:\WINDOWS\SYSTEM32\VERSION.dll
0x00007ffa51470000 - 0x00007ffa514db000 	C:\WINDOWS\System32\WS2_32.dll
0x00007ffa4d980000 - 0x00007ffa4d992000 	C:\WINDOWS\SYSTEM32\kernel.appcore.dll
0x00007ffa4a600000 - 0x00007ffa4a611000 	C:\Program Files\Android\Android Studio1\jre\bin\verify.dll
0x00007ffa39150000 - 0x00007ffa39334000 	C:\WINDOWS\SYSTEM32\DBGHELP.DLL
0x00007ffa38de0000 - 0x00007ffa38e15000 	C:\WINDOWS\SYSTEM32\dbgcore.DLL
0x00007ffa4fae0000 - 0x00007ffa4fb62000 	C:\WINDOWS\System32\bcryptPrimitives.dll
0x00007ffa4a550000 - 0x00007ffa4a579000 	C:\Program Files\Android\Android Studio1\jre\bin\java.dll
0x00007ffa4a5f0000 - 0x00007ffa4a5fb000 	C:\Program Files\Android\Android Studio1\jre\bin\jimage.dll
0x00007ffa4a530000 - 0x00007ffa4a548000 	C:\Program Files\Android\Android Studio1\jre\bin\zip.dll
0x00007ffa50950000 - 0x00007ffa51094000 	C:\WINDOWS\System32\SHELL32.dll
0x00007ffa4db80000 - 0x00007ffa4e312000 	C:\WINDOWS\SYSTEM32\windows.storage.dll
0x00007ffa51510000 - 0x00007ffa51865000 	C:\WINDOWS\System32\combase.dll
0x00007ffa4f460000 - 0x00007ffa4f490000 	C:\WINDOWS\SYSTEM32\Wldp.dll
0x00007ffa51100000 - 0x00007ffa511ad000 	C:\WINDOWS\System32\SHCORE.dll
0x00007ffa50500000 - 0x00007ffa50555000 	C:\WINDOWS\System32\shlwapi.dll
0x00007ffa4fa20000 - 0x00007ffa4fa3f000 	C:\WINDOWS\SYSTEM32\profapi.dll
0x00007ffa4a140000 - 0x00007ffa4a15a000 	C:\Program Files\Android\Android Studio1\jre\bin\net.dll
0x00007ffa45740000 - 0x00007ffa4584c000 	C:\WINDOWS\SYSTEM32\WINHTTP.dll
0x00007ffa4f1c0000 - 0x00007ffa4f22a000 	C:\WINDOWS\system32\mswsock.dll
0x00007ffa4a120000 - 0x00007ffa4a134000 	C:\Program Files\Android\Android Studio1\jre\bin\nio.dll
0x00007ffa4a0f0000 - 0x00007ffa4a117000 	C:\Users\Wc\.gradle\native\e1d6ef7f7dcc3fd88c89a11ec53ec762bb8ba0a96d01ffa2cd45eb1d1d8dd5c5\windows-amd64\native-platform.dll
0x00007ffa2d170000 - 0x00007ffa2d2b4000 	C:\Users\Wc\.gradle\native\0d407fdbe67a94daf76414ababcb853783967236a71b16ec16e742cd7a986fd3\windows-amd64\native-platform-file-events.dll
0x00007ffa4a020000 - 0x00007ffa4a02a000 	C:\Program Files\Android\Android Studio1\jre\bin\management.dll
0x00007ffa4a010000 - 0x00007ffa4a01d000 	C:\Program Files\Android\Android Studio1\jre\bin\management_ext.dll
0x00007ffa4f3b0000 - 0x00007ffa4f3c8000 	C:\WINDOWS\SYSTEM32\CRYPTSP.dll
0x00007ffa4eae0000 - 0x00007ffa4eb14000 	C:\WINDOWS\system32\rsaenh.dll
0x00007ffa4fb70000 - 0x00007ffa4fb97000 	C:\WINDOWS\System32\bcrypt.dll
0x00007ffa4f9e0000 - 0x00007ffa4fa0e000 	C:\WINDOWS\SYSTEM32\USERENV.dll
0x00007ffa4f3d0000 - 0x00007ffa4f3dc000 	C:\WINDOWS\SYSTEM32\CRYPTBASE.dll
0x00007ffa4eeb0000 - 0x00007ffa4eeeb000 	C:\WINDOWS\SYSTEM32\IPHLPAPI.DLL
0x00007ffa50800000 - 0x00007ffa50808000 	C:\WINDOWS\System32\NSI.dll
0x00007ffa45d00000 - 0x00007ffa45d17000 	C:\WINDOWS\SYSTEM32\dhcpcsvc6.DLL
0x00007ffa45e70000 - 0x00007ffa45e8d000 	C:\WINDOWS\SYSTEM32\dhcpcsvc.DLL
0x00007ffa4eef0000 - 0x00007ffa4efba000 	C:\WINDOWS\SYSTEM32\DNSAPI.dll
0x00007ffa20c30000 - 0x00007ffa20c57000 	C:\Program Files\Android\Android Studio1\jre\bin\sunec.dll

dbghelp: loaded successfully - version: 4.0.5 - missing functions: none
symbol engine: initialized successfully - sym options: 0x614 - pdb path: .;C:\Program Files\Android\Android Studio1\jre\bin;C:\WINDOWS\SYSTEM32;C:\WINDOWS\WinSxS\amd64_microsoft.windows.common-controls_6595b64144ccf1df_6.0.19041.1110_none_60b5254171f9507e;C:\Program Files\Android\Android Studio1\jre\bin\server;C:\Users\Wc\.gradle\native\e1d6ef7f7dcc3fd88c89a11ec53ec762bb8ba0a96d01ffa2cd45eb1d1d8dd5c5\windows-amd64;C:\Users\Wc\.gradle\native\0d407fdbe67a94daf76414ababcb853783967236a71b16ec16e742cd7a986fd3\windows-amd64

VM Arguments:
jvm_args: --add-opens=java.base/java.util=ALL-UNNAMED --add-opens=java.base/java.lang=ALL-UNNAMED --add-opens=java.base/java.lang.invoke=ALL-UNNAMED --add-opens=java.base/java.util=ALL-UNNAMED --add-opens=java.prefs/java.util.prefs=ALL-UNNAMED --add-opens=java.prefs/java.util.prefs=ALL-UNNAMED --add-opens=java.base/java.nio.charset=ALL-UNNAMED --add-opens=java.base/java.net=ALL-UNNAMED --add-opens=java.base/java.util.concurrent.atomic=ALL-UNNAMED -Xmx1536M -Dfile.encoding=windows-1252 -Duser.country=US -Duser.language=en -Duser.variant 
java_command: org.gradle.launcher.daemon.bootstrap.GradleDaemon 7.4
java_class_path (initial): C:\Users\Wc\.gradle\wrapper\dists\gradle-7.4-all\aadb4xli5jkdsnukm30eibyiu\gradle-7.4\lib\gradle-launcher-7.4.jar
Launcher Type: SUN_STANDARD

[Global flags]
     intx CICompilerCount                          = 3                                         {product} {ergonomic}
     uint ConcGCThreads                            = 1                                         {product} {ergonomic}
     uint G1ConcRefinementThreads                  = 4                                         {product} {ergonomic}
   size_t G1HeapRegionSize                         = 1048576                                   {product} {ergonomic}
    uintx GCDrainStackTargetSize                   = 64                                        {product} {ergonomic}
   size_t InitialHeapSize                          = 67108864                                  {product} {ergonomic}
   size_t MarkStackSize                            = 4194304                                   {product} {ergonomic}
   size_t MaxHeapSize                              = 1610612736                                {product} {command line}
   size_t MaxNewSize                               = 965738496                                 {product} {ergonomic}
   size_t MinHeapDeltaBytes                        = 1048576                                   {product} {ergonomic}
    uintx NonNMethodCodeHeapSize                   = 5830732                                {pd product} {ergonomic}
    uintx NonProfiledCodeHeapSize                  = 122913754                              {pd product} {ergonomic}
    uintx ProfiledCodeHeapSize                     = 122913754                              {pd product} {ergonomic}
    uintx ReservedCodeCacheSize                    = 251658240                              {pd product} {ergonomic}
     bool SegmentedCodeCache                       = true                                      {product} {ergonomic}
     bool UseCompressedClassPointers               = true                                 {lp64_product} {ergonomic}
     bool UseCompressedOops                        = true                                 {lp64_product} {ergonomic}
     bool UseG1GC                                  = true                                      {product} {ergonomic}
     bool UseLargePagesIndividualAllocation        = false                                  {pd product} {ergonomic}

Logging:
Log output configuration:
 #0: stdout all=warning uptime,level,tags
 #1: stderr all=off uptime,level,tags

Environment Variables:
JAVA_HOME=C:\Program Files\Android\Android Studio1\jre
CLASSPATH=C:\Users\Wc\Documents\GitHub\Mobile-App-SP19-BCS-078\final_task_078\android\\gradle\wrapper\gradle-wrapper.jar
PATH=C:\Python35\Lib\site-packages\PyQt5;C:\ProgramData\Oracle\Java\javapath;C:\WINDOWS\system32;C:\WINDOWS;C:\WINDOWS\System32\Wbem;C:\WINDOWS\System32\WindowsPowerShell\v1.0\;C:\WINDOWS\System32\OpenSSH\;C:\Program Files\Microsoft SQL Server\Client SDK\ODBC\110\Tools\Binn\;C:\Program Files (x86)\Microsoft SQL Server\120\Tools\Binn\;C:\Program Files\Microsoft SQL Server\120\Tools\Binn\;C:\Program Files\Microsoft SQL Server\120\DTS\Binn\;C:\Program Files (x86)\Microsoft SQL Server\120\Tools\Binn\ManagementStudio\;C:\Program Files (x86)\Microsoft SQL Server\120\DTS\Binn\;C:\Program Files\Git\cmd;C:\srs\flutter_windows_3.3.2-stable\flutter\bin;C:\Users\Wc\AppData\Local\GitHubDesktop\bin;%USERPROFILE%\AppData\Local\Microsoft\WindowsApps;;C:\srs\flutter_windows_3.3.2-stable\flutter\bin\mingit\cmd
USERNAME=Wc
OS=Windows_NT
PROCESSOR_IDENTIFIER=Intel64 Family 6 Model 58 Stepping 9, GenuineIntel



---------------  S Y S T E M  ---------------

OS: Windows 10 , 64 bit Build 19041 (10.0.19041.2364)
OS uptime: 0 days 4:07 hours

CPU:total 4 (initial active 4) (2 cores per cpu, 2 threads per core) family 6 model 58 stepping 9 microcode 0x21, cmov, cx8, fxsr, mmx, sse, sse2, sse3, ssse3, sse4.1, sse4.2, popcnt, avx, aes, clmul, erms, ht, tsc, tscinvbit, tscinv

Memory: 4k page, system-wide physical 3980M (660M free)
TotalPageFile size 14688M (AvailPageFile size 5993M)
current process WorkingSet (physical memory assigned to process): 224M, peak: 582M
current process commit charge ("private bytes"): 635M, peak: 701M

vm_info: OpenJDK 64-Bit Server VM (11.0.13+0-b1751.21-8125866) for windows-amd64 JRE (11.0.13+0-b1751.21-8125866), built on Feb  2 2022 03:00:22 by "builder" with MS VC++ 14.0 (VS2015)

END.
